[2025-03-24T12:34:58.532+0000] {local_task_job_runner.py:123} INFO - ::group::Pre task execution logs
[2025-03-24T12:34:58.617+0000] {taskinstance.py:2614} INFO - Dependencies all met for dep_context=non-requeueable deps ti=<TaskInstance: data_ingestion_postgres_dag.download_source_data scheduled__2024-04-02T06:00:00+00:00 [queued]>
[2025-03-24T12:34:58.680+0000] {taskinstance.py:2614} INFO - Dependencies all met for dep_context=requeueable deps ti=<TaskInstance: data_ingestion_postgres_dag.download_source_data scheduled__2024-04-02T06:00:00+00:00 [queued]>
[2025-03-24T12:34:58.681+0000] {taskinstance.py:2867} INFO - Starting attempt 1 of 1
[2025-03-24T12:34:58.742+0000] {taskinstance.py:2890} INFO - Executing <Task(BashOperator): download_source_data> on 2024-04-02 06:00:00+00:00
[2025-03-24T12:34:58.806+0000] {warnings.py:112} WARNING - /home/***/.local/lib/python3.12/site-packages/***/task/task_runner/standard_task_runner.py:70: DeprecationWarning: This process (pid=3115) is multi-threaded, use of fork() may lead to deadlocks in the child.
  pid = os.fork()

[2025-03-24T12:34:58.809+0000] {standard_task_runner.py:72} INFO - Started process 3146 to run task
[2025-03-24T12:34:58.813+0000] {standard_task_runner.py:104} INFO - Running: ['***', 'tasks', 'run', 'data_ingestion_postgres_dag', 'download_source_data', 'scheduled__2024-04-02T06:00:00+00:00', '--job-id', '119', '--raw', '--subdir', 'DAGS_FOLDER/data_ingestion_postgres_dag.py', '--cfg-path', '/tmp/tmp9ilae8om']
[2025-03-24T12:34:58.844+0000] {standard_task_runner.py:105} INFO - Job 119: Subtask download_source_data
[2025-03-24T12:34:59.228+0000] {task_command.py:467} INFO - Running <TaskInstance: data_ingestion_postgres_dag.download_source_data scheduled__2024-04-02T06:00:00+00:00 [running]> on host 4791d3610749
[2025-03-24T12:35:00.120+0000] {taskinstance.py:3134} INFO - Exporting env vars: AIRFLOW_CTX_DAG_OWNER='***' AIRFLOW_CTX_DAG_ID='data_ingestion_postgres_dag' AIRFLOW_CTX_TASK_ID='download_source_data' AIRFLOW_CTX_EXECUTION_DATE='2024-04-02T06:00:00+00:00' AIRFLOW_CTX_TRY_NUMBER='1' AIRFLOW_CTX_DAG_RUN_ID='scheduled__2024-04-02T06:00:00+00:00'
[2025-03-24T12:35:00.121+0000] {taskinstance.py:732} INFO - ::endgroup::
[2025-03-24T12:35:00.306+0000] {subprocess.py:78} INFO - Tmp dir root location: /tmp
[2025-03-24T12:35:00.344+0000] {subprocess.py:88} INFO - Running command: ['/usr/bin/bash', '-c', 'echo 2024-04']
[2025-03-24T12:35:00.458+0000] {subprocess.py:99} INFO - Output:
[2025-03-24T12:35:00.461+0000] {subprocess.py:106} INFO - 2024-04
[2025-03-24T12:35:00.467+0000] {subprocess.py:110} INFO - Command exited with return code 0
[2025-03-24T12:35:00.599+0000] {taskinstance.py:341} INFO - ::group::Post task execution logs
[2025-03-24T12:35:00.600+0000] {taskinstance.py:353} INFO - Marking task as SUCCESS. dag_id=data_ingestion_postgres_dag, task_id=download_source_data, run_id=scheduled__2024-04-02T06:00:00+00:00, execution_date=20240402T060000, start_date=20250324T123458, end_date=20250324T123500
[2025-03-24T12:35:00.844+0000] {local_task_job_runner.py:266} INFO - Task exited with return code 0
[2025-03-24T12:35:01.119+0000] {taskinstance.py:3901} INFO - 1 downstream tasks scheduled from follow-on schedule check
[2025-03-24T12:35:01.145+0000] {local_task_job_runner.py:245} INFO - ::endgroup::
[2025-03-25T11:09:15.862+0000] {local_task_job_runner.py:123} INFO - ::group::Pre task execution logs
[2025-03-25T11:09:15.923+0000] {taskinstance.py:2614} INFO - Dependencies all met for dep_context=non-requeueable deps ti=<TaskInstance: data_ingestion_postgres_dag.download_source_data scheduled__2024-04-02T06:00:00+00:00 [queued]>
[2025-03-25T11:09:15.948+0000] {taskinstance.py:2614} INFO - Dependencies all met for dep_context=requeueable deps ti=<TaskInstance: data_ingestion_postgres_dag.download_source_data scheduled__2024-04-02T06:00:00+00:00 [queued]>
[2025-03-25T11:09:15.949+0000] {taskinstance.py:2867} INFO - Starting attempt 1 of 1
[2025-03-25T11:09:15.984+0000] {taskinstance.py:2890} INFO - Executing <Task(BashOperator): download_source_data> on 2024-04-02 06:00:00+00:00
[2025-03-25T11:09:16.063+0000] {warnings.py:112} WARNING - /home/***/.local/lib/python3.12/site-packages/***/task/task_runner/standard_task_runner.py:70: DeprecationWarning: This process (pid=88) is multi-threaded, use of fork() may lead to deadlocks in the child.
  pid = os.fork()

[2025-03-25T11:09:16.079+0000] {standard_task_runner.py:72} INFO - Started process 100 to run task
[2025-03-25T11:09:16.113+0000] {standard_task_runner.py:104} INFO - Running: ['***', 'tasks', 'run', 'data_ingestion_postgres_dag', 'download_source_data', 'scheduled__2024-04-02T06:00:00+00:00', '--job-id', '163', '--raw', '--subdir', 'DAGS_FOLDER/data_ingestion_postgres_dag.py', '--cfg-path', '/tmp/tmpxpc56sp1']
[2025-03-25T11:09:16.116+0000] {standard_task_runner.py:105} INFO - Job 163: Subtask download_source_data
[2025-03-25T11:09:16.433+0000] {task_command.py:467} INFO - Running <TaskInstance: data_ingestion_postgres_dag.download_source_data scheduled__2024-04-02T06:00:00+00:00 [running]> on host 4c8ab9810a8c
[2025-03-25T11:09:17.027+0000] {taskinstance.py:3134} INFO - Exporting env vars: AIRFLOW_CTX_DAG_OWNER='***' AIRFLOW_CTX_DAG_ID='data_ingestion_postgres_dag' AIRFLOW_CTX_TASK_ID='download_source_data' AIRFLOW_CTX_EXECUTION_DATE='2024-04-02T06:00:00+00:00' AIRFLOW_CTX_TRY_NUMBER='1' AIRFLOW_CTX_DAG_RUN_ID='scheduled__2024-04-02T06:00:00+00:00'
[2025-03-25T11:09:17.029+0000] {taskinstance.py:732} INFO - ::endgroup::
[2025-03-25T11:09:17.130+0000] {subprocess.py:78} INFO - Tmp dir root location: /tmp
[2025-03-25T11:09:17.146+0000] {subprocess.py:88} INFO - Running command: ['/usr/bin/bash', '-c', 'echo 2024-04']
[2025-03-25T11:09:17.296+0000] {subprocess.py:99} INFO - Output:
[2025-03-25T11:09:17.307+0000] {subprocess.py:106} INFO - 2024-04
[2025-03-25T11:09:17.309+0000] {subprocess.py:110} INFO - Command exited with return code 0
[2025-03-25T11:09:17.410+0000] {taskinstance.py:341} INFO - ::group::Post task execution logs
[2025-03-25T11:09:17.411+0000] {taskinstance.py:353} INFO - Marking task as SUCCESS. dag_id=data_ingestion_postgres_dag, task_id=download_source_data, run_id=scheduled__2024-04-02T06:00:00+00:00, execution_date=20240402T060000, start_date=20250325T110915, end_date=20250325T110917
[2025-03-25T11:09:17.581+0000] {local_task_job_runner.py:266} INFO - Task exited with return code 0
[2025-03-25T11:09:17.734+0000] {taskinstance.py:3901} INFO - 1 downstream tasks scheduled from follow-on schedule check
[2025-03-25T11:09:17.747+0000] {local_task_job_runner.py:245} INFO - ::endgroup::
