[2025-04-02T11:24:40.109+0000] {processor.py:186} INFO - Started process (PID=182) to work on /opt/airflow/dags/data_ingestion_postgres_dag.py
[2025-04-02T11:24:40.111+0000] {processor.py:914} INFO - Processing file /opt/airflow/dags/data_ingestion_postgres_dag.py for tasks to queue
[2025-04-02T11:24:40.114+0000] {logging_mixin.py:190} INFO - [2025-04-02T11:24:40.114+0000] {dagbag.py:588} INFO - Filling up the DagBag from /opt/airflow/dags/data_ingestion_postgres_dag.py
[2025-04-02T11:24:40.152+0000] {processor.py:925} INFO - DAG(s) 'data_ingestion_postgres_dag' retrieved from /opt/airflow/dags/data_ingestion_postgres_dag.py
[2025-04-02T11:24:40.202+0000] {logging_mixin.py:190} INFO - [2025-04-02T11:24:40.202+0000] {dag.py:3239} INFO - Sync 1 DAGs
[2025-04-02T11:24:40.250+0000] {logging_mixin.py:190} INFO - [2025-04-02T11:24:40.249+0000] {dag.py:4180} INFO - Setting next_dagrun for data_ingestion_postgres_dag to 2025-04-02 06:00:00+00:00, run_after=2025-05-02 06:00:00+00:00
[2025-04-02T11:24:40.279+0000] {processor.py:208} INFO - Processing /opt/airflow/dags/data_ingestion_postgres_dag.py took 0.180 seconds
[2025-04-02T11:25:10.516+0000] {processor.py:186} INFO - Started process (PID=191) to work on /opt/airflow/dags/data_ingestion_postgres_dag.py
[2025-04-02T11:25:10.517+0000] {processor.py:914} INFO - Processing file /opt/airflow/dags/data_ingestion_postgres_dag.py for tasks to queue
[2025-04-02T11:25:10.521+0000] {logging_mixin.py:190} INFO - [2025-04-02T11:25:10.521+0000] {dagbag.py:588} INFO - Filling up the DagBag from /opt/airflow/dags/data_ingestion_postgres_dag.py
[2025-04-02T11:25:10.551+0000] {processor.py:925} INFO - DAG(s) 'data_ingestion_postgres_dag' retrieved from /opt/airflow/dags/data_ingestion_postgres_dag.py
[2025-04-02T11:25:10.588+0000] {logging_mixin.py:190} INFO - [2025-04-02T11:25:10.588+0000] {dag.py:3239} INFO - Sync 1 DAGs
[2025-04-02T11:25:10.626+0000] {logging_mixin.py:190} INFO - [2025-04-02T11:25:10.625+0000] {dag.py:4180} INFO - Setting next_dagrun for data_ingestion_postgres_dag to 2025-04-02 06:00:00+00:00, run_after=2025-05-02 06:00:00+00:00
[2025-04-02T11:25:10.657+0000] {processor.py:208} INFO - Processing /opt/airflow/dags/data_ingestion_postgres_dag.py took 0.153 seconds
[2025-04-02T11:25:40.892+0000] {processor.py:186} INFO - Started process (PID=200) to work on /opt/airflow/dags/data_ingestion_postgres_dag.py
[2025-04-02T11:25:40.894+0000] {processor.py:914} INFO - Processing file /opt/airflow/dags/data_ingestion_postgres_dag.py for tasks to queue
[2025-04-02T11:25:40.898+0000] {logging_mixin.py:190} INFO - [2025-04-02T11:25:40.897+0000] {dagbag.py:588} INFO - Filling up the DagBag from /opt/airflow/dags/data_ingestion_postgres_dag.py
[2025-04-02T11:25:40.931+0000] {processor.py:925} INFO - DAG(s) 'data_ingestion_postgres_dag' retrieved from /opt/airflow/dags/data_ingestion_postgres_dag.py
[2025-04-02T11:25:40.970+0000] {logging_mixin.py:190} INFO - [2025-04-02T11:25:40.969+0000] {dag.py:3239} INFO - Sync 1 DAGs
[2025-04-02T11:25:41.297+0000] {logging_mixin.py:190} INFO - [2025-04-02T11:25:41.297+0000] {dag.py:4180} INFO - Setting next_dagrun for data_ingestion_postgres_dag to 2025-04-02 06:00:00+00:00, run_after=2025-05-02 06:00:00+00:00
[2025-04-02T11:25:41.323+0000] {processor.py:208} INFO - Processing /opt/airflow/dags/data_ingestion_postgres_dag.py took 0.441 seconds
[2025-04-02T11:26:11.566+0000] {processor.py:186} INFO - Started process (PID=209) to work on /opt/airflow/dags/data_ingestion_postgres_dag.py
[2025-04-02T11:26:11.567+0000] {processor.py:914} INFO - Processing file /opt/airflow/dags/data_ingestion_postgres_dag.py for tasks to queue
[2025-04-02T11:26:11.571+0000] {logging_mixin.py:190} INFO - [2025-04-02T11:26:11.570+0000] {dagbag.py:588} INFO - Filling up the DagBag from /opt/airflow/dags/data_ingestion_postgres_dag.py
[2025-04-02T11:26:11.604+0000] {processor.py:925} INFO - DAG(s) 'data_ingestion_postgres_dag' retrieved from /opt/airflow/dags/data_ingestion_postgres_dag.py
[2025-04-02T11:26:11.935+0000] {logging_mixin.py:190} INFO - [2025-04-02T11:26:11.935+0000] {dag.py:3239} INFO - Sync 1 DAGs
[2025-04-02T11:26:11.968+0000] {logging_mixin.py:190} INFO - [2025-04-02T11:26:11.967+0000] {dag.py:4180} INFO - Setting next_dagrun for data_ingestion_postgres_dag to 2025-04-02 06:00:00+00:00, run_after=2025-05-02 06:00:00+00:00
[2025-04-02T11:26:11.992+0000] {processor.py:208} INFO - Processing /opt/airflow/dags/data_ingestion_postgres_dag.py took 0.436 seconds
[2025-04-02T11:26:42.257+0000] {processor.py:186} INFO - Started process (PID=219) to work on /opt/airflow/dags/data_ingestion_postgres_dag.py
[2025-04-02T11:26:42.260+0000] {processor.py:914} INFO - Processing file /opt/airflow/dags/data_ingestion_postgres_dag.py for tasks to queue
[2025-04-02T11:26:42.265+0000] {logging_mixin.py:190} INFO - [2025-04-02T11:26:42.264+0000] {dagbag.py:588} INFO - Filling up the DagBag from /opt/airflow/dags/data_ingestion_postgres_dag.py
[2025-04-02T11:26:42.305+0000] {processor.py:925} INFO - DAG(s) 'data_ingestion_postgres_dag' retrieved from /opt/airflow/dags/data_ingestion_postgres_dag.py
[2025-04-02T11:26:42.353+0000] {logging_mixin.py:190} INFO - [2025-04-02T11:26:42.353+0000] {dag.py:3239} INFO - Sync 1 DAGs
[2025-04-02T11:26:42.404+0000] {logging_mixin.py:190} INFO - [2025-04-02T11:26:42.404+0000] {dag.py:4180} INFO - Setting next_dagrun for data_ingestion_postgres_dag to 2025-04-02 06:00:00+00:00, run_after=2025-05-02 06:00:00+00:00
[2025-04-02T11:26:42.435+0000] {processor.py:208} INFO - Processing /opt/airflow/dags/data_ingestion_postgres_dag.py took 0.191 seconds
[2025-04-02T11:27:12.687+0000] {processor.py:186} INFO - Started process (PID=229) to work on /opt/airflow/dags/data_ingestion_postgres_dag.py
[2025-04-02T11:27:12.688+0000] {processor.py:914} INFO - Processing file /opt/airflow/dags/data_ingestion_postgres_dag.py for tasks to queue
[2025-04-02T11:27:12.693+0000] {logging_mixin.py:190} INFO - [2025-04-02T11:27:12.693+0000] {dagbag.py:588} INFO - Filling up the DagBag from /opt/airflow/dags/data_ingestion_postgres_dag.py
[2025-04-02T11:27:12.725+0000] {processor.py:925} INFO - DAG(s) 'data_ingestion_postgres_dag' retrieved from /opt/airflow/dags/data_ingestion_postgres_dag.py
[2025-04-02T11:27:12.761+0000] {logging_mixin.py:190} INFO - [2025-04-02T11:27:12.761+0000] {dag.py:3239} INFO - Sync 1 DAGs
[2025-04-02T11:27:12.797+0000] {logging_mixin.py:190} INFO - [2025-04-02T11:27:12.797+0000] {dag.py:4180} INFO - Setting next_dagrun for data_ingestion_postgres_dag to 2025-04-02 06:00:00+00:00, run_after=2025-05-02 06:00:00+00:00
[2025-04-02T11:27:12.823+0000] {processor.py:208} INFO - Processing /opt/airflow/dags/data_ingestion_postgres_dag.py took 0.150 seconds
[2025-04-02T11:27:43.048+0000] {processor.py:186} INFO - Started process (PID=238) to work on /opt/airflow/dags/data_ingestion_postgres_dag.py
[2025-04-02T11:27:43.050+0000] {processor.py:914} INFO - Processing file /opt/airflow/dags/data_ingestion_postgres_dag.py for tasks to queue
[2025-04-02T11:27:43.054+0000] {logging_mixin.py:190} INFO - [2025-04-02T11:27:43.054+0000] {dagbag.py:588} INFO - Filling up the DagBag from /opt/airflow/dags/data_ingestion_postgres_dag.py
[2025-04-02T11:27:43.084+0000] {processor.py:925} INFO - DAG(s) 'data_ingestion_postgres_dag' retrieved from /opt/airflow/dags/data_ingestion_postgres_dag.py
[2025-04-02T11:27:43.117+0000] {logging_mixin.py:190} INFO - [2025-04-02T11:27:43.117+0000] {dag.py:3239} INFO - Sync 1 DAGs
[2025-04-02T11:27:43.441+0000] {logging_mixin.py:190} INFO - [2025-04-02T11:27:43.441+0000] {dag.py:4180} INFO - Setting next_dagrun for data_ingestion_postgres_dag to 2025-04-02 06:00:00+00:00, run_after=2025-05-02 06:00:00+00:00
[2025-04-02T11:27:43.462+0000] {processor.py:208} INFO - Processing /opt/airflow/dags/data_ingestion_postgres_dag.py took 0.424 seconds
[2025-04-02T11:28:13.591+0000] {processor.py:186} INFO - Started process (PID=248) to work on /opt/airflow/dags/data_ingestion_postgres_dag.py
[2025-04-02T11:28:13.592+0000] {processor.py:914} INFO - Processing file /opt/airflow/dags/data_ingestion_postgres_dag.py for tasks to queue
[2025-04-02T11:28:13.596+0000] {logging_mixin.py:190} INFO - [2025-04-02T11:28:13.595+0000] {dagbag.py:588} INFO - Filling up the DagBag from /opt/airflow/dags/data_ingestion_postgres_dag.py
[2025-04-02T11:28:13.625+0000] {processor.py:925} INFO - DAG(s) 'data_ingestion_postgres_dag' retrieved from /opt/airflow/dags/data_ingestion_postgres_dag.py
[2025-04-02T11:28:13.977+0000] {logging_mixin.py:190} INFO - [2025-04-02T11:28:13.976+0000] {dag.py:3239} INFO - Sync 1 DAGs
[2025-04-02T11:28:14.010+0000] {logging_mixin.py:190} INFO - [2025-04-02T11:28:14.010+0000] {dag.py:4180} INFO - Setting next_dagrun for data_ingestion_postgres_dag to 2025-04-02 06:00:00+00:00, run_after=2025-05-02 06:00:00+00:00
[2025-04-02T11:28:14.034+0000] {processor.py:208} INFO - Processing /opt/airflow/dags/data_ingestion_postgres_dag.py took 0.453 seconds
[2025-04-02T11:28:44.746+0000] {processor.py:186} INFO - Started process (PID=258) to work on /opt/airflow/dags/data_ingestion_postgres_dag.py
[2025-04-02T11:28:44.748+0000] {processor.py:914} INFO - Processing file /opt/airflow/dags/data_ingestion_postgres_dag.py for tasks to queue
[2025-04-02T11:28:44.752+0000] {logging_mixin.py:190} INFO - [2025-04-02T11:28:44.752+0000] {dagbag.py:588} INFO - Filling up the DagBag from /opt/airflow/dags/data_ingestion_postgres_dag.py
[2025-04-02T11:28:44.783+0000] {processor.py:925} INFO - DAG(s) 'data_ingestion_postgres_dag' retrieved from /opt/airflow/dags/data_ingestion_postgres_dag.py
[2025-04-02T11:28:44.816+0000] {logging_mixin.py:190} INFO - [2025-04-02T11:28:44.816+0000] {dag.py:3239} INFO - Sync 1 DAGs
[2025-04-02T11:28:44.855+0000] {logging_mixin.py:190} INFO - [2025-04-02T11:28:44.855+0000] {dag.py:4180} INFO - Setting next_dagrun for data_ingestion_postgres_dag to 2025-04-02 06:00:00+00:00, run_after=2025-05-02 06:00:00+00:00
[2025-04-02T11:28:44.879+0000] {processor.py:208} INFO - Processing /opt/airflow/dags/data_ingestion_postgres_dag.py took 0.144 seconds
[2025-04-02T11:29:15.225+0000] {processor.py:186} INFO - Started process (PID=267) to work on /opt/airflow/dags/data_ingestion_postgres_dag.py
[2025-04-02T11:29:15.227+0000] {processor.py:914} INFO - Processing file /opt/airflow/dags/data_ingestion_postgres_dag.py for tasks to queue
[2025-04-02T11:29:15.231+0000] {logging_mixin.py:190} INFO - [2025-04-02T11:29:15.230+0000] {dagbag.py:588} INFO - Filling up the DagBag from /opt/airflow/dags/data_ingestion_postgres_dag.py
[2025-04-02T11:29:15.260+0000] {processor.py:925} INFO - DAG(s) 'data_ingestion_postgres_dag' retrieved from /opt/airflow/dags/data_ingestion_postgres_dag.py
[2025-04-02T11:29:15.293+0000] {logging_mixin.py:190} INFO - [2025-04-02T11:29:15.293+0000] {dag.py:3239} INFO - Sync 1 DAGs
[2025-04-02T11:29:15.327+0000] {logging_mixin.py:190} INFO - [2025-04-02T11:29:15.326+0000] {dag.py:4180} INFO - Setting next_dagrun for data_ingestion_postgres_dag to 2025-04-02 06:00:00+00:00, run_after=2025-05-02 06:00:00+00:00
[2025-04-02T11:29:15.352+0000] {processor.py:208} INFO - Processing /opt/airflow/dags/data_ingestion_postgres_dag.py took 0.137 seconds
[2025-04-02T11:29:45.909+0000] {processor.py:186} INFO - Started process (PID=276) to work on /opt/airflow/dags/data_ingestion_postgres_dag.py
[2025-04-02T11:29:45.911+0000] {processor.py:914} INFO - Processing file /opt/airflow/dags/data_ingestion_postgres_dag.py for tasks to queue
[2025-04-02T11:29:45.915+0000] {logging_mixin.py:190} INFO - [2025-04-02T11:29:45.914+0000] {dagbag.py:588} INFO - Filling up the DagBag from /opt/airflow/dags/data_ingestion_postgres_dag.py
[2025-04-02T11:29:45.946+0000] {processor.py:925} INFO - DAG(s) 'data_ingestion_postgres_dag' retrieved from /opt/airflow/dags/data_ingestion_postgres_dag.py
[2025-04-02T11:29:45.980+0000] {logging_mixin.py:190} INFO - [2025-04-02T11:29:45.979+0000] {dag.py:3239} INFO - Sync 1 DAGs
[2025-04-02T11:29:46.299+0000] {logging_mixin.py:190} INFO - [2025-04-02T11:29:46.299+0000] {dag.py:4180} INFO - Setting next_dagrun for data_ingestion_postgres_dag to 2025-04-02 06:00:00+00:00, run_after=2025-05-02 06:00:00+00:00
[2025-04-02T11:29:46.322+0000] {processor.py:208} INFO - Processing /opt/airflow/dags/data_ingestion_postgres_dag.py took 0.424 seconds
[2025-04-02T11:30:16.663+0000] {processor.py:186} INFO - Started process (PID=285) to work on /opt/airflow/dags/data_ingestion_postgres_dag.py
[2025-04-02T11:30:16.665+0000] {processor.py:914} INFO - Processing file /opt/airflow/dags/data_ingestion_postgres_dag.py for tasks to queue
[2025-04-02T11:30:16.669+0000] {logging_mixin.py:190} INFO - [2025-04-02T11:30:16.668+0000] {dagbag.py:588} INFO - Filling up the DagBag from /opt/airflow/dags/data_ingestion_postgres_dag.py
[2025-04-02T11:30:16.699+0000] {processor.py:925} INFO - DAG(s) 'data_ingestion_postgres_dag' retrieved from /opt/airflow/dags/data_ingestion_postgres_dag.py
[2025-04-02T11:30:17.023+0000] {logging_mixin.py:190} INFO - [2025-04-02T11:30:17.023+0000] {dag.py:3239} INFO - Sync 1 DAGs
[2025-04-02T11:30:17.052+0000] {logging_mixin.py:190} INFO - [2025-04-02T11:30:17.052+0000] {dag.py:4180} INFO - Setting next_dagrun for data_ingestion_postgres_dag to 2025-04-02 06:00:00+00:00, run_after=2025-05-02 06:00:00+00:00
[2025-04-02T11:30:17.074+0000] {processor.py:208} INFO - Processing /opt/airflow/dags/data_ingestion_postgres_dag.py took 0.421 seconds
[2025-04-02T11:30:47.327+0000] {processor.py:186} INFO - Started process (PID=294) to work on /opt/airflow/dags/data_ingestion_postgres_dag.py
[2025-04-02T11:30:47.363+0000] {processor.py:914} INFO - Processing file /opt/airflow/dags/data_ingestion_postgres_dag.py for tasks to queue
[2025-04-02T11:30:47.367+0000] {logging_mixin.py:190} INFO - [2025-04-02T11:30:47.366+0000] {dagbag.py:588} INFO - Filling up the DagBag from /opt/airflow/dags/data_ingestion_postgres_dag.py
[2025-04-02T11:30:47.401+0000] {processor.py:925} INFO - DAG(s) 'data_ingestion_postgres_dag' retrieved from /opt/airflow/dags/data_ingestion_postgres_dag.py
[2025-04-02T11:30:47.722+0000] {logging_mixin.py:190} INFO - [2025-04-02T11:30:47.722+0000] {dag.py:3239} INFO - Sync 1 DAGs
[2025-04-02T11:30:47.752+0000] {logging_mixin.py:190} INFO - [2025-04-02T11:30:47.751+0000] {dag.py:4180} INFO - Setting next_dagrun for data_ingestion_postgres_dag to 2025-04-02 06:00:00+00:00, run_after=2025-05-02 06:00:00+00:00
[2025-04-02T11:30:47.772+0000] {processor.py:208} INFO - Processing /opt/airflow/dags/data_ingestion_postgres_dag.py took 0.455 seconds
[2025-04-02T11:31:18.163+0000] {processor.py:186} INFO - Started process (PID=313) to work on /opt/airflow/dags/data_ingestion_postgres_dag.py
[2025-04-02T11:31:18.167+0000] {processor.py:914} INFO - Processing file /opt/airflow/dags/data_ingestion_postgres_dag.py for tasks to queue
[2025-04-02T11:31:18.174+0000] {logging_mixin.py:190} INFO - [2025-04-02T11:31:18.174+0000] {dagbag.py:588} INFO - Filling up the DagBag from /opt/airflow/dags/data_ingestion_postgres_dag.py
[2025-04-02T11:31:18.224+0000] {processor.py:925} INFO - DAG(s) 'data_ingestion_postgres_dag' retrieved from /opt/airflow/dags/data_ingestion_postgres_dag.py
[2025-04-02T11:31:18.292+0000] {logging_mixin.py:190} INFO - [2025-04-02T11:31:18.292+0000] {dag.py:3239} INFO - Sync 1 DAGs
[2025-04-02T11:31:18.341+0000] {logging_mixin.py:190} INFO - [2025-04-02T11:31:18.341+0000] {dag.py:4180} INFO - Setting next_dagrun for data_ingestion_postgres_dag to 2025-04-02 06:00:00+00:00, run_after=2025-05-02 06:00:00+00:00
[2025-04-02T11:31:18.378+0000] {processor.py:208} INFO - Processing /opt/airflow/dags/data_ingestion_postgres_dag.py took 0.239 seconds
[2025-04-02T11:31:48.783+0000] {processor.py:186} INFO - Started process (PID=335) to work on /opt/airflow/dags/data_ingestion_postgres_dag.py
[2025-04-02T11:31:48.787+0000] {processor.py:914} INFO - Processing file /opt/airflow/dags/data_ingestion_postgres_dag.py for tasks to queue
[2025-04-02T11:31:48.791+0000] {logging_mixin.py:190} INFO - [2025-04-02T11:31:48.791+0000] {dagbag.py:588} INFO - Filling up the DagBag from /opt/airflow/dags/data_ingestion_postgres_dag.py
[2025-04-02T11:31:48.821+0000] {processor.py:925} INFO - DAG(s) 'data_ingestion_postgres_dag' retrieved from /opt/airflow/dags/data_ingestion_postgres_dag.py
[2025-04-02T11:31:48.862+0000] {logging_mixin.py:190} INFO - [2025-04-02T11:31:48.861+0000] {dag.py:3239} INFO - Sync 1 DAGs
[2025-04-02T11:31:48.907+0000] {logging_mixin.py:190} INFO - [2025-04-02T11:31:48.907+0000] {dag.py:4180} INFO - Setting next_dagrun for data_ingestion_postgres_dag to 2025-04-02 06:00:00+00:00, run_after=2025-05-02 06:00:00+00:00
[2025-04-02T11:31:49.218+0000] {processor.py:208} INFO - Processing /opt/airflow/dags/data_ingestion_postgres_dag.py took 0.447 seconds
[2025-04-02T11:32:19.717+0000] {processor.py:186} INFO - Started process (PID=353) to work on /opt/airflow/dags/data_ingestion_postgres_dag.py
[2025-04-02T11:32:19.719+0000] {processor.py:914} INFO - Processing file /opt/airflow/dags/data_ingestion_postgres_dag.py for tasks to queue
[2025-04-02T11:32:19.724+0000] {logging_mixin.py:190} INFO - [2025-04-02T11:32:19.723+0000] {dagbag.py:588} INFO - Filling up the DagBag from /opt/airflow/dags/data_ingestion_postgres_dag.py
[2025-04-02T11:32:19.764+0000] {processor.py:925} INFO - DAG(s) 'data_ingestion_postgres_dag' retrieved from /opt/airflow/dags/data_ingestion_postgres_dag.py
[2025-04-02T11:32:19.810+0000] {logging_mixin.py:190} INFO - [2025-04-02T11:32:19.809+0000] {dag.py:3239} INFO - Sync 1 DAGs
[2025-04-02T11:32:20.252+0000] {logging_mixin.py:190} INFO - [2025-04-02T11:32:20.251+0000] {dag.py:4180} INFO - Setting next_dagrun for data_ingestion_postgres_dag to 2025-04-02 06:00:00+00:00, run_after=2025-05-02 06:00:00+00:00
[2025-04-02T11:32:20.396+0000] {processor.py:208} INFO - Processing /opt/airflow/dags/data_ingestion_postgres_dag.py took 0.691 seconds
[2025-04-02T11:32:51.021+0000] {processor.py:186} INFO - Started process (PID=366) to work on /opt/airflow/dags/data_ingestion_postgres_dag.py
[2025-04-02T11:32:51.022+0000] {processor.py:914} INFO - Processing file /opt/airflow/dags/data_ingestion_postgres_dag.py for tasks to queue
[2025-04-02T11:32:51.026+0000] {logging_mixin.py:190} INFO - [2025-04-02T11:32:51.026+0000] {dagbag.py:588} INFO - Filling up the DagBag from /opt/airflow/dags/data_ingestion_postgres_dag.py
[2025-04-02T11:32:51.056+0000] {processor.py:925} INFO - DAG(s) 'data_ingestion_postgres_dag' retrieved from /opt/airflow/dags/data_ingestion_postgres_dag.py
[2025-04-02T11:32:51.383+0000] {logging_mixin.py:190} INFO - [2025-04-02T11:32:51.382+0000] {dag.py:3239} INFO - Sync 1 DAGs
[2025-04-02T11:32:51.412+0000] {logging_mixin.py:190} INFO - [2025-04-02T11:32:51.412+0000] {dag.py:4180} INFO - Setting next_dagrun for data_ingestion_postgres_dag to 2025-04-02 06:00:00+00:00, run_after=2025-05-02 06:00:00+00:00
[2025-04-02T11:32:51.435+0000] {processor.py:208} INFO - Processing /opt/airflow/dags/data_ingestion_postgres_dag.py took 0.424 seconds
[2025-04-02T11:33:22.332+0000] {processor.py:186} INFO - Started process (PID=374) to work on /opt/airflow/dags/data_ingestion_postgres_dag.py
[2025-04-02T11:33:22.363+0000] {processor.py:914} INFO - Processing file /opt/airflow/dags/data_ingestion_postgres_dag.py for tasks to queue
[2025-04-02T11:33:22.367+0000] {logging_mixin.py:190} INFO - [2025-04-02T11:33:22.366+0000] {dagbag.py:588} INFO - Filling up the DagBag from /opt/airflow/dags/data_ingestion_postgres_dag.py
[2025-04-02T11:33:22.396+0000] {processor.py:925} INFO - DAG(s) 'data_ingestion_postgres_dag' retrieved from /opt/airflow/dags/data_ingestion_postgres_dag.py
[2025-04-02T11:33:22.431+0000] {logging_mixin.py:190} INFO - [2025-04-02T11:33:22.430+0000] {dag.py:3239} INFO - Sync 1 DAGs
[2025-04-02T11:33:22.469+0000] {logging_mixin.py:190} INFO - [2025-04-02T11:33:22.468+0000] {dag.py:4180} INFO - Setting next_dagrun for data_ingestion_postgres_dag to 2025-04-02 06:00:00+00:00, run_after=2025-05-02 06:00:00+00:00
[2025-04-02T11:33:22.494+0000] {processor.py:208} INFO - Processing /opt/airflow/dags/data_ingestion_postgres_dag.py took 0.172 seconds
[2025-04-02T11:33:52.838+0000] {processor.py:186} INFO - Started process (PID=383) to work on /opt/airflow/dags/data_ingestion_postgres_dag.py
[2025-04-02T11:33:52.839+0000] {processor.py:914} INFO - Processing file /opt/airflow/dags/data_ingestion_postgres_dag.py for tasks to queue
[2025-04-02T11:33:52.843+0000] {logging_mixin.py:190} INFO - [2025-04-02T11:33:52.843+0000] {dagbag.py:588} INFO - Filling up the DagBag from /opt/airflow/dags/data_ingestion_postgres_dag.py
[2025-04-02T11:33:52.876+0000] {processor.py:925} INFO - DAG(s) 'data_ingestion_postgres_dag' retrieved from /opt/airflow/dags/data_ingestion_postgres_dag.py
[2025-04-02T11:33:52.907+0000] {logging_mixin.py:190} INFO - [2025-04-02T11:33:52.907+0000] {dag.py:3239} INFO - Sync 1 DAGs
[2025-04-02T11:33:52.941+0000] {logging_mixin.py:190} INFO - [2025-04-02T11:33:52.941+0000] {dag.py:4180} INFO - Setting next_dagrun for data_ingestion_postgres_dag to 2025-04-02 06:00:00+00:00, run_after=2025-05-02 06:00:00+00:00
[2025-04-02T11:33:53.278+0000] {processor.py:208} INFO - Processing /opt/airflow/dags/data_ingestion_postgres_dag.py took 0.450 seconds
[2025-04-02T11:34:23.538+0000] {processor.py:186} INFO - Started process (PID=392) to work on /opt/airflow/dags/data_ingestion_postgres_dag.py
[2025-04-02T11:34:23.563+0000] {processor.py:914} INFO - Processing file /opt/airflow/dags/data_ingestion_postgres_dag.py for tasks to queue
[2025-04-02T11:34:23.567+0000] {logging_mixin.py:190} INFO - [2025-04-02T11:34:23.567+0000] {dagbag.py:588} INFO - Filling up the DagBag from /opt/airflow/dags/data_ingestion_postgres_dag.py
[2025-04-02T11:34:23.597+0000] {processor.py:925} INFO - DAG(s) 'data_ingestion_postgres_dag' retrieved from /opt/airflow/dags/data_ingestion_postgres_dag.py
[2025-04-02T11:34:23.630+0000] {logging_mixin.py:190} INFO - [2025-04-02T11:34:23.630+0000] {dag.py:3239} INFO - Sync 1 DAGs
[2025-04-02T11:34:23.956+0000] {logging_mixin.py:190} INFO - [2025-04-02T11:34:23.956+0000] {dag.py:4180} INFO - Setting next_dagrun for data_ingestion_postgres_dag to 2025-04-02 06:00:00+00:00, run_after=2025-05-02 06:00:00+00:00
[2025-04-02T11:34:23.978+0000] {processor.py:208} INFO - Processing /opt/airflow/dags/data_ingestion_postgres_dag.py took 0.450 seconds
[2025-04-02T11:34:54.615+0000] {processor.py:186} INFO - Started process (PID=402) to work on /opt/airflow/dags/data_ingestion_postgres_dag.py
[2025-04-02T11:34:54.617+0000] {processor.py:914} INFO - Processing file /opt/airflow/dags/data_ingestion_postgres_dag.py for tasks to queue
[2025-04-02T11:34:54.620+0000] {logging_mixin.py:190} INFO - [2025-04-02T11:34:54.620+0000] {dagbag.py:588} INFO - Filling up the DagBag from /opt/airflow/dags/data_ingestion_postgres_dag.py
[2025-04-02T11:34:54.650+0000] {processor.py:925} INFO - DAG(s) 'data_ingestion_postgres_dag' retrieved from /opt/airflow/dags/data_ingestion_postgres_dag.py
[2025-04-02T11:34:54.982+0000] {logging_mixin.py:190} INFO - [2025-04-02T11:34:54.982+0000] {dag.py:3239} INFO - Sync 1 DAGs
[2025-04-02T11:34:55.012+0000] {logging_mixin.py:190} INFO - [2025-04-02T11:34:55.012+0000] {dag.py:4180} INFO - Setting next_dagrun for data_ingestion_postgres_dag to 2025-04-02 06:00:00+00:00, run_after=2025-05-02 06:00:00+00:00
[2025-04-02T11:34:55.034+0000] {processor.py:208} INFO - Processing /opt/airflow/dags/data_ingestion_postgres_dag.py took 0.429 seconds
[2025-04-02T11:35:25.311+0000] {processor.py:186} INFO - Started process (PID=410) to work on /opt/airflow/dags/data_ingestion_postgres_dag.py
[2025-04-02T11:35:25.313+0000] {processor.py:914} INFO - Processing file /opt/airflow/dags/data_ingestion_postgres_dag.py for tasks to queue
[2025-04-02T11:35:25.317+0000] {logging_mixin.py:190} INFO - [2025-04-02T11:35:25.316+0000] {dagbag.py:588} INFO - Filling up the DagBag from /opt/airflow/dags/data_ingestion_postgres_dag.py
[2025-04-02T11:35:25.347+0000] {processor.py:925} INFO - DAG(s) 'data_ingestion_postgres_dag' retrieved from /opt/airflow/dags/data_ingestion_postgres_dag.py
[2025-04-02T11:35:25.384+0000] {logging_mixin.py:190} INFO - [2025-04-02T11:35:25.383+0000] {dag.py:3239} INFO - Sync 1 DAGs
[2025-04-02T11:35:25.420+0000] {logging_mixin.py:190} INFO - [2025-04-02T11:35:25.419+0000] {dag.py:4180} INFO - Setting next_dagrun for data_ingestion_postgres_dag to 2025-04-02 06:00:00+00:00, run_after=2025-05-02 06:00:00+00:00
[2025-04-02T11:35:25.445+0000] {processor.py:208} INFO - Processing /opt/airflow/dags/data_ingestion_postgres_dag.py took 0.144 seconds
[2025-04-02T11:35:55.689+0000] {processor.py:186} INFO - Started process (PID=419) to work on /opt/airflow/dags/data_ingestion_postgres_dag.py
[2025-04-02T11:35:55.690+0000] {processor.py:914} INFO - Processing file /opt/airflow/dags/data_ingestion_postgres_dag.py for tasks to queue
[2025-04-02T11:35:55.694+0000] {logging_mixin.py:190} INFO - [2025-04-02T11:35:55.693+0000] {dagbag.py:588} INFO - Filling up the DagBag from /opt/airflow/dags/data_ingestion_postgres_dag.py
[2025-04-02T11:35:55.723+0000] {processor.py:925} INFO - DAG(s) 'data_ingestion_postgres_dag' retrieved from /opt/airflow/dags/data_ingestion_postgres_dag.py
[2025-04-02T11:35:55.757+0000] {logging_mixin.py:190} INFO - [2025-04-02T11:35:55.757+0000] {dag.py:3239} INFO - Sync 1 DAGs
[2025-04-02T11:35:55.792+0000] {logging_mixin.py:190} INFO - [2025-04-02T11:35:55.791+0000] {dag.py:4180} INFO - Setting next_dagrun for data_ingestion_postgres_dag to 2025-04-02 06:00:00+00:00, run_after=2025-05-02 06:00:00+00:00
[2025-04-02T11:35:55.819+0000] {processor.py:208} INFO - Processing /opt/airflow/dags/data_ingestion_postgres_dag.py took 0.141 seconds
[2025-04-02T11:36:26.193+0000] {processor.py:186} INFO - Started process (PID=428) to work on /opt/airflow/dags/data_ingestion_postgres_dag.py
[2025-04-02T11:36:26.195+0000] {processor.py:914} INFO - Processing file /opt/airflow/dags/data_ingestion_postgres_dag.py for tasks to queue
[2025-04-02T11:36:26.199+0000] {logging_mixin.py:190} INFO - [2025-04-02T11:36:26.198+0000] {dagbag.py:588} INFO - Filling up the DagBag from /opt/airflow/dags/data_ingestion_postgres_dag.py
[2025-04-02T11:36:26.229+0000] {processor.py:925} INFO - DAG(s) 'data_ingestion_postgres_dag' retrieved from /opt/airflow/dags/data_ingestion_postgres_dag.py
[2025-04-02T11:36:26.261+0000] {logging_mixin.py:190} INFO - [2025-04-02T11:36:26.261+0000] {dag.py:3239} INFO - Sync 1 DAGs
[2025-04-02T11:36:26.602+0000] {logging_mixin.py:190} INFO - [2025-04-02T11:36:26.601+0000] {dag.py:4180} INFO - Setting next_dagrun for data_ingestion_postgres_dag to 2025-04-02 06:00:00+00:00, run_after=2025-05-02 06:00:00+00:00
[2025-04-02T11:36:26.623+0000] {processor.py:208} INFO - Processing /opt/airflow/dags/data_ingestion_postgres_dag.py took 0.440 seconds
[2025-04-02T11:36:56.895+0000] {processor.py:186} INFO - Started process (PID=436) to work on /opt/airflow/dags/data_ingestion_postgres_dag.py
[2025-04-02T11:36:56.897+0000] {processor.py:914} INFO - Processing file /opt/airflow/dags/data_ingestion_postgres_dag.py for tasks to queue
[2025-04-02T11:36:56.901+0000] {logging_mixin.py:190} INFO - [2025-04-02T11:36:56.900+0000] {dagbag.py:588} INFO - Filling up the DagBag from /opt/airflow/dags/data_ingestion_postgres_dag.py
[2025-04-02T11:36:56.930+0000] {processor.py:925} INFO - DAG(s) 'data_ingestion_postgres_dag' retrieved from /opt/airflow/dags/data_ingestion_postgres_dag.py
[2025-04-02T11:36:56.969+0000] {logging_mixin.py:190} INFO - [2025-04-02T11:36:56.968+0000] {dag.py:3239} INFO - Sync 1 DAGs
[2025-04-02T11:36:57.292+0000] {logging_mixin.py:190} INFO - [2025-04-02T11:36:57.292+0000] {dag.py:4180} INFO - Setting next_dagrun for data_ingestion_postgres_dag to 2025-04-02 06:00:00+00:00, run_after=2025-05-02 06:00:00+00:00
[2025-04-02T11:36:57.316+0000] {processor.py:208} INFO - Processing /opt/airflow/dags/data_ingestion_postgres_dag.py took 0.431 seconds
[2025-04-02T11:37:27.980+0000] {processor.py:186} INFO - Started process (PID=445) to work on /opt/airflow/dags/data_ingestion_postgres_dag.py
[2025-04-02T11:37:27.982+0000] {processor.py:914} INFO - Processing file /opt/airflow/dags/data_ingestion_postgres_dag.py for tasks to queue
[2025-04-02T11:37:27.986+0000] {logging_mixin.py:190} INFO - [2025-04-02T11:37:27.985+0000] {dagbag.py:588} INFO - Filling up the DagBag from /opt/airflow/dags/data_ingestion_postgres_dag.py
[2025-04-02T11:37:28.016+0000] {processor.py:925} INFO - DAG(s) 'data_ingestion_postgres_dag' retrieved from /opt/airflow/dags/data_ingestion_postgres_dag.py
[2025-04-02T11:37:28.387+0000] {logging_mixin.py:190} INFO - [2025-04-02T11:37:28.387+0000] {dag.py:3239} INFO - Sync 1 DAGs
[2025-04-02T11:37:28.417+0000] {logging_mixin.py:190} INFO - [2025-04-02T11:37:28.417+0000] {dag.py:4180} INFO - Setting next_dagrun for data_ingestion_postgres_dag to 2025-04-02 06:00:00+00:00, run_after=2025-05-02 06:00:00+00:00
[2025-04-02T11:37:28.439+0000] {processor.py:208} INFO - Processing /opt/airflow/dags/data_ingestion_postgres_dag.py took 0.469 seconds
[2025-04-02T11:37:58.697+0000] {processor.py:186} INFO - Started process (PID=454) to work on /opt/airflow/dags/data_ingestion_postgres_dag.py
[2025-04-02T11:37:58.698+0000] {processor.py:914} INFO - Processing file /opt/airflow/dags/data_ingestion_postgres_dag.py for tasks to queue
[2025-04-02T11:37:58.702+0000] {logging_mixin.py:190} INFO - [2025-04-02T11:37:58.702+0000] {dagbag.py:588} INFO - Filling up the DagBag from /opt/airflow/dags/data_ingestion_postgres_dag.py
[2025-04-02T11:37:58.733+0000] {processor.py:925} INFO - DAG(s) 'data_ingestion_postgres_dag' retrieved from /opt/airflow/dags/data_ingestion_postgres_dag.py
[2025-04-02T11:37:58.769+0000] {logging_mixin.py:190} INFO - [2025-04-02T11:37:58.769+0000] {dag.py:3239} INFO - Sync 1 DAGs
[2025-04-02T11:37:58.805+0000] {logging_mixin.py:190} INFO - [2025-04-02T11:37:58.805+0000] {dag.py:4180} INFO - Setting next_dagrun for data_ingestion_postgres_dag to 2025-04-02 06:00:00+00:00, run_after=2025-05-02 06:00:00+00:00
[2025-04-02T11:37:58.830+0000] {processor.py:208} INFO - Processing /opt/airflow/dags/data_ingestion_postgres_dag.py took 0.143 seconds
[2025-04-02T11:38:29.180+0000] {processor.py:186} INFO - Started process (PID=463) to work on /opt/airflow/dags/data_ingestion_postgres_dag.py
[2025-04-02T11:38:29.182+0000] {processor.py:914} INFO - Processing file /opt/airflow/dags/data_ingestion_postgres_dag.py for tasks to queue
[2025-04-02T11:38:29.186+0000] {logging_mixin.py:190} INFO - [2025-04-02T11:38:29.186+0000] {dagbag.py:588} INFO - Filling up the DagBag from /opt/airflow/dags/data_ingestion_postgres_dag.py
[2025-04-02T11:38:29.219+0000] {processor.py:925} INFO - DAG(s) 'data_ingestion_postgres_dag' retrieved from /opt/airflow/dags/data_ingestion_postgres_dag.py
[2025-04-02T11:38:29.251+0000] {logging_mixin.py:190} INFO - [2025-04-02T11:38:29.251+0000] {dag.py:3239} INFO - Sync 1 DAGs
[2025-04-02T11:38:29.285+0000] {logging_mixin.py:190} INFO - [2025-04-02T11:38:29.284+0000] {dag.py:4180} INFO - Setting next_dagrun for data_ingestion_postgres_dag to 2025-04-02 06:00:00+00:00, run_after=2025-05-02 06:00:00+00:00
[2025-04-02T11:38:29.310+0000] {processor.py:208} INFO - Processing /opt/airflow/dags/data_ingestion_postgres_dag.py took 0.141 seconds
[2025-04-02T11:38:59.881+0000] {processor.py:186} INFO - Started process (PID=472) to work on /opt/airflow/dags/data_ingestion_postgres_dag.py
[2025-04-02T11:38:59.883+0000] {processor.py:914} INFO - Processing file /opt/airflow/dags/data_ingestion_postgres_dag.py for tasks to queue
[2025-04-02T11:38:59.888+0000] {logging_mixin.py:190} INFO - [2025-04-02T11:38:59.887+0000] {dagbag.py:588} INFO - Filling up the DagBag from /opt/airflow/dags/data_ingestion_postgres_dag.py
[2025-04-02T11:38:59.921+0000] {processor.py:925} INFO - DAG(s) 'data_ingestion_postgres_dag' retrieved from /opt/airflow/dags/data_ingestion_postgres_dag.py
[2025-04-02T11:38:59.955+0000] {logging_mixin.py:190} INFO - [2025-04-02T11:38:59.955+0000] {dag.py:3239} INFO - Sync 1 DAGs
[2025-04-02T11:39:00.290+0000] {logging_mixin.py:190} INFO - [2025-04-02T11:39:00.290+0000] {dag.py:4180} INFO - Setting next_dagrun for data_ingestion_postgres_dag to 2025-04-02 06:00:00+00:00, run_after=2025-05-02 06:00:00+00:00
[2025-04-02T11:39:00.312+0000] {processor.py:208} INFO - Processing /opt/airflow/dags/data_ingestion_postgres_dag.py took 0.443 seconds
[2025-04-02T11:39:30.672+0000] {processor.py:186} INFO - Started process (PID=481) to work on /opt/airflow/dags/data_ingestion_postgres_dag.py
[2025-04-02T11:39:30.674+0000] {processor.py:914} INFO - Processing file /opt/airflow/dags/data_ingestion_postgres_dag.py for tasks to queue
[2025-04-02T11:39:30.678+0000] {logging_mixin.py:190} INFO - [2025-04-02T11:39:30.677+0000] {dagbag.py:588} INFO - Filling up the DagBag from /opt/airflow/dags/data_ingestion_postgres_dag.py
[2025-04-02T11:39:30.708+0000] {processor.py:925} INFO - DAG(s) 'data_ingestion_postgres_dag' retrieved from /opt/airflow/dags/data_ingestion_postgres_dag.py
[2025-04-02T11:39:30.743+0000] {logging_mixin.py:190} INFO - [2025-04-02T11:39:30.743+0000] {dag.py:3239} INFO - Sync 1 DAGs
[2025-04-02T11:39:31.074+0000] {logging_mixin.py:190} INFO - [2025-04-02T11:39:31.073+0000] {dag.py:4180} INFO - Setting next_dagrun for data_ingestion_postgres_dag to 2025-04-02 06:00:00+00:00, run_after=2025-05-02 06:00:00+00:00
[2025-04-02T11:39:31.096+0000] {processor.py:208} INFO - Processing /opt/airflow/dags/data_ingestion_postgres_dag.py took 0.435 seconds
[2025-04-02T11:40:01.644+0000] {processor.py:186} INFO - Started process (PID=491) to work on /opt/airflow/dags/data_ingestion_postgres_dag.py
[2025-04-02T11:40:01.645+0000] {processor.py:914} INFO - Processing file /opt/airflow/dags/data_ingestion_postgres_dag.py for tasks to queue
[2025-04-02T11:40:01.649+0000] {logging_mixin.py:190} INFO - [2025-04-02T11:40:01.648+0000] {dagbag.py:588} INFO - Filling up the DagBag from /opt/airflow/dags/data_ingestion_postgres_dag.py
[2025-04-02T11:40:01.680+0000] {processor.py:925} INFO - DAG(s) 'data_ingestion_postgres_dag' retrieved from /opt/airflow/dags/data_ingestion_postgres_dag.py
[2025-04-02T11:40:02.011+0000] {logging_mixin.py:190} INFO - [2025-04-02T11:40:02.011+0000] {dag.py:3239} INFO - Sync 1 DAGs
[2025-04-02T11:40:02.041+0000] {logging_mixin.py:190} INFO - [2025-04-02T11:40:02.041+0000] {dag.py:4180} INFO - Setting next_dagrun for data_ingestion_postgres_dag to 2025-04-02 06:00:00+00:00, run_after=2025-05-02 06:00:00+00:00
[2025-04-02T11:40:02.064+0000] {processor.py:208} INFO - Processing /opt/airflow/dags/data_ingestion_postgres_dag.py took 0.433 seconds
[2025-04-02T11:40:32.420+0000] {processor.py:186} INFO - Started process (PID=500) to work on /opt/airflow/dags/data_ingestion_postgres_dag.py
[2025-04-02T11:40:32.422+0000] {processor.py:914} INFO - Processing file /opt/airflow/dags/data_ingestion_postgres_dag.py for tasks to queue
[2025-04-02T11:40:32.426+0000] {logging_mixin.py:190} INFO - [2025-04-02T11:40:32.426+0000] {dagbag.py:588} INFO - Filling up the DagBag from /opt/airflow/dags/data_ingestion_postgres_dag.py
[2025-04-02T11:40:32.458+0000] {processor.py:925} INFO - DAG(s) 'data_ingestion_postgres_dag' retrieved from /opt/airflow/dags/data_ingestion_postgres_dag.py
[2025-04-02T11:40:32.494+0000] {logging_mixin.py:190} INFO - [2025-04-02T11:40:32.494+0000] {dag.py:3239} INFO - Sync 1 DAGs
[2025-04-02T11:40:32.528+0000] {logging_mixin.py:190} INFO - [2025-04-02T11:40:32.527+0000] {dag.py:4180} INFO - Setting next_dagrun for data_ingestion_postgres_dag to 2025-04-02 06:00:00+00:00, run_after=2025-05-02 06:00:00+00:00
[2025-04-02T11:40:32.553+0000] {processor.py:208} INFO - Processing /opt/airflow/dags/data_ingestion_postgres_dag.py took 0.144 seconds
[2025-04-02T11:41:02.805+0000] {processor.py:186} INFO - Started process (PID=509) to work on /opt/airflow/dags/data_ingestion_postgres_dag.py
[2025-04-02T11:41:02.807+0000] {processor.py:914} INFO - Processing file /opt/airflow/dags/data_ingestion_postgres_dag.py for tasks to queue
[2025-04-02T11:41:02.811+0000] {logging_mixin.py:190} INFO - [2025-04-02T11:41:02.810+0000] {dagbag.py:588} INFO - Filling up the DagBag from /opt/airflow/dags/data_ingestion_postgres_dag.py
[2025-04-02T11:41:02.841+0000] {processor.py:925} INFO - DAG(s) 'data_ingestion_postgres_dag' retrieved from /opt/airflow/dags/data_ingestion_postgres_dag.py
[2025-04-02T11:41:02.875+0000] {logging_mixin.py:190} INFO - [2025-04-02T11:41:02.875+0000] {dag.py:3239} INFO - Sync 1 DAGs
[2025-04-02T11:41:02.911+0000] {logging_mixin.py:190} INFO - [2025-04-02T11:41:02.911+0000] {dag.py:4180} INFO - Setting next_dagrun for data_ingestion_postgres_dag to 2025-04-02 06:00:00+00:00, run_after=2025-05-02 06:00:00+00:00
[2025-04-02T11:41:03.231+0000] {processor.py:208} INFO - Processing /opt/airflow/dags/data_ingestion_postgres_dag.py took 0.436 seconds
[2025-04-02T11:41:33.581+0000] {processor.py:186} INFO - Started process (PID=518) to work on /opt/airflow/dags/data_ingestion_postgres_dag.py
[2025-04-02T11:41:33.582+0000] {processor.py:914} INFO - Processing file /opt/airflow/dags/data_ingestion_postgres_dag.py for tasks to queue
[2025-04-02T11:41:33.586+0000] {logging_mixin.py:190} INFO - [2025-04-02T11:41:33.586+0000] {dagbag.py:588} INFO - Filling up the DagBag from /opt/airflow/dags/data_ingestion_postgres_dag.py
[2025-04-02T11:41:33.617+0000] {processor.py:925} INFO - DAG(s) 'data_ingestion_postgres_dag' retrieved from /opt/airflow/dags/data_ingestion_postgres_dag.py
[2025-04-02T11:41:33.651+0000] {logging_mixin.py:190} INFO - [2025-04-02T11:41:33.651+0000] {dag.py:3239} INFO - Sync 1 DAGs
[2025-04-02T11:41:33.979+0000] {logging_mixin.py:190} INFO - [2025-04-02T11:41:33.979+0000] {dag.py:4180} INFO - Setting next_dagrun for data_ingestion_postgres_dag to 2025-04-02 06:00:00+00:00, run_after=2025-05-02 06:00:00+00:00
[2025-04-02T11:41:34.002+0000] {processor.py:208} INFO - Processing /opt/airflow/dags/data_ingestion_postgres_dag.py took 0.432 seconds
