[2025-04-02T11:24:40.097+0000] {processor.py:186} INFO - Started process (PID=181) to work on /opt/airflow/dags/data_ingestion_gcs_parquet_dag.py
[2025-04-02T11:24:40.099+0000] {processor.py:914} INFO - Processing file /opt/airflow/dags/data_ingestion_gcs_parquet_dag.py for tasks to queue
[2025-04-02T11:24:40.103+0000] {logging_mixin.py:190} INFO - [2025-04-02T11:24:40.102+0000] {dagbag.py:588} INFO - Filling up the DagBag from /opt/airflow/dags/data_ingestion_gcs_parquet_dag.py
[2025-04-02T11:24:40.121+0000] {processor.py:925} INFO - DAG(s) 'data_ingestion_gcs_parquet_dag' retrieved from /opt/airflow/dags/data_ingestion_gcs_parquet_dag.py
[2025-04-02T11:24:40.178+0000] {logging_mixin.py:190} INFO - [2025-04-02T11:24:40.177+0000] {dag.py:3239} INFO - Sync 1 DAGs
[2025-04-02T11:24:40.227+0000] {logging_mixin.py:190} INFO - [2025-04-02T11:24:40.227+0000] {dag.py:4180} INFO - Setting next_dagrun for data_ingestion_gcs_parquet_dag to None, run_after=None
[2025-04-02T11:24:40.258+0000] {processor.py:208} INFO - Processing /opt/airflow/dags/data_ingestion_gcs_parquet_dag.py took 0.171 seconds
[2025-04-02T11:25:10.503+0000] {processor.py:186} INFO - Started process (PID=190) to work on /opt/airflow/dags/data_ingestion_gcs_parquet_dag.py
[2025-04-02T11:25:10.504+0000] {processor.py:914} INFO - Processing file /opt/airflow/dags/data_ingestion_gcs_parquet_dag.py for tasks to queue
[2025-04-02T11:25:10.508+0000] {logging_mixin.py:190} INFO - [2025-04-02T11:25:10.508+0000] {dagbag.py:588} INFO - Filling up the DagBag from /opt/airflow/dags/data_ingestion_gcs_parquet_dag.py
[2025-04-02T11:25:10.526+0000] {processor.py:925} INFO - DAG(s) 'data_ingestion_gcs_parquet_dag' retrieved from /opt/airflow/dags/data_ingestion_gcs_parquet_dag.py
[2025-04-02T11:25:10.565+0000] {logging_mixin.py:190} INFO - [2025-04-02T11:25:10.564+0000] {dag.py:3239} INFO - Sync 1 DAGs
[2025-04-02T11:25:10.602+0000] {logging_mixin.py:190} INFO - [2025-04-02T11:25:10.601+0000] {dag.py:4180} INFO - Setting next_dagrun for data_ingestion_gcs_parquet_dag to None, run_after=None
[2025-04-02T11:25:10.628+0000] {processor.py:208} INFO - Processing /opt/airflow/dags/data_ingestion_gcs_parquet_dag.py took 0.136 seconds
[2025-04-02T11:25:40.880+0000] {processor.py:186} INFO - Started process (PID=199) to work on /opt/airflow/dags/data_ingestion_gcs_parquet_dag.py
[2025-04-02T11:25:40.882+0000] {processor.py:914} INFO - Processing file /opt/airflow/dags/data_ingestion_gcs_parquet_dag.py for tasks to queue
[2025-04-02T11:25:40.886+0000] {logging_mixin.py:190} INFO - [2025-04-02T11:25:40.885+0000] {dagbag.py:588} INFO - Filling up the DagBag from /opt/airflow/dags/data_ingestion_gcs_parquet_dag.py
[2025-04-02T11:25:40.904+0000] {processor.py:925} INFO - DAG(s) 'data_ingestion_gcs_parquet_dag' retrieved from /opt/airflow/dags/data_ingestion_gcs_parquet_dag.py
[2025-04-02T11:25:40.943+0000] {logging_mixin.py:190} INFO - [2025-04-02T11:25:40.943+0000] {dag.py:3239} INFO - Sync 1 DAGs
[2025-04-02T11:25:40.984+0000] {logging_mixin.py:190} INFO - [2025-04-02T11:25:40.984+0000] {dag.py:4180} INFO - Setting next_dagrun for data_ingestion_gcs_parquet_dag to None, run_after=None
[2025-04-02T11:25:41.307+0000] {processor.py:208} INFO - Processing /opt/airflow/dags/data_ingestion_gcs_parquet_dag.py took 0.437 seconds
[2025-04-02T11:26:11.552+0000] {processor.py:186} INFO - Started process (PID=208) to work on /opt/airflow/dags/data_ingestion_gcs_parquet_dag.py
[2025-04-02T11:26:11.554+0000] {processor.py:914} INFO - Processing file /opt/airflow/dags/data_ingestion_gcs_parquet_dag.py for tasks to queue
[2025-04-02T11:26:11.558+0000] {logging_mixin.py:190} INFO - [2025-04-02T11:26:11.557+0000] {dagbag.py:588} INFO - Filling up the DagBag from /opt/airflow/dags/data_ingestion_gcs_parquet_dag.py
[2025-04-02T11:26:11.576+0000] {processor.py:925} INFO - DAG(s) 'data_ingestion_gcs_parquet_dag' retrieved from /opt/airflow/dags/data_ingestion_gcs_parquet_dag.py
[2025-04-02T11:26:11.615+0000] {logging_mixin.py:190} INFO - [2025-04-02T11:26:11.614+0000] {dag.py:3239} INFO - Sync 1 DAGs
[2025-04-02T11:26:11.950+0000] {logging_mixin.py:190} INFO - [2025-04-02T11:26:11.949+0000] {dag.py:4180} INFO - Setting next_dagrun for data_ingestion_gcs_parquet_dag to None, run_after=None
[2025-04-02T11:26:11.974+0000] {processor.py:208} INFO - Processing /opt/airflow/dags/data_ingestion_gcs_parquet_dag.py took 0.432 seconds
[2025-04-02T11:26:42.242+0000] {processor.py:186} INFO - Started process (PID=218) to work on /opt/airflow/dags/data_ingestion_gcs_parquet_dag.py
[2025-04-02T11:26:42.260+0000] {processor.py:914} INFO - Processing file /opt/airflow/dags/data_ingestion_gcs_parquet_dag.py for tasks to queue
[2025-04-02T11:26:42.264+0000] {logging_mixin.py:190} INFO - [2025-04-02T11:26:42.264+0000] {dagbag.py:588} INFO - Filling up the DagBag from /opt/airflow/dags/data_ingestion_gcs_parquet_dag.py
[2025-04-02T11:26:42.282+0000] {processor.py:925} INFO - DAG(s) 'data_ingestion_gcs_parquet_dag' retrieved from /opt/airflow/dags/data_ingestion_gcs_parquet_dag.py
[2025-04-02T11:26:42.321+0000] {logging_mixin.py:190} INFO - [2025-04-02T11:26:42.320+0000] {dag.py:3239} INFO - Sync 1 DAGs
[2025-04-02T11:26:42.362+0000] {logging_mixin.py:190} INFO - [2025-04-02T11:26:42.362+0000] {dag.py:4180} INFO - Setting next_dagrun for data_ingestion_gcs_parquet_dag to None, run_after=None
[2025-04-02T11:26:42.389+0000] {processor.py:208} INFO - Processing /opt/airflow/dags/data_ingestion_gcs_parquet_dag.py took 0.159 seconds
[2025-04-02T11:27:12.668+0000] {processor.py:186} INFO - Started process (PID=228) to work on /opt/airflow/dags/data_ingestion_gcs_parquet_dag.py
[2025-04-02T11:27:12.670+0000] {processor.py:914} INFO - Processing file /opt/airflow/dags/data_ingestion_gcs_parquet_dag.py for tasks to queue
[2025-04-02T11:27:12.675+0000] {logging_mixin.py:190} INFO - [2025-04-02T11:27:12.674+0000] {dagbag.py:588} INFO - Filling up the DagBag from /opt/airflow/dags/data_ingestion_gcs_parquet_dag.py
[2025-04-02T11:27:12.698+0000] {processor.py:925} INFO - DAG(s) 'data_ingestion_gcs_parquet_dag' retrieved from /opt/airflow/dags/data_ingestion_gcs_parquet_dag.py
[2025-04-02T11:27:13.354+0000] {logging_mixin.py:190} INFO - [2025-04-02T11:27:13.353+0000] {dag.py:3239} INFO - Sync 1 DAGs
[2025-04-02T11:27:13.368+0000] {logging_mixin.py:190} INFO - [2025-04-02T11:27:13.368+0000] {dag.py:3262} INFO - Creating ORM DAG for data_ingestion_gcs_parquet_dag
[2025-04-02T11:27:13.382+0000] {logging_mixin.py:190} INFO - [2025-04-02T11:27:13.382+0000] {dag.py:4180} INFO - Setting next_dagrun for data_ingestion_gcs_parquet_dag to 2024-01-02 06:00:00+00:00, run_after=2024-02-02 06:00:00+00:00
[2025-04-02T11:27:13.405+0000] {processor.py:208} INFO - Processing /opt/airflow/dags/data_ingestion_gcs_parquet_dag.py took 0.748 seconds
[2025-04-02T11:27:43.508+0000] {processor.py:186} INFO - Started process (PID=239) to work on /opt/airflow/dags/data_ingestion_gcs_parquet_dag.py
[2025-04-02T11:27:43.510+0000] {processor.py:914} INFO - Processing file /opt/airflow/dags/data_ingestion_gcs_parquet_dag.py for tasks to queue
[2025-04-02T11:27:43.514+0000] {logging_mixin.py:190} INFO - [2025-04-02T11:27:43.513+0000] {dagbag.py:588} INFO - Filling up the DagBag from /opt/airflow/dags/data_ingestion_gcs_parquet_dag.py
[2025-04-02T11:27:43.531+0000] {processor.py:925} INFO - DAG(s) 'data_ingestion_gcs_parquet_dag' retrieved from /opt/airflow/dags/data_ingestion_gcs_parquet_dag.py
[2025-04-02T11:27:43.567+0000] {logging_mixin.py:190} INFO - [2025-04-02T11:27:43.566+0000] {dag.py:3239} INFO - Sync 1 DAGs
[2025-04-02T11:27:43.601+0000] {logging_mixin.py:190} INFO - [2025-04-02T11:27:43.600+0000] {dag.py:4180} INFO - Setting next_dagrun for data_ingestion_gcs_parquet_dag to 2024-01-02 06:00:00+00:00, run_after=2024-02-02 06:00:00+00:00
[2025-04-02T11:27:43.923+0000] {processor.py:208} INFO - Processing /opt/airflow/dags/data_ingestion_gcs_parquet_dag.py took 0.424 seconds
[2025-04-02T11:28:03.091+0000] {processor.py:186} INFO - Started process (PID=247) to work on /opt/airflow/dags/data_ingestion_gcs_parquet_dag.py
[2025-04-02T11:28:03.093+0000] {processor.py:914} INFO - Processing file /opt/airflow/dags/data_ingestion_gcs_parquet_dag.py for tasks to queue
[2025-04-02T11:28:03.097+0000] {logging_mixin.py:190} INFO - [2025-04-02T11:28:03.097+0000] {dagbag.py:588} INFO - Filling up the DagBag from /opt/airflow/dags/data_ingestion_gcs_parquet_dag.py
[2025-04-02T11:28:03.115+0000] {processor.py:925} INFO - DAG(s) 'data_ingestion_gcs_parquet_dag' retrieved from /opt/airflow/dags/data_ingestion_gcs_parquet_dag.py
[2025-04-02T11:28:03.148+0000] {logging_mixin.py:190} INFO - [2025-04-02T11:28:03.148+0000] {dag.py:3239} INFO - Sync 1 DAGs
[2025-04-02T11:28:03.466+0000] {logging_mixin.py:190} INFO - [2025-04-02T11:28:03.465+0000] {dag.py:4180} INFO - Setting next_dagrun for data_ingestion_gcs_parquet_dag to 2024-01-02 06:00:00+00:00, run_after=2024-02-02 06:00:00+00:00
[2025-04-02T11:28:03.491+0000] {processor.py:208} INFO - Processing /opt/airflow/dags/data_ingestion_gcs_parquet_dag.py took 0.411 seconds
[2025-04-02T11:28:33.663+0000] {processor.py:186} INFO - Started process (PID=257) to work on /opt/airflow/dags/data_ingestion_gcs_parquet_dag.py
[2025-04-02T11:28:33.664+0000] {processor.py:914} INFO - Processing file /opt/airflow/dags/data_ingestion_gcs_parquet_dag.py for tasks to queue
[2025-04-02T11:28:33.668+0000] {logging_mixin.py:190} INFO - [2025-04-02T11:28:33.667+0000] {dagbag.py:588} INFO - Filling up the DagBag from /opt/airflow/dags/data_ingestion_gcs_parquet_dag.py
[2025-04-02T11:28:33.685+0000] {processor.py:925} INFO - DAG(s) 'data_ingestion_gcs_parquet_dag' retrieved from /opt/airflow/dags/data_ingestion_gcs_parquet_dag.py
[2025-04-02T11:28:33.723+0000] {logging_mixin.py:190} INFO - [2025-04-02T11:28:33.723+0000] {dag.py:3239} INFO - Sync 1 DAGs
[2025-04-02T11:28:33.757+0000] {logging_mixin.py:190} INFO - [2025-04-02T11:28:33.756+0000] {dag.py:4180} INFO - Setting next_dagrun for data_ingestion_gcs_parquet_dag to 2024-01-02 06:00:00+00:00, run_after=2024-02-02 06:00:00+00:00
[2025-04-02T11:28:33.783+0000] {processor.py:208} INFO - Processing /opt/airflow/dags/data_ingestion_gcs_parquet_dag.py took 0.130 seconds
[2025-04-02T11:29:04.039+0000] {processor.py:186} INFO - Started process (PID=266) to work on /opt/airflow/dags/data_ingestion_gcs_parquet_dag.py
[2025-04-02T11:29:04.041+0000] {processor.py:914} INFO - Processing file /opt/airflow/dags/data_ingestion_gcs_parquet_dag.py for tasks to queue
[2025-04-02T11:29:04.044+0000] {logging_mixin.py:190} INFO - [2025-04-02T11:29:04.044+0000] {dagbag.py:588} INFO - Filling up the DagBag from /opt/airflow/dags/data_ingestion_gcs_parquet_dag.py
[2025-04-02T11:29:04.061+0000] {processor.py:925} INFO - DAG(s) 'data_ingestion_gcs_parquet_dag' retrieved from /opt/airflow/dags/data_ingestion_gcs_parquet_dag.py
[2025-04-02T11:29:04.097+0000] {logging_mixin.py:190} INFO - [2025-04-02T11:29:04.097+0000] {dag.py:3239} INFO - Sync 1 DAGs
[2025-04-02T11:29:04.134+0000] {logging_mixin.py:190} INFO - [2025-04-02T11:29:04.134+0000] {dag.py:4180} INFO - Setting next_dagrun for data_ingestion_gcs_parquet_dag to 2024-01-02 06:00:00+00:00, run_after=2024-02-02 06:00:00+00:00
[2025-04-02T11:29:04.161+0000] {processor.py:208} INFO - Processing /opt/airflow/dags/data_ingestion_gcs_parquet_dag.py took 0.132 seconds
[2025-04-02T11:29:34.511+0000] {processor.py:186} INFO - Started process (PID=275) to work on /opt/airflow/dags/data_ingestion_gcs_parquet_dag.py
[2025-04-02T11:29:34.513+0000] {processor.py:914} INFO - Processing file /opt/airflow/dags/data_ingestion_gcs_parquet_dag.py for tasks to queue
[2025-04-02T11:29:34.517+0000] {logging_mixin.py:190} INFO - [2025-04-02T11:29:34.516+0000] {dagbag.py:588} INFO - Filling up the DagBag from /opt/airflow/dags/data_ingestion_gcs_parquet_dag.py
[2025-04-02T11:29:34.534+0000] {processor.py:925} INFO - DAG(s) 'data_ingestion_gcs_parquet_dag' retrieved from /opt/airflow/dags/data_ingestion_gcs_parquet_dag.py
[2025-04-02T11:29:34.573+0000] {logging_mixin.py:190} INFO - [2025-04-02T11:29:34.573+0000] {dag.py:3239} INFO - Sync 1 DAGs
[2025-04-02T11:29:34.608+0000] {logging_mixin.py:190} INFO - [2025-04-02T11:29:34.607+0000] {dag.py:4180} INFO - Setting next_dagrun for data_ingestion_gcs_parquet_dag to 2024-01-02 06:00:00+00:00, run_after=2024-02-02 06:00:00+00:00
[2025-04-02T11:29:34.933+0000] {processor.py:208} INFO - Processing /opt/airflow/dags/data_ingestion_gcs_parquet_dag.py took 0.433 seconds
[2025-04-02T11:30:05.481+0000] {processor.py:186} INFO - Started process (PID=284) to work on /opt/airflow/dags/data_ingestion_gcs_parquet_dag.py
[2025-04-02T11:30:05.483+0000] {processor.py:914} INFO - Processing file /opt/airflow/dags/data_ingestion_gcs_parquet_dag.py for tasks to queue
[2025-04-02T11:30:05.487+0000] {logging_mixin.py:190} INFO - [2025-04-02T11:30:05.486+0000] {dagbag.py:588} INFO - Filling up the DagBag from /opt/airflow/dags/data_ingestion_gcs_parquet_dag.py
[2025-04-02T11:30:05.504+0000] {processor.py:925} INFO - DAG(s) 'data_ingestion_gcs_parquet_dag' retrieved from /opt/airflow/dags/data_ingestion_gcs_parquet_dag.py
[2025-04-02T11:30:05.539+0000] {logging_mixin.py:190} INFO - [2025-04-02T11:30:05.539+0000] {dag.py:3239} INFO - Sync 1 DAGs
[2025-04-02T11:30:06.072+0000] {logging_mixin.py:190} INFO - [2025-04-02T11:30:06.071+0000] {dag.py:4180} INFO - Setting next_dagrun for data_ingestion_gcs_parquet_dag to 2024-01-02 06:00:00+00:00, run_after=2024-02-02 06:00:00+00:00
[2025-04-02T11:30:06.124+0000] {processor.py:208} INFO - Processing /opt/airflow/dags/data_ingestion_gcs_parquet_dag.py took 0.653 seconds
[2025-04-02T11:30:36.244+0000] {processor.py:186} INFO - Started process (PID=293) to work on /opt/airflow/dags/data_ingestion_gcs_parquet_dag.py
[2025-04-02T11:30:36.246+0000] {processor.py:914} INFO - Processing file /opt/airflow/dags/data_ingestion_gcs_parquet_dag.py for tasks to queue
[2025-04-02T11:30:36.250+0000] {logging_mixin.py:190} INFO - [2025-04-02T11:30:36.249+0000] {dagbag.py:588} INFO - Filling up the DagBag from /opt/airflow/dags/data_ingestion_gcs_parquet_dag.py
[2025-04-02T11:30:36.272+0000] {processor.py:925} INFO - DAG(s) 'data_ingestion_gcs_parquet_dag' retrieved from /opt/airflow/dags/data_ingestion_gcs_parquet_dag.py
[2025-04-02T11:30:36.605+0000] {logging_mixin.py:190} INFO - [2025-04-02T11:30:36.604+0000] {dag.py:3239} INFO - Sync 1 DAGs
[2025-04-02T11:30:36.633+0000] {logging_mixin.py:190} INFO - [2025-04-02T11:30:36.633+0000] {dag.py:4180} INFO - Setting next_dagrun for data_ingestion_gcs_parquet_dag to 2024-01-02 06:00:00+00:00, run_after=2024-02-02 06:00:00+00:00
[2025-04-02T11:30:36.656+0000] {processor.py:208} INFO - Processing /opt/airflow/dags/data_ingestion_gcs_parquet_dag.py took 0.424 seconds
[2025-04-02T11:31:06.946+0000] {processor.py:186} INFO - Started process (PID=301) to work on /opt/airflow/dags/data_ingestion_gcs_parquet_dag.py
[2025-04-02T11:31:06.951+0000] {processor.py:914} INFO - Processing file /opt/airflow/dags/data_ingestion_gcs_parquet_dag.py for tasks to queue
[2025-04-02T11:31:06.956+0000] {logging_mixin.py:190} INFO - [2025-04-02T11:31:06.955+0000] {dagbag.py:588} INFO - Filling up the DagBag from /opt/airflow/dags/data_ingestion_gcs_parquet_dag.py
[2025-04-02T11:31:06.979+0000] {processor.py:925} INFO - DAG(s) 'data_ingestion_gcs_parquet_dag' retrieved from /opt/airflow/dags/data_ingestion_gcs_parquet_dag.py
[2025-04-02T11:31:07.028+0000] {logging_mixin.py:190} INFO - [2025-04-02T11:31:07.027+0000] {dag.py:3239} INFO - Sync 1 DAGs
[2025-04-02T11:31:07.105+0000] {processor.py:208} INFO - Processing /opt/airflow/dags/data_ingestion_gcs_parquet_dag.py took 0.172 seconds
[2025-04-02T11:31:37.578+0000] {processor.py:186} INFO - Started process (PID=325) to work on /opt/airflow/dags/data_ingestion_gcs_parquet_dag.py
[2025-04-02T11:31:37.582+0000] {processor.py:914} INFO - Processing file /opt/airflow/dags/data_ingestion_gcs_parquet_dag.py for tasks to queue
[2025-04-02T11:31:37.587+0000] {logging_mixin.py:190} INFO - [2025-04-02T11:31:37.587+0000] {dagbag.py:588} INFO - Filling up the DagBag from /opt/airflow/dags/data_ingestion_gcs_parquet_dag.py
[2025-04-02T11:31:37.612+0000] {processor.py:925} INFO - DAG(s) 'data_ingestion_gcs_parquet_dag' retrieved from /opt/airflow/dags/data_ingestion_gcs_parquet_dag.py
[2025-04-02T11:31:37.661+0000] {logging_mixin.py:190} INFO - [2025-04-02T11:31:37.661+0000] {dag.py:3239} INFO - Sync 1 DAGs
[2025-04-02T11:31:37.743+0000] {processor.py:208} INFO - Processing /opt/airflow/dags/data_ingestion_gcs_parquet_dag.py took 0.179 seconds
[2025-04-02T11:32:08.395+0000] {processor.py:186} INFO - Started process (PID=341) to work on /opt/airflow/dags/data_ingestion_gcs_parquet_dag.py
[2025-04-02T11:32:08.397+0000] {processor.py:914} INFO - Processing file /opt/airflow/dags/data_ingestion_gcs_parquet_dag.py for tasks to queue
[2025-04-02T11:32:08.402+0000] {logging_mixin.py:190} INFO - [2025-04-02T11:32:08.402+0000] {dagbag.py:588} INFO - Filling up the DagBag from /opt/airflow/dags/data_ingestion_gcs_parquet_dag.py
[2025-04-02T11:32:08.427+0000] {processor.py:925} INFO - DAG(s) 'data_ingestion_gcs_parquet_dag' retrieved from /opt/airflow/dags/data_ingestion_gcs_parquet_dag.py
[2025-04-02T11:32:08.475+0000] {logging_mixin.py:190} INFO - [2025-04-02T11:32:08.474+0000] {dag.py:3239} INFO - Sync 1 DAGs
[2025-04-02T11:32:08.919+0000] {processor.py:208} INFO - Processing /opt/airflow/dags/data_ingestion_gcs_parquet_dag.py took 0.537 seconds
[2025-04-02T11:32:39.591+0000] {processor.py:186} INFO - Started process (PID=360) to work on /opt/airflow/dags/data_ingestion_gcs_parquet_dag.py
[2025-04-02T11:32:39.596+0000] {processor.py:914} INFO - Processing file /opt/airflow/dags/data_ingestion_gcs_parquet_dag.py for tasks to queue
[2025-04-02T11:32:39.600+0000] {logging_mixin.py:190} INFO - [2025-04-02T11:32:39.599+0000] {dagbag.py:588} INFO - Filling up the DagBag from /opt/airflow/dags/data_ingestion_gcs_parquet_dag.py
[2025-04-02T11:32:39.618+0000] {processor.py:925} INFO - DAG(s) 'data_ingestion_gcs_parquet_dag' retrieved from /opt/airflow/dags/data_ingestion_gcs_parquet_dag.py
[2025-04-02T11:32:39.961+0000] {logging_mixin.py:190} INFO - [2025-04-02T11:32:39.961+0000] {dag.py:3239} INFO - Sync 1 DAGs
[2025-04-02T11:32:39.991+0000] {logging_mixin.py:190} INFO - [2025-04-02T11:32:39.991+0000] {dag.py:4180} INFO - Setting next_dagrun for data_ingestion_gcs_parquet_dag to None, run_after=None
[2025-04-02T11:32:40.016+0000] {processor.py:208} INFO - Processing /opt/airflow/dags/data_ingestion_gcs_parquet_dag.py took 0.435 seconds
[2025-04-02T11:33:10.251+0000] {processor.py:186} INFO - Started process (PID=368) to work on /opt/airflow/dags/data_ingestion_gcs_parquet_dag.py
[2025-04-02T11:33:10.252+0000] {processor.py:914} INFO - Processing file /opt/airflow/dags/data_ingestion_gcs_parquet_dag.py for tasks to queue
[2025-04-02T11:33:10.256+0000] {logging_mixin.py:190} INFO - [2025-04-02T11:33:10.255+0000] {dagbag.py:588} INFO - Filling up the DagBag from /opt/airflow/dags/data_ingestion_gcs_parquet_dag.py
[2025-04-02T11:33:10.273+0000] {processor.py:925} INFO - DAG(s) 'data_ingestion_gcs_parquet_dag' retrieved from /opt/airflow/dags/data_ingestion_gcs_parquet_dag.py
[2025-04-02T11:33:10.309+0000] {logging_mixin.py:190} INFO - [2025-04-02T11:33:10.308+0000] {dag.py:3239} INFO - Sync 1 DAGs
[2025-04-02T11:33:10.343+0000] {logging_mixin.py:190} INFO - [2025-04-02T11:33:10.342+0000] {dag.py:4180} INFO - Setting next_dagrun for data_ingestion_gcs_parquet_dag to None, run_after=None
[2025-04-02T11:33:10.367+0000] {processor.py:208} INFO - Processing /opt/airflow/dags/data_ingestion_gcs_parquet_dag.py took 0.127 seconds
[2025-04-02T11:33:40.653+0000] {processor.py:186} INFO - Started process (PID=376) to work on /opt/airflow/dags/data_ingestion_gcs_parquet_dag.py
[2025-04-02T11:33:40.659+0000] {processor.py:914} INFO - Processing file /opt/airflow/dags/data_ingestion_gcs_parquet_dag.py for tasks to queue
[2025-04-02T11:33:40.663+0000] {logging_mixin.py:190} INFO - [2025-04-02T11:33:40.662+0000] {dagbag.py:588} INFO - Filling up the DagBag from /opt/airflow/dags/data_ingestion_gcs_parquet_dag.py
[2025-04-02T11:33:40.681+0000] {processor.py:925} INFO - DAG(s) 'data_ingestion_gcs_parquet_dag' retrieved from /opt/airflow/dags/data_ingestion_gcs_parquet_dag.py
[2025-04-02T11:33:40.717+0000] {logging_mixin.py:190} INFO - [2025-04-02T11:33:40.717+0000] {dag.py:3239} INFO - Sync 1 DAGs
[2025-04-02T11:33:40.755+0000] {logging_mixin.py:190} INFO - [2025-04-02T11:33:40.754+0000] {dag.py:4180} INFO - Setting next_dagrun for data_ingestion_gcs_parquet_dag to None, run_after=None
[2025-04-02T11:33:40.782+0000] {processor.py:208} INFO - Processing /opt/airflow/dags/data_ingestion_gcs_parquet_dag.py took 0.139 seconds
[2025-04-02T11:34:11.437+0000] {processor.py:186} INFO - Started process (PID=385) to work on /opt/airflow/dags/data_ingestion_gcs_parquet_dag.py
[2025-04-02T11:34:11.438+0000] {processor.py:914} INFO - Processing file /opt/airflow/dags/data_ingestion_gcs_parquet_dag.py for tasks to queue
[2025-04-02T11:34:11.442+0000] {logging_mixin.py:190} INFO - [2025-04-02T11:34:11.442+0000] {dagbag.py:588} INFO - Filling up the DagBag from /opt/airflow/dags/data_ingestion_gcs_parquet_dag.py
[2025-04-02T11:34:11.459+0000] {processor.py:925} INFO - DAG(s) 'data_ingestion_gcs_parquet_dag' retrieved from /opt/airflow/dags/data_ingestion_gcs_parquet_dag.py
[2025-04-02T11:34:11.493+0000] {logging_mixin.py:190} INFO - [2025-04-02T11:34:11.493+0000] {dag.py:3239} INFO - Sync 1 DAGs
[2025-04-02T11:34:11.527+0000] {logging_mixin.py:190} INFO - [2025-04-02T11:34:11.527+0000] {dag.py:4180} INFO - Setting next_dagrun for data_ingestion_gcs_parquet_dag to None, run_after=None
[2025-04-02T11:34:11.843+0000] {processor.py:208} INFO - Processing /opt/airflow/dags/data_ingestion_gcs_parquet_dag.py took 0.418 seconds
[2025-04-02T11:34:42.136+0000] {processor.py:186} INFO - Started process (PID=394) to work on /opt/airflow/dags/data_ingestion_gcs_parquet_dag.py
[2025-04-02T11:34:42.139+0000] {processor.py:914} INFO - Processing file /opt/airflow/dags/data_ingestion_gcs_parquet_dag.py for tasks to queue
[2025-04-02T11:34:42.142+0000] {logging_mixin.py:190} INFO - [2025-04-02T11:34:42.142+0000] {dagbag.py:588} INFO - Filling up the DagBag from /opt/airflow/dags/data_ingestion_gcs_parquet_dag.py
[2025-04-02T11:34:42.165+0000] {processor.py:925} INFO - DAG(s) 'data_ingestion_gcs_parquet_dag' retrieved from /opt/airflow/dags/data_ingestion_gcs_parquet_dag.py
[2025-04-02T11:34:42.200+0000] {logging_mixin.py:190} INFO - [2025-04-02T11:34:42.200+0000] {dag.py:3239} INFO - Sync 1 DAGs
[2025-04-02T11:34:42.530+0000] {logging_mixin.py:190} INFO - [2025-04-02T11:34:42.529+0000] {dag.py:4180} INFO - Setting next_dagrun for data_ingestion_gcs_parquet_dag to None, run_after=None
[2025-04-02T11:34:42.553+0000] {processor.py:208} INFO - Processing /opt/airflow/dags/data_ingestion_gcs_parquet_dag.py took 0.427 seconds
[2025-04-02T11:35:13.196+0000] {processor.py:186} INFO - Started process (PID=404) to work on /opt/airflow/dags/data_ingestion_gcs_parquet_dag.py
[2025-04-02T11:35:13.197+0000] {processor.py:914} INFO - Processing file /opt/airflow/dags/data_ingestion_gcs_parquet_dag.py for tasks to queue
[2025-04-02T11:35:13.201+0000] {logging_mixin.py:190} INFO - [2025-04-02T11:35:13.200+0000] {dagbag.py:588} INFO - Filling up the DagBag from /opt/airflow/dags/data_ingestion_gcs_parquet_dag.py
[2025-04-02T11:35:13.221+0000] {processor.py:925} INFO - DAG(s) 'data_ingestion_gcs_parquet_dag' retrieved from /opt/airflow/dags/data_ingestion_gcs_parquet_dag.py
[2025-04-02T11:35:13.569+0000] {logging_mixin.py:190} INFO - [2025-04-02T11:35:13.569+0000] {dag.py:3239} INFO - Sync 1 DAGs
[2025-04-02T11:35:13.603+0000] {logging_mixin.py:190} INFO - [2025-04-02T11:35:13.602+0000] {dag.py:4180} INFO - Setting next_dagrun for data_ingestion_gcs_parquet_dag to None, run_after=None
[2025-04-02T11:35:13.629+0000] {processor.py:208} INFO - Processing /opt/airflow/dags/data_ingestion_gcs_parquet_dag.py took 0.444 seconds
[2025-04-02T11:35:44.602+0000] {processor.py:186} INFO - Started process (PID=412) to work on /opt/airflow/dags/data_ingestion_gcs_parquet_dag.py
[2025-04-02T11:35:44.612+0000] {processor.py:914} INFO - Processing file /opt/airflow/dags/data_ingestion_gcs_parquet_dag.py for tasks to queue
[2025-04-02T11:35:44.616+0000] {logging_mixin.py:190} INFO - [2025-04-02T11:35:44.616+0000] {dagbag.py:588} INFO - Filling up the DagBag from /opt/airflow/dags/data_ingestion_gcs_parquet_dag.py
[2025-04-02T11:35:44.635+0000] {processor.py:925} INFO - DAG(s) 'data_ingestion_gcs_parquet_dag' retrieved from /opt/airflow/dags/data_ingestion_gcs_parquet_dag.py
[2025-04-02T11:35:44.671+0000] {logging_mixin.py:190} INFO - [2025-04-02T11:35:44.671+0000] {dag.py:3239} INFO - Sync 1 DAGs
[2025-04-02T11:35:44.705+0000] {logging_mixin.py:190} INFO - [2025-04-02T11:35:44.705+0000] {dag.py:4180} INFO - Setting next_dagrun for data_ingestion_gcs_parquet_dag to None, run_after=None
[2025-04-02T11:35:44.733+0000] {processor.py:208} INFO - Processing /opt/airflow/dags/data_ingestion_gcs_parquet_dag.py took 0.140 seconds
[2025-04-02T11:36:14.981+0000] {processor.py:186} INFO - Started process (PID=421) to work on /opt/airflow/dags/data_ingestion_gcs_parquet_dag.py
[2025-04-02T11:36:14.983+0000] {processor.py:914} INFO - Processing file /opt/airflow/dags/data_ingestion_gcs_parquet_dag.py for tasks to queue
[2025-04-02T11:36:14.987+0000] {logging_mixin.py:190} INFO - [2025-04-02T11:36:14.986+0000] {dagbag.py:588} INFO - Filling up the DagBag from /opt/airflow/dags/data_ingestion_gcs_parquet_dag.py
[2025-04-02T11:36:15.004+0000] {processor.py:925} INFO - DAG(s) 'data_ingestion_gcs_parquet_dag' retrieved from /opt/airflow/dags/data_ingestion_gcs_parquet_dag.py
[2025-04-02T11:36:15.041+0000] {logging_mixin.py:190} INFO - [2025-04-02T11:36:15.040+0000] {dag.py:3239} INFO - Sync 1 DAGs
[2025-04-02T11:36:15.075+0000] {logging_mixin.py:190} INFO - [2025-04-02T11:36:15.075+0000] {dag.py:4180} INFO - Setting next_dagrun for data_ingestion_gcs_parquet_dag to None, run_after=None
[2025-04-02T11:36:15.103+0000] {processor.py:208} INFO - Processing /opt/airflow/dags/data_ingestion_gcs_parquet_dag.py took 0.132 seconds
[2025-04-02T11:36:45.802+0000] {processor.py:186} INFO - Started process (PID=430) to work on /opt/airflow/dags/data_ingestion_gcs_parquet_dag.py
[2025-04-02T11:36:45.812+0000] {processor.py:914} INFO - Processing file /opt/airflow/dags/data_ingestion_gcs_parquet_dag.py for tasks to queue
[2025-04-02T11:36:45.816+0000] {logging_mixin.py:190} INFO - [2025-04-02T11:36:45.816+0000] {dagbag.py:588} INFO - Filling up the DagBag from /opt/airflow/dags/data_ingestion_gcs_parquet_dag.py
[2025-04-02T11:36:45.833+0000] {processor.py:925} INFO - DAG(s) 'data_ingestion_gcs_parquet_dag' retrieved from /opt/airflow/dags/data_ingestion_gcs_parquet_dag.py
[2025-04-02T11:36:45.868+0000] {logging_mixin.py:190} INFO - [2025-04-02T11:36:45.867+0000] {dag.py:3239} INFO - Sync 1 DAGs
[2025-04-02T11:36:46.204+0000] {logging_mixin.py:190} INFO - [2025-04-02T11:36:46.203+0000] {dag.py:4180} INFO - Setting next_dagrun for data_ingestion_gcs_parquet_dag to None, run_after=None
[2025-04-02T11:36:46.227+0000] {processor.py:208} INFO - Processing /opt/airflow/dags/data_ingestion_gcs_parquet_dag.py took 0.435 seconds
[2025-04-02T11:37:16.477+0000] {processor.py:186} INFO - Started process (PID=438) to work on /opt/airflow/dags/data_ingestion_gcs_parquet_dag.py
[2025-04-02T11:37:16.478+0000] {processor.py:914} INFO - Processing file /opt/airflow/dags/data_ingestion_gcs_parquet_dag.py for tasks to queue
[2025-04-02T11:37:16.482+0000] {logging_mixin.py:190} INFO - [2025-04-02T11:37:16.482+0000] {dagbag.py:588} INFO - Filling up the DagBag from /opt/airflow/dags/data_ingestion_gcs_parquet_dag.py
[2025-04-02T11:37:16.500+0000] {processor.py:925} INFO - DAG(s) 'data_ingestion_gcs_parquet_dag' retrieved from /opt/airflow/dags/data_ingestion_gcs_parquet_dag.py
[2025-04-02T11:37:16.535+0000] {logging_mixin.py:190} INFO - [2025-04-02T11:37:16.535+0000] {dag.py:3239} INFO - Sync 1 DAGs
[2025-04-02T11:37:16.867+0000] {logging_mixin.py:190} INFO - [2025-04-02T11:37:16.867+0000] {dag.py:4180} INFO - Setting next_dagrun for data_ingestion_gcs_parquet_dag to None, run_after=None
[2025-04-02T11:37:16.891+0000] {processor.py:208} INFO - Processing /opt/airflow/dags/data_ingestion_gcs_parquet_dag.py took 0.425 seconds
[2025-04-02T11:37:47.609+0000] {processor.py:186} INFO - Started process (PID=447) to work on /opt/airflow/dags/data_ingestion_gcs_parquet_dag.py
[2025-04-02T11:37:47.611+0000] {processor.py:914} INFO - Processing file /opt/airflow/dags/data_ingestion_gcs_parquet_dag.py for tasks to queue
[2025-04-02T11:37:47.615+0000] {logging_mixin.py:190} INFO - [2025-04-02T11:37:47.614+0000] {dagbag.py:588} INFO - Filling up the DagBag from /opt/airflow/dags/data_ingestion_gcs_parquet_dag.py
[2025-04-02T11:37:47.632+0000] {processor.py:925} INFO - DAG(s) 'data_ingestion_gcs_parquet_dag' retrieved from /opt/airflow/dags/data_ingestion_gcs_parquet_dag.py
[2025-04-02T11:37:47.667+0000] {logging_mixin.py:190} INFO - [2025-04-02T11:37:47.666+0000] {dag.py:3239} INFO - Sync 1 DAGs
[2025-04-02T11:37:47.702+0000] {logging_mixin.py:190} INFO - [2025-04-02T11:37:47.702+0000] {dag.py:4180} INFO - Setting next_dagrun for data_ingestion_gcs_parquet_dag to None, run_after=None
[2025-04-02T11:37:47.729+0000] {processor.py:208} INFO - Processing /opt/airflow/dags/data_ingestion_gcs_parquet_dag.py took 0.129 seconds
[2025-04-02T11:38:17.995+0000] {processor.py:186} INFO - Started process (PID=456) to work on /opt/airflow/dags/data_ingestion_gcs_parquet_dag.py
[2025-04-02T11:38:17.997+0000] {processor.py:914} INFO - Processing file /opt/airflow/dags/data_ingestion_gcs_parquet_dag.py for tasks to queue
[2025-04-02T11:38:18.000+0000] {logging_mixin.py:190} INFO - [2025-04-02T11:38:18.000+0000] {dagbag.py:588} INFO - Filling up the DagBag from /opt/airflow/dags/data_ingestion_gcs_parquet_dag.py
[2025-04-02T11:38:18.018+0000] {processor.py:925} INFO - DAG(s) 'data_ingestion_gcs_parquet_dag' retrieved from /opt/airflow/dags/data_ingestion_gcs_parquet_dag.py
[2025-04-02T11:38:18.055+0000] {logging_mixin.py:190} INFO - [2025-04-02T11:38:18.054+0000] {dag.py:3239} INFO - Sync 1 DAGs
[2025-04-02T11:38:18.090+0000] {logging_mixin.py:190} INFO - [2025-04-02T11:38:18.089+0000] {dag.py:4180} INFO - Setting next_dagrun for data_ingestion_gcs_parquet_dag to None, run_after=None
[2025-04-02T11:38:18.115+0000] {processor.py:208} INFO - Processing /opt/airflow/dags/data_ingestion_gcs_parquet_dag.py took 0.130 seconds
[2025-04-02T11:38:48.471+0000] {processor.py:186} INFO - Started process (PID=465) to work on /opt/airflow/dags/data_ingestion_gcs_parquet_dag.py
[2025-04-02T11:38:48.474+0000] {processor.py:914} INFO - Processing file /opt/airflow/dags/data_ingestion_gcs_parquet_dag.py for tasks to queue
[2025-04-02T11:38:48.478+0000] {logging_mixin.py:190} INFO - [2025-04-02T11:38:48.478+0000] {dagbag.py:588} INFO - Filling up the DagBag from /opt/airflow/dags/data_ingestion_gcs_parquet_dag.py
[2025-04-02T11:38:48.503+0000] {processor.py:925} INFO - DAG(s) 'data_ingestion_gcs_parquet_dag' retrieved from /opt/airflow/dags/data_ingestion_gcs_parquet_dag.py
[2025-04-02T11:38:48.553+0000] {logging_mixin.py:190} INFO - [2025-04-02T11:38:48.552+0000] {dag.py:3239} INFO - Sync 1 DAGs
[2025-04-02T11:38:48.595+0000] {logging_mixin.py:190} INFO - [2025-04-02T11:38:48.594+0000] {dag.py:4180} INFO - Setting next_dagrun for data_ingestion_gcs_parquet_dag to None, run_after=None
[2025-04-02T11:38:48.920+0000] {processor.py:208} INFO - Processing /opt/airflow/dags/data_ingestion_gcs_parquet_dag.py took 0.460 seconds
[2025-04-02T11:39:19.473+0000] {processor.py:186} INFO - Started process (PID=480) to work on /opt/airflow/dags/data_ingestion_gcs_parquet_dag.py
[2025-04-02T11:39:19.474+0000] {processor.py:914} INFO - Processing file /opt/airflow/dags/data_ingestion_gcs_parquet_dag.py for tasks to queue
[2025-04-02T11:39:19.478+0000] {logging_mixin.py:190} INFO - [2025-04-02T11:39:19.477+0000] {dagbag.py:588} INFO - Filling up the DagBag from /opt/airflow/dags/data_ingestion_gcs_parquet_dag.py
[2025-04-02T11:39:19.495+0000] {processor.py:925} INFO - DAG(s) 'data_ingestion_gcs_parquet_dag' retrieved from /opt/airflow/dags/data_ingestion_gcs_parquet_dag.py
[2025-04-02T11:39:19.531+0000] {logging_mixin.py:190} INFO - [2025-04-02T11:39:19.531+0000] {dag.py:3239} INFO - Sync 1 DAGs
[2025-04-02T11:39:19.870+0000] {logging_mixin.py:190} INFO - [2025-04-02T11:39:19.870+0000] {dag.py:4180} INFO - Setting next_dagrun for data_ingestion_gcs_parquet_dag to None, run_after=None
[2025-04-02T11:39:19.893+0000] {processor.py:208} INFO - Processing /opt/airflow/dags/data_ingestion_gcs_parquet_dag.py took 0.430 seconds
[2025-04-02T11:39:50.262+0000] {processor.py:186} INFO - Started process (PID=490) to work on /opt/airflow/dags/data_ingestion_gcs_parquet_dag.py
[2025-04-02T11:39:50.264+0000] {processor.py:914} INFO - Processing file /opt/airflow/dags/data_ingestion_gcs_parquet_dag.py for tasks to queue
[2025-04-02T11:39:50.268+0000] {logging_mixin.py:190} INFO - [2025-04-02T11:39:50.268+0000] {dagbag.py:588} INFO - Filling up the DagBag from /opt/airflow/dags/data_ingestion_gcs_parquet_dag.py
[2025-04-02T11:39:50.286+0000] {processor.py:925} INFO - DAG(s) 'data_ingestion_gcs_parquet_dag' retrieved from /opt/airflow/dags/data_ingestion_gcs_parquet_dag.py
[2025-04-02T11:39:50.616+0000] {logging_mixin.py:190} INFO - [2025-04-02T11:39:50.615+0000] {dag.py:3239} INFO - Sync 1 DAGs
[2025-04-02T11:39:50.645+0000] {logging_mixin.py:190} INFO - [2025-04-02T11:39:50.645+0000] {dag.py:4180} INFO - Setting next_dagrun for data_ingestion_gcs_parquet_dag to None, run_after=None
[2025-04-02T11:39:50.668+0000] {processor.py:208} INFO - Processing /opt/airflow/dags/data_ingestion_gcs_parquet_dag.py took 0.416 seconds
[2025-04-02T11:40:21.225+0000] {processor.py:186} INFO - Started process (PID=499) to work on /opt/airflow/dags/data_ingestion_gcs_parquet_dag.py
[2025-04-02T11:40:21.227+0000] {processor.py:914} INFO - Processing file /opt/airflow/dags/data_ingestion_gcs_parquet_dag.py for tasks to queue
[2025-04-02T11:40:21.230+0000] {logging_mixin.py:190} INFO - [2025-04-02T11:40:21.230+0000] {dagbag.py:588} INFO - Filling up the DagBag from /opt/airflow/dags/data_ingestion_gcs_parquet_dag.py
[2025-04-02T11:40:21.549+0000] {processor.py:925} INFO - DAG(s) 'data_ingestion_gcs_parquet_dag' retrieved from /opt/airflow/dags/data_ingestion_gcs_parquet_dag.py
[2025-04-02T11:40:21.579+0000] {logging_mixin.py:190} INFO - [2025-04-02T11:40:21.578+0000] {dag.py:3239} INFO - Sync 1 DAGs
[2025-04-02T11:40:21.609+0000] {logging_mixin.py:190} INFO - [2025-04-02T11:40:21.608+0000] {dag.py:4180} INFO - Setting next_dagrun for data_ingestion_gcs_parquet_dag to None, run_after=None
[2025-04-02T11:40:21.631+0000] {processor.py:208} INFO - Processing /opt/airflow/dags/data_ingestion_gcs_parquet_dag.py took 0.416 seconds
[2025-04-02T11:40:51.719+0000] {processor.py:186} INFO - Started process (PID=508) to work on /opt/airflow/dags/data_ingestion_gcs_parquet_dag.py
[2025-04-02T11:40:51.721+0000] {processor.py:914} INFO - Processing file /opt/airflow/dags/data_ingestion_gcs_parquet_dag.py for tasks to queue
[2025-04-02T11:40:51.725+0000] {logging_mixin.py:190} INFO - [2025-04-02T11:40:51.724+0000] {dagbag.py:588} INFO - Filling up the DagBag from /opt/airflow/dags/data_ingestion_gcs_parquet_dag.py
[2025-04-02T11:40:51.742+0000] {processor.py:925} INFO - DAG(s) 'data_ingestion_gcs_parquet_dag' retrieved from /opt/airflow/dags/data_ingestion_gcs_parquet_dag.py
[2025-04-02T11:40:51.776+0000] {logging_mixin.py:190} INFO - [2025-04-02T11:40:51.776+0000] {dag.py:3239} INFO - Sync 1 DAGs
[2025-04-02T11:40:51.811+0000] {logging_mixin.py:190} INFO - [2025-04-02T11:40:51.810+0000] {dag.py:4180} INFO - Setting next_dagrun for data_ingestion_gcs_parquet_dag to None, run_after=None
[2025-04-02T11:40:51.839+0000] {processor.py:208} INFO - Processing /opt/airflow/dags/data_ingestion_gcs_parquet_dag.py took 0.130 seconds
[2025-04-02T11:41:22.406+0000] {processor.py:186} INFO - Started process (PID=517) to work on /opt/airflow/dags/data_ingestion_gcs_parquet_dag.py
[2025-04-02T11:41:22.408+0000] {processor.py:914} INFO - Processing file /opt/airflow/dags/data_ingestion_gcs_parquet_dag.py for tasks to queue
[2025-04-02T11:41:22.412+0000] {logging_mixin.py:190} INFO - [2025-04-02T11:41:22.412+0000] {dagbag.py:588} INFO - Filling up the DagBag from /opt/airflow/dags/data_ingestion_gcs_parquet_dag.py
[2025-04-02T11:41:22.435+0000] {processor.py:925} INFO - DAG(s) 'data_ingestion_gcs_parquet_dag' retrieved from /opt/airflow/dags/data_ingestion_gcs_parquet_dag.py
[2025-04-02T11:41:22.480+0000] {logging_mixin.py:190} INFO - [2025-04-02T11:41:22.479+0000] {dag.py:3239} INFO - Sync 1 DAGs
[2025-04-02T11:41:22.517+0000] {logging_mixin.py:190} INFO - [2025-04-02T11:41:22.516+0000] {dag.py:4180} INFO - Setting next_dagrun for data_ingestion_gcs_parquet_dag to None, run_after=None
[2025-04-02T11:41:22.841+0000] {processor.py:208} INFO - Processing /opt/airflow/dags/data_ingestion_gcs_parquet_dag.py took 0.448 seconds
