[2025-04-02T07:31:00.209+0000] {local_task_job_runner.py:123} INFO - ::group::Pre task execution logs
[2025-04-02T07:31:00.231+0000] {taskinstance.py:2614} INFO - Dependencies all met for dep_context=non-requeueable deps ti=<TaskInstance: data_ingestion_gcs_dag.download_and_unzip_dataset_task scheduled__2025-03-26T00:00:00+00:00 [queued]>
[2025-04-02T07:31:00.242+0000] {taskinstance.py:2614} INFO - Dependencies all met for dep_context=requeueable deps ti=<TaskInstance: data_ingestion_gcs_dag.download_and_unzip_dataset_task scheduled__2025-03-26T00:00:00+00:00 [queued]>
[2025-04-02T07:31:00.242+0000] {taskinstance.py:2867} INFO - Starting attempt 1 of 2
[2025-04-02T07:31:00.258+0000] {taskinstance.py:2890} INFO - Executing <Task(BashOperator): download_and_unzip_dataset_task> on 2025-03-26 00:00:00+00:00
[2025-04-02T07:31:00.267+0000] {warnings.py:112} WARNING - /home/***/.local/lib/python3.12/site-packages/***/task/task_runner/standard_task_runner.py:70: DeprecationWarning: This process (pid=57) is multi-threaded, use of fork() may lead to deadlocks in the child.
  pid = os.fork()

[2025-04-02T07:31:00.269+0000] {standard_task_runner.py:72} INFO - Started process 67 to run task
[2025-04-02T07:31:00.270+0000] {standard_task_runner.py:104} INFO - Running: ['***', 'tasks', 'run', 'data_ingestion_gcs_dag', 'download_and_unzip_dataset_task', 'scheduled__2025-03-26T00:00:00+00:00', '--job-id', '221', '--raw', '--subdir', 'DAGS_FOLDER/data_ingestion_gcs_dag.py', '--cfg-path', '/tmp/tmpn8uks3vz']
[2025-04-02T07:31:00.274+0000] {standard_task_runner.py:105} INFO - Job 221: Subtask download_and_unzip_dataset_task
[2025-04-02T07:31:00.335+0000] {task_command.py:467} INFO - Running <TaskInstance: data_ingestion_gcs_dag.download_and_unzip_dataset_task scheduled__2025-03-26T00:00:00+00:00 [running]> on host 7185680cfdb6
[2025-04-02T07:31:00.445+0000] {taskinstance.py:3134} INFO - Exporting env vars: AIRFLOW_CTX_DAG_OWNER='***' AIRFLOW_CTX_DAG_ID='data_ingestion_gcs_dag' AIRFLOW_CTX_TASK_ID='download_and_unzip_dataset_task' AIRFLOW_CTX_EXECUTION_DATE='2025-03-26T00:00:00+00:00' AIRFLOW_CTX_TRY_NUMBER='1' AIRFLOW_CTX_DAG_RUN_ID='scheduled__2025-03-26T00:00:00+00:00'
[2025-04-02T07:31:00.447+0000] {taskinstance.py:732} INFO - ::endgroup::
[2025-04-02T07:31:00.471+0000] {subprocess.py:78} INFO - Tmp dir root location: /tmp
[2025-04-02T07:31:00.472+0000] {subprocess.py:88} INFO - Running command: ['/usr/bin/bash', '-c', '\n        curl -sSL https://github.com/DataTalksClub/nyc-tlc-data/releases/download/yellow/yellow_tripdata_2021-01.csv.gz > /opt/***/yellow_tripdata_2021-01.csv.gz && \n        if [ -f /opt/***/yellow_tripdata_2021-01.csv ]; then\n        echo "File yellow_tripdata_2021-01.csv already exists. Removing it."\n        rm /opt/***/yellow_tripdata_2021-01.csv\n        fi && \n        gunzip /opt/***/yellow_tripdata_2021-01.csv.gz\n        ']
[2025-04-02T07:31:00.489+0000] {subprocess.py:99} INFO - Output:
[2025-04-02T07:31:02.822+0000] {subprocess.py:106} INFO - File yellow_tripdata_2021-01.csv already exists. Removing it.
[2025-04-02T07:31:03.739+0000] {subprocess.py:110} INFO - Command exited with return code 0
[2025-04-02T07:31:03.771+0000] {taskinstance.py:341} INFO - ::group::Post task execution logs
[2025-04-02T07:31:03.771+0000] {taskinstance.py:353} INFO - Marking task as SUCCESS. dag_id=data_ingestion_gcs_dag, task_id=download_and_unzip_dataset_task, run_id=scheduled__2025-03-26T00:00:00+00:00, execution_date=20250326T000000, start_date=20250402T073100, end_date=20250402T073103
[2025-04-02T07:31:03.817+0000] {local_task_job_runner.py:266} INFO - Task exited with return code 0
[2025-04-02T07:31:03.855+0000] {taskinstance.py:3901} INFO - 1 downstream tasks scheduled from follow-on schedule check
[2025-04-02T07:31:03.857+0000] {local_task_job_runner.py:245} INFO - ::endgroup::
