[2025-03-24T12:34:44.000+0000] {local_task_job_runner.py:123} INFO - ::group::Pre task execution logs
[2025-03-24T12:34:44.071+0000] {taskinstance.py:2614} INFO - Dependencies all met for dep_context=non-requeueable deps ti=<TaskInstance: data_ingestion_postgres_dag.download_source_data scheduled__2023-07-02T06:00:00+00:00 [queued]>
[2025-03-24T12:34:44.107+0000] {taskinstance.py:2614} INFO - Dependencies all met for dep_context=requeueable deps ti=<TaskInstance: data_ingestion_postgres_dag.download_source_data scheduled__2023-07-02T06:00:00+00:00 [queued]>
[2025-03-24T12:34:44.107+0000] {taskinstance.py:2867} INFO - Starting attempt 1 of 1
[2025-03-24T12:34:44.218+0000] {taskinstance.py:2890} INFO - Executing <Task(BashOperator): download_source_data> on 2023-07-02 06:00:00+00:00
[2025-03-24T12:34:44.250+0000] {warnings.py:112} WARNING - /home/***/.local/lib/python3.12/site-packages/***/task/task_runner/standard_task_runner.py:70: DeprecationWarning: This process (pid=3009) is multi-threaded, use of fork() may lead to deadlocks in the child.
  pid = os.fork()

[2025-03-24T12:34:44.281+0000] {standard_task_runner.py:72} INFO - Started process 3047 to run task
[2025-03-24T12:34:44.283+0000] {standard_task_runner.py:104} INFO - Running: ['***', 'tasks', 'run', 'data_ingestion_postgres_dag', 'download_source_data', 'scheduled__2023-07-02T06:00:00+00:00', '--job-id', '95', '--raw', '--subdir', 'DAGS_FOLDER/data_ingestion_postgres_dag.py', '--cfg-path', '/tmp/tmp9kzckeoo']
[2025-03-24T12:34:44.285+0000] {standard_task_runner.py:105} INFO - Job 95: Subtask download_source_data
[2025-03-24T12:34:44.502+0000] {task_command.py:467} INFO - Running <TaskInstance: data_ingestion_postgres_dag.download_source_data scheduled__2023-07-02T06:00:00+00:00 [running]> on host 4791d3610749
[2025-03-24T12:34:45.011+0000] {taskinstance.py:3134} INFO - Exporting env vars: AIRFLOW_CTX_DAG_OWNER='***' AIRFLOW_CTX_DAG_ID='data_ingestion_postgres_dag' AIRFLOW_CTX_TASK_ID='download_source_data' AIRFLOW_CTX_EXECUTION_DATE='2023-07-02T06:00:00+00:00' AIRFLOW_CTX_TRY_NUMBER='1' AIRFLOW_CTX_DAG_RUN_ID='scheduled__2023-07-02T06:00:00+00:00'
[2025-03-24T12:34:45.012+0000] {taskinstance.py:732} INFO - ::endgroup::
[2025-03-24T12:34:45.169+0000] {subprocess.py:78} INFO - Tmp dir root location: /tmp
[2025-03-24T12:34:45.172+0000] {subprocess.py:88} INFO - Running command: ['/usr/bin/bash', '-c', 'echo 2023-07']
[2025-03-24T12:34:45.311+0000] {subprocess.py:99} INFO - Output:
[2025-03-24T12:34:45.323+0000] {subprocess.py:106} INFO - 2023-07
[2025-03-24T12:34:45.324+0000] {subprocess.py:110} INFO - Command exited with return code 0
[2025-03-24T12:34:45.459+0000] {taskinstance.py:341} INFO - ::group::Post task execution logs
[2025-03-24T12:34:45.459+0000] {taskinstance.py:353} INFO - Marking task as SUCCESS. dag_id=data_ingestion_postgres_dag, task_id=download_source_data, run_id=scheduled__2023-07-02T06:00:00+00:00, execution_date=20230702T060000, start_date=20250324T123444, end_date=20250324T123445
[2025-03-24T12:34:45.696+0000] {local_task_job_runner.py:266} INFO - Task exited with return code 0
[2025-03-24T12:34:45.925+0000] {taskinstance.py:3901} INFO - 1 downstream tasks scheduled from follow-on schedule check
[2025-03-24T12:34:45.936+0000] {local_task_job_runner.py:245} INFO - ::endgroup::
