[2025-03-24T12:35:06.391+0000] {local_task_job_runner.py:123} INFO - ::group::Pre task execution logs
[2025-03-24T12:35:06.488+0000] {taskinstance.py:2614} INFO - Dependencies all met for dep_context=non-requeueable deps ti=<TaskInstance: data_ingestion_postgres_dag.ingest scheduled__2024-03-02T06:00:00+00:00 [queued]>
[2025-03-24T12:35:06.522+0000] {taskinstance.py:2614} INFO - Dependencies all met for dep_context=requeueable deps ti=<TaskInstance: data_ingestion_postgres_dag.ingest scheduled__2024-03-02T06:00:00+00:00 [queued]>
[2025-03-24T12:35:06.524+0000] {taskinstance.py:2867} INFO - Starting attempt 1 of 1
[2025-03-24T12:35:06.585+0000] {taskinstance.py:2890} INFO - Executing <Task(BashOperator): ingest> on 2024-03-02 06:00:00+00:00
[2025-03-24T12:35:06.626+0000] {warnings.py:112} WARNING - /home/***/.local/lib/python3.12/site-packages/***/task/task_runner/standard_task_runner.py:70: DeprecationWarning: This process (pid=3165) is multi-threaded, use of fork() may lead to deadlocks in the child.
  pid = os.fork()

[2025-03-24T12:35:06.637+0000] {standard_task_runner.py:72} INFO - Started process 3198 to run task
[2025-03-24T12:35:06.625+0000] {standard_task_runner.py:104} INFO - Running: ['***', 'tasks', 'run', 'data_ingestion_postgres_dag', 'ingest', 'scheduled__2024-03-02T06:00:00+00:00', '--job-id', '133', '--raw', '--subdir', 'DAGS_FOLDER/data_ingestion_postgres_dag.py', '--cfg-path', '/tmp/tmphllx6c96']
[2025-03-24T12:35:06.644+0000] {standard_task_runner.py:105} INFO - Job 133: Subtask ingest
[2025-03-24T12:35:06.854+0000] {task_command.py:467} INFO - Running <TaskInstance: data_ingestion_postgres_dag.ingest scheduled__2024-03-02T06:00:00+00:00 [running]> on host 4791d3610749
[2025-03-24T12:35:07.443+0000] {taskinstance.py:3134} INFO - Exporting env vars: AIRFLOW_CTX_DAG_OWNER='***' AIRFLOW_CTX_DAG_ID='data_ingestion_postgres_dag' AIRFLOW_CTX_TASK_ID='ingest' AIRFLOW_CTX_EXECUTION_DATE='2024-03-02T06:00:00+00:00' AIRFLOW_CTX_TRY_NUMBER='1' AIRFLOW_CTX_DAG_RUN_ID='scheduled__2024-03-02T06:00:00+00:00'
[2025-03-24T12:35:07.445+0000] {taskinstance.py:732} INFO - ::endgroup::
[2025-03-24T12:35:07.511+0000] {subprocess.py:78} INFO - Tmp dir root location: /tmp
[2025-03-24T12:35:07.513+0000] {subprocess.py:88} INFO - Running command: ['/usr/bin/bash', '-c', 'echo "ls"']
[2025-03-24T12:35:07.655+0000] {subprocess.py:99} INFO - Output:
[2025-03-24T12:35:07.658+0000] {subprocess.py:106} INFO - ls
[2025-03-24T12:35:07.671+0000] {subprocess.py:110} INFO - Command exited with return code 0
[2025-03-24T12:35:07.778+0000] {taskinstance.py:341} INFO - ::group::Post task execution logs
[2025-03-24T12:35:07.787+0000] {taskinstance.py:353} INFO - Marking task as SUCCESS. dag_id=data_ingestion_postgres_dag, task_id=ingest, run_id=scheduled__2024-03-02T06:00:00+00:00, execution_date=20240302T060000, start_date=20250324T123506, end_date=20250324T123507
[2025-03-24T12:35:07.932+0000] {local_task_job_runner.py:266} INFO - Task exited with return code 0
[2025-03-24T12:35:08.008+0000] {taskinstance.py:3901} INFO - 0 downstream tasks scheduled from follow-on schedule check
[2025-03-24T12:35:08.031+0000] {local_task_job_runner.py:245} INFO - ::endgroup::
[2025-03-25T11:09:22.437+0000] {local_task_job_runner.py:123} INFO - ::group::Pre task execution logs
[2025-03-25T11:09:22.696+0000] {taskinstance.py:2614} INFO - Dependencies all met for dep_context=non-requeueable deps ti=<TaskInstance: data_ingestion_postgres_dag.ingest scheduled__2024-03-02T06:00:00+00:00 [queued]>
[2025-03-25T11:09:22.775+0000] {taskinstance.py:2614} INFO - Dependencies all met for dep_context=requeueable deps ti=<TaskInstance: data_ingestion_postgres_dag.ingest scheduled__2024-03-02T06:00:00+00:00 [queued]>
[2025-03-25T11:09:22.783+0000] {taskinstance.py:2867} INFO - Starting attempt 1 of 1
[2025-03-25T11:09:22.929+0000] {taskinstance.py:2890} INFO - Executing <Task(BashOperator): ingest> on 2024-03-02 06:00:00+00:00
[2025-03-25T11:09:22.985+0000] {standard_task_runner.py:104} INFO - Running: ['***', 'tasks', 'run', 'data_ingestion_postgres_dag', 'ingest', 'scheduled__2024-03-02T06:00:00+00:00', '--job-id', '175', '--raw', '--subdir', 'DAGS_FOLDER/data_ingestion_postgres_dag.py', '--cfg-path', '/tmp/tmpnzwo9xy0']
[2025-03-25T11:09:22.990+0000] {standard_task_runner.py:105} INFO - Job 175: Subtask ingest
[2025-03-25T11:09:22.995+0000] {warnings.py:112} WARNING - /home/***/.local/lib/python3.12/site-packages/***/task/task_runner/standard_task_runner.py:70: DeprecationWarning: This process (pid=117) is multi-threaded, use of fork() may lead to deadlocks in the child.
  pid = os.fork()

[2025-03-25T11:09:23.017+0000] {standard_task_runner.py:72} INFO - Started process 156 to run task
[2025-03-25T11:09:23.289+0000] {task_command.py:467} INFO - Running <TaskInstance: data_ingestion_postgres_dag.ingest scheduled__2024-03-02T06:00:00+00:00 [running]> on host 4c8ab9810a8c
[2025-03-25T11:09:23.896+0000] {taskinstance.py:3134} INFO - Exporting env vars: AIRFLOW_CTX_DAG_OWNER='***' AIRFLOW_CTX_DAG_ID='data_ingestion_postgres_dag' AIRFLOW_CTX_TASK_ID='ingest' AIRFLOW_CTX_EXECUTION_DATE='2024-03-02T06:00:00+00:00' AIRFLOW_CTX_TRY_NUMBER='1' AIRFLOW_CTX_DAG_RUN_ID='scheduled__2024-03-02T06:00:00+00:00'
[2025-03-25T11:09:23.898+0000] {taskinstance.py:732} INFO - ::endgroup::
[2025-03-25T11:09:24.175+0000] {subprocess.py:78} INFO - Tmp dir root location: /tmp
[2025-03-25T11:09:24.187+0000] {subprocess.py:88} INFO - Running command: ['/usr/bin/bash', '-c', 'echo "ls"']
[2025-03-25T11:09:24.329+0000] {subprocess.py:99} INFO - Output:
[2025-03-25T11:09:24.366+0000] {subprocess.py:106} INFO - ls
[2025-03-25T11:09:24.368+0000] {subprocess.py:110} INFO - Command exited with return code 0
[2025-03-25T11:09:24.537+0000] {taskinstance.py:341} INFO - ::group::Post task execution logs
[2025-03-25T11:09:24.538+0000] {taskinstance.py:353} INFO - Marking task as SUCCESS. dag_id=data_ingestion_postgres_dag, task_id=ingest, run_id=scheduled__2024-03-02T06:00:00+00:00, execution_date=20240302T060000, start_date=20250325T110922, end_date=20250325T110924
[2025-03-25T11:09:24.831+0000] {local_task_job_runner.py:266} INFO - Task exited with return code 0
[2025-03-25T11:09:24.893+0000] {taskinstance.py:3901} INFO - 0 downstream tasks scheduled from follow-on schedule check
[2025-03-25T11:09:24.919+0000] {local_task_job_runner.py:245} INFO - ::endgroup::
