[2025-03-24T12:35:02.841+0000] {local_task_job_runner.py:123} INFO - ::group::Pre task execution logs
[2025-03-24T12:35:03.040+0000] {taskinstance.py:2614} INFO - Dependencies all met for dep_context=non-requeueable deps ti=<TaskInstance: data_ingestion_postgres_dag.download_source_data scheduled__2024-11-02T06:00:00+00:00 [queued]>
[2025-03-24T12:35:03.074+0000] {taskinstance.py:2614} INFO - Dependencies all met for dep_context=requeueable deps ti=<TaskInstance: data_ingestion_postgres_dag.download_source_data scheduled__2024-11-02T06:00:00+00:00 [queued]>
[2025-03-24T12:35:03.075+0000] {taskinstance.py:2867} INFO - Starting attempt 1 of 1
[2025-03-24T12:35:03.250+0000] {taskinstance.py:2890} INFO - Executing <Task(BashOperator): download_source_data> on 2024-11-02 06:00:00+00:00
[2025-03-24T12:35:03.313+0000] {warnings.py:112} WARNING - /home/***/.local/lib/python3.12/site-packages/***/task/task_runner/standard_task_runner.py:70: DeprecationWarning: This process (pid=3135) is multi-threaded, use of fork() may lead to deadlocks in the child.
  pid = os.fork()

[2025-03-24T12:35:03.337+0000] {standard_task_runner.py:72} INFO - Started process 3174 to run task
[2025-03-24T12:35:03.391+0000] {standard_task_runner.py:104} INFO - Running: ['***', 'tasks', 'run', 'data_ingestion_postgres_dag', 'download_source_data', 'scheduled__2024-11-02T06:00:00+00:00', '--job-id', '127', '--raw', '--subdir', 'DAGS_FOLDER/data_ingestion_postgres_dag.py', '--cfg-path', '/tmp/tmppmxfptdz']
[2025-03-24T12:35:03.413+0000] {standard_task_runner.py:105} INFO - Job 127: Subtask download_source_data
[2025-03-24T12:35:03.976+0000] {task_command.py:467} INFO - Running <TaskInstance: data_ingestion_postgres_dag.download_source_data scheduled__2024-11-02T06:00:00+00:00 [running]> on host 4791d3610749
[2025-03-24T12:35:05.090+0000] {taskinstance.py:3134} INFO - Exporting env vars: AIRFLOW_CTX_DAG_OWNER='***' AIRFLOW_CTX_DAG_ID='data_ingestion_postgres_dag' AIRFLOW_CTX_TASK_ID='download_source_data' AIRFLOW_CTX_EXECUTION_DATE='2024-11-02T06:00:00+00:00' AIRFLOW_CTX_TRY_NUMBER='1' AIRFLOW_CTX_DAG_RUN_ID='scheduled__2024-11-02T06:00:00+00:00'
[2025-03-24T12:35:05.092+0000] {taskinstance.py:732} INFO - ::endgroup::
[2025-03-24T12:35:05.239+0000] {subprocess.py:78} INFO - Tmp dir root location: /tmp
[2025-03-24T12:35:05.253+0000] {subprocess.py:88} INFO - Running command: ['/usr/bin/bash', '-c', 'echo 2024-11']
[2025-03-24T12:35:05.339+0000] {subprocess.py:99} INFO - Output:
[2025-03-24T12:35:05.344+0000] {subprocess.py:106} INFO - 2024-11
[2025-03-24T12:35:05.346+0000] {subprocess.py:110} INFO - Command exited with return code 0
[2025-03-24T12:35:05.445+0000] {taskinstance.py:341} INFO - ::group::Post task execution logs
[2025-03-24T12:35:05.446+0000] {taskinstance.py:353} INFO - Marking task as SUCCESS. dag_id=data_ingestion_postgres_dag, task_id=download_source_data, run_id=scheduled__2024-11-02T06:00:00+00:00, execution_date=20241102T060000, start_date=20250324T123503, end_date=20250324T123505
[2025-03-24T12:35:05.576+0000] {local_task_job_runner.py:266} INFO - Task exited with return code 0
[2025-03-24T12:35:05.598+0000] {local_task_job_runner.py:245} INFO - ::endgroup::
[2025-03-25T11:09:19.554+0000] {local_task_job_runner.py:123} INFO - ::group::Pre task execution logs
[2025-03-25T11:09:19.667+0000] {taskinstance.py:2614} INFO - Dependencies all met for dep_context=non-requeueable deps ti=<TaskInstance: data_ingestion_postgres_dag.download_source_data scheduled__2024-11-02T06:00:00+00:00 [queued]>
[2025-03-25T11:09:19.686+0000] {taskinstance.py:2614} INFO - Dependencies all met for dep_context=requeueable deps ti=<TaskInstance: data_ingestion_postgres_dag.download_source_data scheduled__2024-11-02T06:00:00+00:00 [queued]>
[2025-03-25T11:09:19.687+0000] {taskinstance.py:2867} INFO - Starting attempt 1 of 1
[2025-03-25T11:09:19.721+0000] {taskinstance.py:2890} INFO - Executing <Task(BashOperator): download_source_data> on 2024-11-02 06:00:00+00:00
[2025-03-25T11:09:19.750+0000] {warnings.py:112} WARNING - /home/***/.local/lib/python3.12/site-packages/***/task/task_runner/standard_task_runner.py:70: DeprecationWarning: This process (pid=97) is multi-threaded, use of fork() may lead to deadlocks in the child.
  pid = os.fork()

[2025-03-25T11:09:19.763+0000] {standard_task_runner.py:72} INFO - Started process 126 to run task
[2025-03-25T11:09:19.780+0000] {standard_task_runner.py:104} INFO - Running: ['***', 'tasks', 'run', 'data_ingestion_postgres_dag', 'download_source_data', 'scheduled__2024-11-02T06:00:00+00:00', '--job-id', '170', '--raw', '--subdir', 'DAGS_FOLDER/data_ingestion_postgres_dag.py', '--cfg-path', '/tmp/tmpxbpj2soo']
[2025-03-25T11:09:19.790+0000] {standard_task_runner.py:105} INFO - Job 170: Subtask download_source_data
[2025-03-25T11:09:20.083+0000] {task_command.py:467} INFO - Running <TaskInstance: data_ingestion_postgres_dag.download_source_data scheduled__2024-11-02T06:00:00+00:00 [running]> on host 4c8ab9810a8c
[2025-03-25T11:09:20.881+0000] {taskinstance.py:3134} INFO - Exporting env vars: AIRFLOW_CTX_DAG_OWNER='***' AIRFLOW_CTX_DAG_ID='data_ingestion_postgres_dag' AIRFLOW_CTX_TASK_ID='download_source_data' AIRFLOW_CTX_EXECUTION_DATE='2024-11-02T06:00:00+00:00' AIRFLOW_CTX_TRY_NUMBER='1' AIRFLOW_CTX_DAG_RUN_ID='scheduled__2024-11-02T06:00:00+00:00'
[2025-03-25T11:09:20.886+0000] {taskinstance.py:732} INFO - ::endgroup::
[2025-03-25T11:09:21.130+0000] {subprocess.py:78} INFO - Tmp dir root location: /tmp
[2025-03-25T11:09:21.147+0000] {subprocess.py:88} INFO - Running command: ['/usr/bin/bash', '-c', 'echo 2024-11']
[2025-03-25T11:09:21.236+0000] {subprocess.py:99} INFO - Output:
[2025-03-25T11:09:21.265+0000] {subprocess.py:106} INFO - 2024-11
[2025-03-25T11:09:21.271+0000] {subprocess.py:110} INFO - Command exited with return code 0
[2025-03-25T11:09:21.397+0000] {taskinstance.py:341} INFO - ::group::Post task execution logs
[2025-03-25T11:09:21.398+0000] {taskinstance.py:353} INFO - Marking task as SUCCESS. dag_id=data_ingestion_postgres_dag, task_id=download_source_data, run_id=scheduled__2024-11-02T06:00:00+00:00, execution_date=20241102T060000, start_date=20250325T110919, end_date=20250325T110921
[2025-03-25T11:09:21.644+0000] {local_task_job_runner.py:266} INFO - Task exited with return code 0
[2025-03-25T11:09:21.753+0000] {taskinstance.py:3901} INFO - 1 downstream tasks scheduled from follow-on schedule check
[2025-03-25T11:09:21.764+0000] {local_task_job_runner.py:245} INFO - ::endgroup::
