[2025-03-24T12:35:09.492+0000] {local_task_job_runner.py:123} INFO - ::group::Pre task execution logs
[2025-03-24T12:35:09.532+0000] {taskinstance.py:2614} INFO - Dependencies all met for dep_context=non-requeueable deps ti=<TaskInstance: data_ingestion_postgres_dag.ingest scheduled__2024-12-02T06:00:00+00:00 [queued]>
[2025-03-24T12:35:09.550+0000] {taskinstance.py:2614} INFO - Dependencies all met for dep_context=requeueable deps ti=<TaskInstance: data_ingestion_postgres_dag.ingest scheduled__2024-12-02T06:00:00+00:00 [queued]>
[2025-03-24T12:35:09.551+0000] {taskinstance.py:2867} INFO - Starting attempt 1 of 1
[2025-03-24T12:35:09.579+0000] {taskinstance.py:2890} INFO - Executing <Task(BashOperator): ingest> on 2024-12-02 06:00:00+00:00
[2025-03-24T12:35:09.588+0000] {warnings.py:112} WARNING - /home/***/.local/lib/python3.12/site-packages/***/task/task_runner/standard_task_runner.py:70: DeprecationWarning: This process (pid=3208) is multi-threaded, use of fork() may lead to deadlocks in the child.
  pid = os.fork()

[2025-03-24T12:35:09.592+0000] {standard_task_runner.py:72} INFO - Started process 3230 to run task
[2025-03-24T12:35:09.601+0000] {standard_task_runner.py:104} INFO - Running: ['***', 'tasks', 'run', 'data_ingestion_postgres_dag', 'ingest', 'scheduled__2024-12-02T06:00:00+00:00', '--job-id', '143', '--raw', '--subdir', 'DAGS_FOLDER/data_ingestion_postgres_dag.py', '--cfg-path', '/tmp/tmpdl897tnl']
[2025-03-24T12:35:09.604+0000] {standard_task_runner.py:105} INFO - Job 143: Subtask ingest
[2025-03-24T12:35:09.703+0000] {task_command.py:467} INFO - Running <TaskInstance: data_ingestion_postgres_dag.ingest scheduled__2024-12-02T06:00:00+00:00 [running]> on host 4791d3610749
[2025-03-24T12:35:09.891+0000] {taskinstance.py:3134} INFO - Exporting env vars: AIRFLOW_CTX_DAG_OWNER='***' AIRFLOW_CTX_DAG_ID='data_ingestion_postgres_dag' AIRFLOW_CTX_TASK_ID='ingest' AIRFLOW_CTX_EXECUTION_DATE='2024-12-02T06:00:00+00:00' AIRFLOW_CTX_TRY_NUMBER='1' AIRFLOW_CTX_DAG_RUN_ID='scheduled__2024-12-02T06:00:00+00:00'
[2025-03-24T12:35:09.892+0000] {taskinstance.py:732} INFO - ::endgroup::
[2025-03-24T12:35:09.920+0000] {subprocess.py:78} INFO - Tmp dir root location: /tmp
[2025-03-24T12:35:09.924+0000] {subprocess.py:88} INFO - Running command: ['/usr/bin/bash', '-c', 'echo "ls"']
[2025-03-24T12:35:09.946+0000] {subprocess.py:99} INFO - Output:
[2025-03-24T12:35:09.949+0000] {subprocess.py:106} INFO - ls
[2025-03-24T12:35:09.950+0000] {subprocess.py:110} INFO - Command exited with return code 0
[2025-03-24T12:35:09.996+0000] {taskinstance.py:341} INFO - ::group::Post task execution logs
[2025-03-24T12:35:09.996+0000] {taskinstance.py:353} INFO - Marking task as SUCCESS. dag_id=data_ingestion_postgres_dag, task_id=ingest, run_id=scheduled__2024-12-02T06:00:00+00:00, execution_date=20241202T060000, start_date=20250324T123509, end_date=20250324T123509
[2025-03-24T12:35:10.054+0000] {local_task_job_runner.py:266} INFO - Task exited with return code 0
[2025-03-24T12:35:10.083+0000] {taskinstance.py:3901} INFO - 0 downstream tasks scheduled from follow-on schedule check
[2025-03-24T12:35:10.085+0000] {local_task_job_runner.py:245} INFO - ::endgroup::
[2025-03-25T11:09:26.386+0000] {local_task_job_runner.py:123} INFO - ::group::Pre task execution logs
[2025-03-25T11:09:26.532+0000] {taskinstance.py:2614} INFO - Dependencies all met for dep_context=non-requeueable deps ti=<TaskInstance: data_ingestion_postgres_dag.ingest scheduled__2024-12-02T06:00:00+00:00 [queued]>
[2025-03-25T11:09:26.558+0000] {taskinstance.py:2614} INFO - Dependencies all met for dep_context=requeueable deps ti=<TaskInstance: data_ingestion_postgres_dag.ingest scheduled__2024-12-02T06:00:00+00:00 [queued]>
[2025-03-25T11:09:26.559+0000] {taskinstance.py:2867} INFO - Starting attempt 1 of 1
[2025-03-25T11:09:26.650+0000] {taskinstance.py:2890} INFO - Executing <Task(BashOperator): ingest> on 2024-12-02 06:00:00+00:00
[2025-03-25T11:09:26.705+0000] {warnings.py:112} WARNING - /home/***/.local/lib/python3.12/site-packages/***/task/task_runner/standard_task_runner.py:70: DeprecationWarning: This process (pid=152) is multi-threaded, use of fork() may lead to deadlocks in the child.
  pid = os.fork()

[2025-03-25T11:09:26.722+0000] {standard_task_runner.py:72} INFO - Started process 177 to run task
[2025-03-25T11:09:26.729+0000] {standard_task_runner.py:104} INFO - Running: ['***', 'tasks', 'run', 'data_ingestion_postgres_dag', 'ingest', 'scheduled__2024-12-02T06:00:00+00:00', '--job-id', '184', '--raw', '--subdir', 'DAGS_FOLDER/data_ingestion_postgres_dag.py', '--cfg-path', '/tmp/tmppl96d4ej']
[2025-03-25T11:09:26.737+0000] {standard_task_runner.py:105} INFO - Job 184: Subtask ingest
[2025-03-25T11:09:26.958+0000] {task_command.py:467} INFO - Running <TaskInstance: data_ingestion_postgres_dag.ingest scheduled__2024-12-02T06:00:00+00:00 [running]> on host 4c8ab9810a8c
[2025-03-25T11:09:27.321+0000] {taskinstance.py:3134} INFO - Exporting env vars: AIRFLOW_CTX_DAG_OWNER='***' AIRFLOW_CTX_DAG_ID='data_ingestion_postgres_dag' AIRFLOW_CTX_TASK_ID='ingest' AIRFLOW_CTX_EXECUTION_DATE='2024-12-02T06:00:00+00:00' AIRFLOW_CTX_TRY_NUMBER='1' AIRFLOW_CTX_DAG_RUN_ID='scheduled__2024-12-02T06:00:00+00:00'
[2025-03-25T11:09:27.351+0000] {taskinstance.py:732} INFO - ::endgroup::
[2025-03-25T11:09:27.399+0000] {subprocess.py:78} INFO - Tmp dir root location: /tmp
[2025-03-25T11:09:27.415+0000] {subprocess.py:88} INFO - Running command: ['/usr/bin/bash', '-c', 'echo "ls"']
[2025-03-25T11:09:27.464+0000] {subprocess.py:99} INFO - Output:
[2025-03-25T11:09:27.482+0000] {subprocess.py:106} INFO - ls
[2025-03-25T11:09:27.483+0000] {subprocess.py:110} INFO - Command exited with return code 0
[2025-03-25T11:09:27.567+0000] {taskinstance.py:341} INFO - ::group::Post task execution logs
[2025-03-25T11:09:27.570+0000] {taskinstance.py:353} INFO - Marking task as SUCCESS. dag_id=data_ingestion_postgres_dag, task_id=ingest, run_id=scheduled__2024-12-02T06:00:00+00:00, execution_date=20241202T060000, start_date=20250325T110926, end_date=20250325T110927
[2025-03-25T11:09:27.735+0000] {local_task_job_runner.py:266} INFO - Task exited with return code 0
[2025-03-25T11:09:27.778+0000] {taskinstance.py:3901} INFO - 0 downstream tasks scheduled from follow-on schedule check
[2025-03-25T11:09:27.812+0000] {local_task_job_runner.py:245} INFO - ::endgroup::
