[2025-03-24T12:35:01.056+0000] {local_task_job_runner.py:123} INFO - ::group::Pre task execution logs
[2025-03-24T12:35:01.196+0000] {taskinstance.py:2614} INFO - Dependencies all met for dep_context=non-requeueable deps ti=<TaskInstance: data_ingestion_postgres_dag.download_source_data scheduled__2024-09-02T06:00:00+00:00 [queued]>
[2025-03-24T12:35:01.314+0000] {taskinstance.py:2614} INFO - Dependencies all met for dep_context=requeueable deps ti=<TaskInstance: data_ingestion_postgres_dag.download_source_data scheduled__2024-09-02T06:00:00+00:00 [queued]>
[2025-03-24T12:35:01.316+0000] {taskinstance.py:2867} INFO - Starting attempt 1 of 1
[2025-03-24T12:35:01.620+0000] {taskinstance.py:2890} INFO - Executing <Task(BashOperator): download_source_data> on 2024-09-02 06:00:00+00:00
[2025-03-24T12:35:01.629+0000] {warnings.py:112} WARNING - /home/***/.local/lib/python3.12/site-packages/***/task/task_runner/standard_task_runner.py:70: DeprecationWarning: This process (pid=3130) is multi-threaded, use of fork() may lead to deadlocks in the child.
  pid = os.fork()

[2025-03-24T12:35:01.632+0000] {standard_task_runner.py:72} INFO - Started process 3162 to run task
[2025-03-24T12:35:01.695+0000] {standard_task_runner.py:104} INFO - Running: ['***', 'tasks', 'run', 'data_ingestion_postgres_dag', 'download_source_data', 'scheduled__2024-09-02T06:00:00+00:00', '--job-id', '124', '--raw', '--subdir', 'DAGS_FOLDER/data_ingestion_postgres_dag.py', '--cfg-path', '/tmp/tmp3ewefa_c']
[2025-03-24T12:35:01.722+0000] {standard_task_runner.py:105} INFO - Job 124: Subtask download_source_data
[2025-03-24T12:35:02.283+0000] {task_command.py:467} INFO - Running <TaskInstance: data_ingestion_postgres_dag.download_source_data scheduled__2024-09-02T06:00:00+00:00 [running]> on host 4791d3610749
[2025-03-24T12:35:03.580+0000] {taskinstance.py:3134} INFO - Exporting env vars: AIRFLOW_CTX_DAG_OWNER='***' AIRFLOW_CTX_DAG_ID='data_ingestion_postgres_dag' AIRFLOW_CTX_TASK_ID='download_source_data' AIRFLOW_CTX_EXECUTION_DATE='2024-09-02T06:00:00+00:00' AIRFLOW_CTX_TRY_NUMBER='1' AIRFLOW_CTX_DAG_RUN_ID='scheduled__2024-09-02T06:00:00+00:00'
[2025-03-24T12:35:03.582+0000] {taskinstance.py:732} INFO - ::endgroup::
[2025-03-24T12:35:03.729+0000] {subprocess.py:78} INFO - Tmp dir root location: /tmp
[2025-03-24T12:35:03.805+0000] {subprocess.py:88} INFO - Running command: ['/usr/bin/bash', '-c', 'echo 2024-09']
[2025-03-24T12:35:03.955+0000] {subprocess.py:99} INFO - Output:
[2025-03-24T12:35:03.977+0000] {subprocess.py:106} INFO - 2024-09
[2025-03-24T12:35:03.982+0000] {subprocess.py:110} INFO - Command exited with return code 0
[2025-03-24T12:35:04.184+0000] {taskinstance.py:341} INFO - ::group::Post task execution logs
[2025-03-24T12:35:04.194+0000] {taskinstance.py:353} INFO - Marking task as SUCCESS. dag_id=data_ingestion_postgres_dag, task_id=download_source_data, run_id=scheduled__2024-09-02T06:00:00+00:00, execution_date=20240902T060000, start_date=20250324T123501, end_date=20250324T123504
[2025-03-24T12:35:04.578+0000] {local_task_job_runner.py:266} INFO - Task exited with return code 0
[2025-03-24T12:35:04.791+0000] {taskinstance.py:3901} INFO - 1 downstream tasks scheduled from follow-on schedule check
[2025-03-24T12:35:04.801+0000] {local_task_job_runner.py:245} INFO - ::endgroup::
[2025-03-25T11:09:19.080+0000] {local_task_job_runner.py:123} INFO - ::group::Pre task execution logs
[2025-03-25T11:09:19.179+0000] {taskinstance.py:2614} INFO - Dependencies all met for dep_context=non-requeueable deps ti=<TaskInstance: data_ingestion_postgres_dag.download_source_data scheduled__2024-09-02T06:00:00+00:00 [queued]>
[2025-03-25T11:09:19.238+0000] {taskinstance.py:2614} INFO - Dependencies all met for dep_context=requeueable deps ti=<TaskInstance: data_ingestion_postgres_dag.download_source_data scheduled__2024-09-02T06:00:00+00:00 [queued]>
[2025-03-25T11:09:19.240+0000] {taskinstance.py:2867} INFO - Starting attempt 1 of 1
[2025-03-25T11:09:19.371+0000] {taskinstance.py:2890} INFO - Executing <Task(BashOperator): download_source_data> on 2024-09-02 06:00:00+00:00
[2025-03-25T11:09:19.411+0000] {warnings.py:112} WARNING - /home/***/.local/lib/python3.12/site-packages/***/task/task_runner/standard_task_runner.py:70: DeprecationWarning: This process (pid=93) is multi-threaded, use of fork() may lead to deadlocks in the child.
  pid = os.fork()

[2025-03-25T11:09:19.414+0000] {standard_task_runner.py:72} INFO - Started process 123 to run task
[2025-03-25T11:09:19.442+0000] {standard_task_runner.py:104} INFO - Running: ['***', 'tasks', 'run', 'data_ingestion_postgres_dag', 'download_source_data', 'scheduled__2024-09-02T06:00:00+00:00', '--job-id', '168', '--raw', '--subdir', 'DAGS_FOLDER/data_ingestion_postgres_dag.py', '--cfg-path', '/tmp/tmp1b006bmk']
[2025-03-25T11:09:19.449+0000] {standard_task_runner.py:105} INFO - Job 168: Subtask download_source_data
[2025-03-25T11:09:19.790+0000] {task_command.py:467} INFO - Running <TaskInstance: data_ingestion_postgres_dag.download_source_data scheduled__2024-09-02T06:00:00+00:00 [running]> on host 4c8ab9810a8c
[2025-03-25T11:09:20.730+0000] {taskinstance.py:3134} INFO - Exporting env vars: AIRFLOW_CTX_DAG_OWNER='***' AIRFLOW_CTX_DAG_ID='data_ingestion_postgres_dag' AIRFLOW_CTX_TASK_ID='download_source_data' AIRFLOW_CTX_EXECUTION_DATE='2024-09-02T06:00:00+00:00' AIRFLOW_CTX_TRY_NUMBER='1' AIRFLOW_CTX_DAG_RUN_ID='scheduled__2024-09-02T06:00:00+00:00'
[2025-03-25T11:09:20.731+0000] {taskinstance.py:732} INFO - ::endgroup::
[2025-03-25T11:09:20.898+0000] {subprocess.py:78} INFO - Tmp dir root location: /tmp
[2025-03-25T11:09:20.906+0000] {subprocess.py:88} INFO - Running command: ['/usr/bin/bash', '-c', 'echo 2024-09']
[2025-03-25T11:09:21.019+0000] {subprocess.py:99} INFO - Output:
[2025-03-25T11:09:21.071+0000] {subprocess.py:106} INFO - 2024-09
[2025-03-25T11:09:21.091+0000] {subprocess.py:110} INFO - Command exited with return code 0
[2025-03-25T11:09:21.176+0000] {taskinstance.py:341} INFO - ::group::Post task execution logs
[2025-03-25T11:09:21.180+0000] {taskinstance.py:353} INFO - Marking task as SUCCESS. dag_id=data_ingestion_postgres_dag, task_id=download_source_data, run_id=scheduled__2024-09-02T06:00:00+00:00, execution_date=20240902T060000, start_date=20250325T110919, end_date=20250325T110921
[2025-03-25T11:09:21.378+0000] {local_task_job_runner.py:266} INFO - Task exited with return code 0
[2025-03-25T11:09:21.525+0000] {taskinstance.py:3901} INFO - 1 downstream tasks scheduled from follow-on schedule check
[2025-03-25T11:09:21.532+0000] {local_task_job_runner.py:245} INFO - ::endgroup::
