[2025-04-02T11:31:29.636+0000] {local_task_job_runner.py:123} INFO - ::group::Pre task execution logs
[2025-04-02T11:31:29.666+0000] {taskinstance.py:2614} INFO - Dependencies all met for dep_context=non-requeueable deps ti=<TaskInstance: data_ingestion_gcs_parquet_dag.download_dataset_task scheduled__2024-05-02T06:00:00+00:00 [queued]>
[2025-04-02T11:31:29.682+0000] {taskinstance.py:2614} INFO - Dependencies all met for dep_context=requeueable deps ti=<TaskInstance: data_ingestion_gcs_parquet_dag.download_dataset_task scheduled__2024-05-02T06:00:00+00:00 [queued]>
[2025-04-02T11:31:29.683+0000] {taskinstance.py:2867} INFO - Starting attempt 1 of 1
[2025-04-02T11:31:29.715+0000] {taskinstance.py:2890} INFO - Executing <Task(BashOperator): download_dataset_task> on 2024-05-02 06:00:00+00:00
[2025-04-02T11:31:29.732+0000] {warnings.py:112} WARNING - /home/***/.local/lib/python3.12/site-packages/***/task/task_runner/standard_task_runner.py:70: DeprecationWarning: This process (pid=287) is multi-threaded, use of fork() may lead to deadlocks in the child.
  pid = os.fork()

[2025-04-02T11:31:29.735+0000] {standard_task_runner.py:72} INFO - Started process 292 to run task
[2025-04-02T11:31:29.740+0000] {standard_task_runner.py:104} INFO - Running: ['***', 'tasks', 'run', 'data_ingestion_gcs_parquet_dag', 'download_dataset_task', 'scheduled__2024-05-02T06:00:00+00:00', '--job-id', '266', '--raw', '--subdir', 'DAGS_FOLDER/data_ingestion_gcs_parquet_dag.py', '--cfg-path', '/tmp/tmp071838jw']
[2025-04-02T11:31:29.745+0000] {standard_task_runner.py:105} INFO - Job 266: Subtask download_dataset_task
[2025-04-02T11:31:29.823+0000] {task_command.py:467} INFO - Running <TaskInstance: data_ingestion_gcs_parquet_dag.download_dataset_task scheduled__2024-05-02T06:00:00+00:00 [running]> on host 0f77830e7010
[2025-04-02T11:31:29.987+0000] {taskinstance.py:3134} INFO - Exporting env vars: AIRFLOW_CTX_DAG_OWNER='***' AIRFLOW_CTX_DAG_ID='data_ingestion_gcs_parquet_dag' AIRFLOW_CTX_TASK_ID='download_dataset_task' AIRFLOW_CTX_EXECUTION_DATE='2024-05-02T06:00:00+00:00' AIRFLOW_CTX_TRY_NUMBER='1' AIRFLOW_CTX_DAG_RUN_ID='scheduled__2024-05-02T06:00:00+00:00'
[2025-04-02T11:31:29.989+0000] {taskinstance.py:732} INFO - ::endgroup::
[2025-04-02T11:31:30.018+0000] {subprocess.py:78} INFO - Tmp dir root location: /tmp
[2025-04-02T11:31:30.019+0000] {subprocess.py:88} INFO - Running command: ['/usr/bin/bash', '-c', '\n        curl -sSL https://d37ci6vzurychx.cloudfront.net/trip-data/yellow_tripdata_2024-05.parquet > /opt/***/yellow_tripdata_2024-05.parquet &&\n        echo "Source dataset downloaded successfully!"\n        ']
[2025-04-02T11:31:30.042+0000] {subprocess.py:99} INFO - Output:
[2025-04-02T11:31:36.363+0000] {subprocess.py:106} INFO - Source dataset downloaded successfully!
[2025-04-02T11:31:36.364+0000] {subprocess.py:110} INFO - Command exited with return code 0
[2025-04-02T11:31:36.402+0000] {taskinstance.py:341} INFO - ::group::Post task execution logs
[2025-04-02T11:31:36.403+0000] {taskinstance.py:353} INFO - Marking task as SUCCESS. dag_id=data_ingestion_gcs_parquet_dag, task_id=download_dataset_task, run_id=scheduled__2024-05-02T06:00:00+00:00, execution_date=20240502T060000, start_date=20250402T113129, end_date=20250402T113136
[2025-04-02T11:31:36.464+0000] {local_task_job_runner.py:266} INFO - Task exited with return code 0
[2025-04-02T11:31:36.511+0000] {taskinstance.py:3901} INFO - 1 downstream tasks scheduled from follow-on schedule check
[2025-04-02T11:31:36.513+0000] {local_task_job_runner.py:245} INFO - ::endgroup::
