[2025-03-25T14:12:26.419+0000] {local_task_job_runner.py:123} INFO - ::group::Pre task execution logs
[2025-03-25T14:12:26.452+0000] {taskinstance.py:2614} INFO - Dependencies all met for dep_context=non-requeueable deps ti=<TaskInstance: data_ingestion_postgres_dag.ingest_data_to_postgres scheduled__2024-01-02T06:00:00+00:00 [queued]>
[2025-03-25T14:12:26.468+0000] {taskinstance.py:2614} INFO - Dependencies all met for dep_context=requeueable deps ti=<TaskInstance: data_ingestion_postgres_dag.ingest_data_to_postgres scheduled__2024-01-02T06:00:00+00:00 [queued]>
[2025-03-25T14:12:26.468+0000] {taskinstance.py:2867} INFO - Starting attempt 1 of 1
[2025-03-25T14:12:26.486+0000] {taskinstance.py:2890} INFO - Executing <Task(PythonOperator): ingest_data_to_postgres> on 2024-01-02 06:00:00+00:00
[2025-03-25T14:12:26.499+0000] {warnings.py:112} WARNING - /home/***/.local/lib/python3.12/site-packages/***/task/task_runner/standard_task_runner.py:70: DeprecationWarning: This process (pid=246) is multi-threaded, use of fork() may lead to deadlocks in the child.
  pid = os.fork()

[2025-03-25T14:12:26.502+0000] {standard_task_runner.py:72} INFO - Started process 248 to run task
[2025-03-25T14:12:26.502+0000] {standard_task_runner.py:104} INFO - Running: ['***', 'tasks', 'run', 'data_ingestion_postgres_dag', 'ingest_data_to_postgres', 'scheduled__2024-01-02T06:00:00+00:00', '--job-id', '193', '--raw', '--subdir', 'DAGS_FOLDER/data_ingestion_postgres_dag.py', '--cfg-path', '/tmp/tmpmlqr5v7m']
[2025-03-25T14:12:26.506+0000] {standard_task_runner.py:105} INFO - Job 193: Subtask ingest_data_to_postgres
[2025-03-25T14:12:26.583+0000] {task_command.py:467} INFO - Running <TaskInstance: data_ingestion_postgres_dag.ingest_data_to_postgres scheduled__2024-01-02T06:00:00+00:00 [running]> on host be45302e07c1
[2025-03-25T14:12:27.066+0000] {taskinstance.py:3134} INFO - Exporting env vars: AIRFLOW_CTX_DAG_OWNER='***' AIRFLOW_CTX_DAG_ID='data_ingestion_postgres_dag' AIRFLOW_CTX_TASK_ID='ingest_data_to_postgres' AIRFLOW_CTX_EXECUTION_DATE='2024-01-02T06:00:00+00:00' AIRFLOW_CTX_TRY_NUMBER='1' AIRFLOW_CTX_DAG_RUN_ID='scheduled__2024-01-02T06:00:00+00:00'
[2025-03-25T14:12:27.067+0000] {taskinstance.py:732} INFO - ::endgroup::
[2025-03-25T14:12:27.085+0000] {logging_mixin.py:190} INFO - yellow_taxi_"2024_01" /opt/***/yellow_taxi_2024-01.parquet
[2025-03-25T14:12:27.102+0000] {python.py:240} INFO - Done. Returned value was: None
[2025-03-25T14:12:27.117+0000] {taskinstance.py:341} INFO - ::group::Post task execution logs
[2025-03-25T14:12:27.118+0000] {taskinstance.py:353} INFO - Marking task as SUCCESS. dag_id=data_ingestion_postgres_dag, task_id=ingest_data_to_postgres, run_id=scheduled__2024-01-02T06:00:00+00:00, execution_date=20240102T060000, start_date=20250325T141226, end_date=20250325T141227
[2025-03-25T14:12:27.200+0000] {local_task_job_runner.py:266} INFO - Task exited with return code 0
[2025-03-25T14:12:27.223+0000] {taskinstance.py:3901} INFO - 0 downstream tasks scheduled from follow-on schedule check
[2025-03-25T14:12:27.225+0000] {local_task_job_runner.py:245} INFO - ::endgroup::
