[2025-03-24T12:35:09.292+0000] {local_task_job_runner.py:123} INFO - ::group::Pre task execution logs
[2025-03-24T12:35:09.347+0000] {taskinstance.py:2614} INFO - Dependencies all met for dep_context=non-requeueable deps ti=<TaskInstance: data_ingestion_postgres_dag.ingest scheduled__2024-11-02T06:00:00+00:00 [queued]>
[2025-03-24T12:35:09.386+0000] {taskinstance.py:2614} INFO - Dependencies all met for dep_context=requeueable deps ti=<TaskInstance: data_ingestion_postgres_dag.ingest scheduled__2024-11-02T06:00:00+00:00 [queued]>
[2025-03-24T12:35:09.387+0000] {taskinstance.py:2867} INFO - Starting attempt 1 of 1
[2025-03-24T12:35:09.416+0000] {taskinstance.py:2890} INFO - Executing <Task(BashOperator): ingest> on 2024-11-02 06:00:00+00:00
[2025-03-24T12:35:09.427+0000] {warnings.py:112} WARNING - /home/***/.local/lib/python3.12/site-packages/***/task/task_runner/standard_task_runner.py:70: DeprecationWarning: This process (pid=3197) is multi-threaded, use of fork() may lead to deadlocks in the child.
  pid = os.fork()

[2025-03-24T12:35:09.429+0000] {standard_task_runner.py:72} INFO - Started process 3228 to run task
[2025-03-24T12:35:09.437+0000] {standard_task_runner.py:104} INFO - Running: ['***', 'tasks', 'run', 'data_ingestion_postgres_dag', 'ingest', 'scheduled__2024-11-02T06:00:00+00:00', '--job-id', '142', '--raw', '--subdir', 'DAGS_FOLDER/data_ingestion_postgres_dag.py', '--cfg-path', '/tmp/tmpovftvund']
[2025-03-24T12:35:09.441+0000] {standard_task_runner.py:105} INFO - Job 142: Subtask ingest
[2025-03-24T12:35:09.549+0000] {task_command.py:467} INFO - Running <TaskInstance: data_ingestion_postgres_dag.ingest scheduled__2024-11-02T06:00:00+00:00 [running]> on host 4791d3610749
[2025-03-24T12:35:09.751+0000] {taskinstance.py:3134} INFO - Exporting env vars: AIRFLOW_CTX_DAG_OWNER='***' AIRFLOW_CTX_DAG_ID='data_ingestion_postgres_dag' AIRFLOW_CTX_TASK_ID='ingest' AIRFLOW_CTX_EXECUTION_DATE='2024-11-02T06:00:00+00:00' AIRFLOW_CTX_TRY_NUMBER='1' AIRFLOW_CTX_DAG_RUN_ID='scheduled__2024-11-02T06:00:00+00:00'
[2025-03-24T12:35:09.752+0000] {taskinstance.py:732} INFO - ::endgroup::
[2025-03-24T12:35:09.779+0000] {subprocess.py:78} INFO - Tmp dir root location: /tmp
[2025-03-24T12:35:09.780+0000] {subprocess.py:88} INFO - Running command: ['/usr/bin/bash', '-c', 'echo "ls"']
[2025-03-24T12:35:09.799+0000] {subprocess.py:99} INFO - Output:
[2025-03-24T12:35:09.804+0000] {subprocess.py:106} INFO - ls
[2025-03-24T12:35:09.805+0000] {subprocess.py:110} INFO - Command exited with return code 0
[2025-03-24T12:35:09.862+0000] {taskinstance.py:341} INFO - ::group::Post task execution logs
[2025-03-24T12:35:09.863+0000] {taskinstance.py:353} INFO - Marking task as SUCCESS. dag_id=data_ingestion_postgres_dag, task_id=ingest, run_id=scheduled__2024-11-02T06:00:00+00:00, execution_date=20241102T060000, start_date=20250324T123509, end_date=20250324T123509
[2025-03-24T12:35:09.942+0000] {local_task_job_runner.py:266} INFO - Task exited with return code 0
[2025-03-24T12:35:09.970+0000] {taskinstance.py:3901} INFO - 0 downstream tasks scheduled from follow-on schedule check
[2025-03-24T12:35:09.972+0000] {local_task_job_runner.py:245} INFO - ::endgroup::
[2025-03-25T11:09:26.620+0000] {local_task_job_runner.py:123} INFO - ::group::Pre task execution logs
[2025-03-25T11:09:26.738+0000] {taskinstance.py:2614} INFO - Dependencies all met for dep_context=non-requeueable deps ti=<TaskInstance: data_ingestion_postgres_dag.ingest scheduled__2024-11-02T06:00:00+00:00 [queued]>
[2025-03-25T11:09:26.791+0000] {taskinstance.py:2614} INFO - Dependencies all met for dep_context=requeueable deps ti=<TaskInstance: data_ingestion_postgres_dag.ingest scheduled__2024-11-02T06:00:00+00:00 [queued]>
[2025-03-25T11:09:26.791+0000] {taskinstance.py:2867} INFO - Starting attempt 1 of 1
[2025-03-25T11:09:26.842+0000] {taskinstance.py:2890} INFO - Executing <Task(BashOperator): ingest> on 2024-11-02 06:00:00+00:00
[2025-03-25T11:09:26.862+0000] {warnings.py:112} WARNING - /home/***/.local/lib/python3.12/site-packages/***/task/task_runner/standard_task_runner.py:70: DeprecationWarning: This process (pid=153) is multi-threaded, use of fork() may lead to deadlocks in the child.
  pid = os.fork()

[2025-03-25T11:09:26.865+0000] {standard_task_runner.py:72} INFO - Started process 183 to run task
[2025-03-25T11:09:26.876+0000] {standard_task_runner.py:104} INFO - Running: ['***', 'tasks', 'run', 'data_ingestion_postgres_dag', 'ingest', 'scheduled__2024-11-02T06:00:00+00:00', '--job-id', '185', '--raw', '--subdir', 'DAGS_FOLDER/data_ingestion_postgres_dag.py', '--cfg-path', '/tmp/tmp3nuiwpng']
[2025-03-25T11:09:26.880+0000] {standard_task_runner.py:105} INFO - Job 185: Subtask ingest
[2025-03-25T11:09:27.004+0000] {task_command.py:467} INFO - Running <TaskInstance: data_ingestion_postgres_dag.ingest scheduled__2024-11-02T06:00:00+00:00 [running]> on host 4c8ab9810a8c
[2025-03-25T11:09:27.429+0000] {taskinstance.py:3134} INFO - Exporting env vars: AIRFLOW_CTX_DAG_OWNER='***' AIRFLOW_CTX_DAG_ID='data_ingestion_postgres_dag' AIRFLOW_CTX_TASK_ID='ingest' AIRFLOW_CTX_EXECUTION_DATE='2024-11-02T06:00:00+00:00' AIRFLOW_CTX_TRY_NUMBER='1' AIRFLOW_CTX_DAG_RUN_ID='scheduled__2024-11-02T06:00:00+00:00'
[2025-03-25T11:09:27.431+0000] {taskinstance.py:732} INFO - ::endgroup::
[2025-03-25T11:09:27.502+0000] {subprocess.py:78} INFO - Tmp dir root location: /tmp
[2025-03-25T11:09:27.505+0000] {subprocess.py:88} INFO - Running command: ['/usr/bin/bash', '-c', 'echo "ls"']
[2025-03-25T11:09:27.531+0000] {subprocess.py:99} INFO - Output:
[2025-03-25T11:09:27.538+0000] {subprocess.py:106} INFO - ls
[2025-03-25T11:09:27.539+0000] {subprocess.py:110} INFO - Command exited with return code 0
[2025-03-25T11:09:27.627+0000] {taskinstance.py:341} INFO - ::group::Post task execution logs
[2025-03-25T11:09:27.627+0000] {taskinstance.py:353} INFO - Marking task as SUCCESS. dag_id=data_ingestion_postgres_dag, task_id=ingest, run_id=scheduled__2024-11-02T06:00:00+00:00, execution_date=20241102T060000, start_date=20250325T110926, end_date=20250325T110927
[2025-03-25T11:09:27.770+0000] {local_task_job_runner.py:266} INFO - Task exited with return code 0
[2025-03-25T11:09:27.806+0000] {local_task_job_runner.py:245} INFO - ::endgroup::
