[2025-03-26T11:14:26.272+0000] {processor.py:186} INFO - Started process (PID=34) to work on /opt/airflow/dags/data_ingestion_postgres_dag.py
[2025-03-26T11:14:26.275+0000] {processor.py:914} INFO - Processing file /opt/airflow/dags/data_ingestion_postgres_dag.py for tasks to queue
[2025-03-26T11:14:26.279+0000] {logging_mixin.py:190} INFO - [2025-03-26T11:14:26.278+0000] {dagbag.py:588} INFO - Filling up the DagBag from /opt/airflow/dags/data_ingestion_postgres_dag.py
[2025-03-26T11:14:27.944+0000] {processor.py:925} INFO - DAG(s) 'data_ingestion_postgres_dag' retrieved from /opt/airflow/dags/data_ingestion_postgres_dag.py
[2025-03-26T11:14:27.997+0000] {logging_mixin.py:190} INFO - [2025-03-26T11:14:27.997+0000] {dag.py:3239} INFO - Sync 1 DAGs
[2025-03-26T11:14:28.046+0000] {logging_mixin.py:190} INFO - [2025-03-26T11:14:28.046+0000] {dag.py:4180} INFO - Setting next_dagrun for data_ingestion_postgres_dag to 2025-03-02 06:00:00+00:00, run_after=2025-04-02 06:00:00+00:00
[2025-03-26T11:14:28.075+0000] {processor.py:208} INFO - Processing /opt/airflow/dags/data_ingestion_postgres_dag.py took 1.816 seconds
[2025-03-26T11:14:58.955+0000] {processor.py:186} INFO - Started process (PID=43) to work on /opt/airflow/dags/data_ingestion_postgres_dag.py
[2025-03-26T11:14:58.956+0000] {processor.py:914} INFO - Processing file /opt/airflow/dags/data_ingestion_postgres_dag.py for tasks to queue
[2025-03-26T11:14:58.961+0000] {logging_mixin.py:190} INFO - [2025-03-26T11:14:58.960+0000] {dagbag.py:588} INFO - Filling up the DagBag from /opt/airflow/dags/data_ingestion_postgres_dag.py
[2025-03-26T11:14:58.997+0000] {processor.py:925} INFO - DAG(s) 'data_ingestion_postgres_dag' retrieved from /opt/airflow/dags/data_ingestion_postgres_dag.py
[2025-03-26T11:14:59.040+0000] {logging_mixin.py:190} INFO - [2025-03-26T11:14:59.039+0000] {dag.py:3239} INFO - Sync 1 DAGs
[2025-03-26T11:14:59.086+0000] {logging_mixin.py:190} INFO - [2025-03-26T11:14:59.085+0000] {dag.py:4180} INFO - Setting next_dagrun for data_ingestion_postgres_dag to 2025-03-02 06:00:00+00:00, run_after=2025-04-02 06:00:00+00:00
[2025-03-26T11:14:59.116+0000] {processor.py:208} INFO - Processing /opt/airflow/dags/data_ingestion_postgres_dag.py took 0.172 seconds
[2025-03-26T11:15:29.330+0000] {processor.py:186} INFO - Started process (PID=51) to work on /opt/airflow/dags/data_ingestion_postgres_dag.py
[2025-03-26T11:15:29.332+0000] {processor.py:914} INFO - Processing file /opt/airflow/dags/data_ingestion_postgres_dag.py for tasks to queue
[2025-03-26T11:15:29.335+0000] {logging_mixin.py:190} INFO - [2025-03-26T11:15:29.335+0000] {dagbag.py:588} INFO - Filling up the DagBag from /opt/airflow/dags/data_ingestion_postgres_dag.py
[2025-03-26T11:15:29.364+0000] {processor.py:925} INFO - DAG(s) 'data_ingestion_postgres_dag' retrieved from /opt/airflow/dags/data_ingestion_postgres_dag.py
[2025-03-26T11:15:29.394+0000] {logging_mixin.py:190} INFO - [2025-03-26T11:15:29.394+0000] {dag.py:3239} INFO - Sync 1 DAGs
[2025-03-26T11:15:29.426+0000] {logging_mixin.py:190} INFO - [2025-03-26T11:15:29.426+0000] {dag.py:4180} INFO - Setting next_dagrun for data_ingestion_postgres_dag to 2025-03-02 06:00:00+00:00, run_after=2025-04-02 06:00:00+00:00
[2025-03-26T11:15:29.450+0000] {processor.py:208} INFO - Processing /opt/airflow/dags/data_ingestion_postgres_dag.py took 0.129 seconds
[2025-03-26T11:15:59.663+0000] {processor.py:186} INFO - Started process (PID=58) to work on /opt/airflow/dags/data_ingestion_postgres_dag.py
[2025-03-26T11:15:59.665+0000] {processor.py:914} INFO - Processing file /opt/airflow/dags/data_ingestion_postgres_dag.py for tasks to queue
[2025-03-26T11:15:59.668+0000] {logging_mixin.py:190} INFO - [2025-03-26T11:15:59.667+0000] {dagbag.py:588} INFO - Filling up the DagBag from /opt/airflow/dags/data_ingestion_postgres_dag.py
[2025-03-26T11:15:59.695+0000] {processor.py:925} INFO - DAG(s) 'data_ingestion_postgres_dag' retrieved from /opt/airflow/dags/data_ingestion_postgres_dag.py
[2025-03-26T11:15:59.725+0000] {logging_mixin.py:190} INFO - [2025-03-26T11:15:59.725+0000] {dag.py:3239} INFO - Sync 1 DAGs
[2025-03-26T11:15:59.767+0000] {logging_mixin.py:190} INFO - [2025-03-26T11:15:59.766+0000] {dag.py:4180} INFO - Setting next_dagrun for data_ingestion_postgres_dag to 2025-03-02 06:00:00+00:00, run_after=2025-04-02 06:00:00+00:00
[2025-03-26T11:15:59.796+0000] {processor.py:208} INFO - Processing /opt/airflow/dags/data_ingestion_postgres_dag.py took 0.141 seconds
[2025-03-26T11:16:30.008+0000] {processor.py:186} INFO - Started process (PID=66) to work on /opt/airflow/dags/data_ingestion_postgres_dag.py
[2025-03-26T11:16:30.009+0000] {processor.py:914} INFO - Processing file /opt/airflow/dags/data_ingestion_postgres_dag.py for tasks to queue
[2025-03-26T11:16:30.013+0000] {logging_mixin.py:190} INFO - [2025-03-26T11:16:30.013+0000] {dagbag.py:588} INFO - Filling up the DagBag from /opt/airflow/dags/data_ingestion_postgres_dag.py
[2025-03-26T11:16:30.043+0000] {processor.py:925} INFO - DAG(s) 'data_ingestion_postgres_dag' retrieved from /opt/airflow/dags/data_ingestion_postgres_dag.py
[2025-03-26T11:16:30.078+0000] {logging_mixin.py:190} INFO - [2025-03-26T11:16:30.078+0000] {dag.py:3239} INFO - Sync 1 DAGs
[2025-03-26T11:16:30.115+0000] {logging_mixin.py:190} INFO - [2025-03-26T11:16:30.115+0000] {dag.py:4180} INFO - Setting next_dagrun for data_ingestion_postgres_dag to 2025-03-02 06:00:00+00:00, run_after=2025-04-02 06:00:00+00:00
[2025-03-26T11:16:30.401+0000] {processor.py:208} INFO - Processing /opt/airflow/dags/data_ingestion_postgres_dag.py took 0.403 seconds
[2025-03-26T11:17:00.631+0000] {processor.py:186} INFO - Started process (PID=75) to work on /opt/airflow/dags/data_ingestion_postgres_dag.py
[2025-03-26T11:17:00.632+0000] {processor.py:914} INFO - Processing file /opt/airflow/dags/data_ingestion_postgres_dag.py for tasks to queue
[2025-03-26T11:17:00.636+0000] {logging_mixin.py:190} INFO - [2025-03-26T11:17:00.635+0000] {dagbag.py:588} INFO - Filling up the DagBag from /opt/airflow/dags/data_ingestion_postgres_dag.py
[2025-03-26T11:17:00.662+0000] {processor.py:925} INFO - DAG(s) 'data_ingestion_postgres_dag' retrieved from /opt/airflow/dags/data_ingestion_postgres_dag.py
[2025-03-26T11:17:00.695+0000] {logging_mixin.py:190} INFO - [2025-03-26T11:17:00.695+0000] {dag.py:3239} INFO - Sync 1 DAGs
[2025-03-26T11:17:00.730+0000] {logging_mixin.py:190} INFO - [2025-03-26T11:17:00.729+0000] {dag.py:4180} INFO - Setting next_dagrun for data_ingestion_postgres_dag to 2025-03-02 06:00:00+00:00, run_after=2025-04-02 06:00:00+00:00
[2025-03-26T11:17:00.754+0000] {processor.py:208} INFO - Processing /opt/airflow/dags/data_ingestion_postgres_dag.py took 0.131 seconds
[2025-03-26T11:17:30.981+0000] {processor.py:186} INFO - Started process (PID=84) to work on /opt/airflow/dags/data_ingestion_postgres_dag.py
[2025-03-26T11:17:30.982+0000] {processor.py:914} INFO - Processing file /opt/airflow/dags/data_ingestion_postgres_dag.py for tasks to queue
[2025-03-26T11:17:30.986+0000] {logging_mixin.py:190} INFO - [2025-03-26T11:17:30.985+0000] {dagbag.py:588} INFO - Filling up the DagBag from /opt/airflow/dags/data_ingestion_postgres_dag.py
[2025-03-26T11:17:31.013+0000] {processor.py:925} INFO - DAG(s) 'data_ingestion_postgres_dag' retrieved from /opt/airflow/dags/data_ingestion_postgres_dag.py
[2025-03-26T11:17:31.045+0000] {logging_mixin.py:190} INFO - [2025-03-26T11:17:31.045+0000] {dag.py:3239} INFO - Sync 1 DAGs
[2025-03-26T11:17:31.082+0000] {logging_mixin.py:190} INFO - [2025-03-26T11:17:31.081+0000] {dag.py:4180} INFO - Setting next_dagrun for data_ingestion_postgres_dag to 2025-03-02 06:00:00+00:00, run_after=2025-04-02 06:00:00+00:00
[2025-03-26T11:17:31.105+0000] {processor.py:208} INFO - Processing /opt/airflow/dags/data_ingestion_postgres_dag.py took 0.134 seconds
[2025-03-26T11:18:01.318+0000] {processor.py:186} INFO - Started process (PID=92) to work on /opt/airflow/dags/data_ingestion_postgres_dag.py
[2025-03-26T11:18:01.320+0000] {processor.py:914} INFO - Processing file /opt/airflow/dags/data_ingestion_postgres_dag.py for tasks to queue
[2025-03-26T11:18:01.324+0000] {logging_mixin.py:190} INFO - [2025-03-26T11:18:01.323+0000] {dagbag.py:588} INFO - Filling up the DagBag from /opt/airflow/dags/data_ingestion_postgres_dag.py
[2025-03-26T11:18:01.357+0000] {processor.py:925} INFO - DAG(s) 'data_ingestion_postgres_dag' retrieved from /opt/airflow/dags/data_ingestion_postgres_dag.py
[2025-03-26T11:18:01.393+0000] {logging_mixin.py:190} INFO - [2025-03-26T11:18:01.393+0000] {dag.py:3239} INFO - Sync 1 DAGs
[2025-03-26T11:18:01.427+0000] {logging_mixin.py:190} INFO - [2025-03-26T11:18:01.427+0000] {dag.py:4180} INFO - Setting next_dagrun for data_ingestion_postgres_dag to 2025-03-02 06:00:00+00:00, run_after=2025-04-02 06:00:00+00:00
[2025-03-26T11:18:01.453+0000] {processor.py:208} INFO - Processing /opt/airflow/dags/data_ingestion_postgres_dag.py took 0.143 seconds
[2025-03-26T11:18:31.678+0000] {processor.py:186} INFO - Started process (PID=101) to work on /opt/airflow/dags/data_ingestion_postgres_dag.py
[2025-03-26T11:18:31.679+0000] {processor.py:914} INFO - Processing file /opt/airflow/dags/data_ingestion_postgres_dag.py for tasks to queue
[2025-03-26T11:18:31.682+0000] {logging_mixin.py:190} INFO - [2025-03-26T11:18:31.682+0000] {dagbag.py:588} INFO - Filling up the DagBag from /opt/airflow/dags/data_ingestion_postgres_dag.py
[2025-03-26T11:18:31.710+0000] {processor.py:925} INFO - DAG(s) 'data_ingestion_postgres_dag' retrieved from /opt/airflow/dags/data_ingestion_postgres_dag.py
[2025-03-26T11:18:31.742+0000] {logging_mixin.py:190} INFO - [2025-03-26T11:18:31.742+0000] {dag.py:3239} INFO - Sync 1 DAGs
[2025-03-26T11:18:31.778+0000] {logging_mixin.py:190} INFO - [2025-03-26T11:18:31.777+0000] {dag.py:4180} INFO - Setting next_dagrun for data_ingestion_postgres_dag to 2025-03-02 06:00:00+00:00, run_after=2025-04-02 06:00:00+00:00
[2025-03-26T11:18:31.805+0000] {processor.py:208} INFO - Processing /opt/airflow/dags/data_ingestion_postgres_dag.py took 0.136 seconds
[2025-03-26T11:19:02.026+0000] {processor.py:186} INFO - Started process (PID=109) to work on /opt/airflow/dags/data_ingestion_postgres_dag.py
[2025-03-26T11:19:02.044+0000] {processor.py:914} INFO - Processing file /opt/airflow/dags/data_ingestion_postgres_dag.py for tasks to queue
[2025-03-26T11:19:02.049+0000] {logging_mixin.py:190} INFO - [2025-03-26T11:19:02.048+0000] {dagbag.py:588} INFO - Filling up the DagBag from /opt/airflow/dags/data_ingestion_postgres_dag.py
[2025-03-26T11:19:02.082+0000] {processor.py:925} INFO - DAG(s) 'data_ingestion_postgres_dag' retrieved from /opt/airflow/dags/data_ingestion_postgres_dag.py
[2025-03-26T11:19:02.120+0000] {logging_mixin.py:190} INFO - [2025-03-26T11:19:02.120+0000] {dag.py:3239} INFO - Sync 1 DAGs
[2025-03-26T11:19:02.423+0000] {logging_mixin.py:190} INFO - [2025-03-26T11:19:02.422+0000] {dag.py:4180} INFO - Setting next_dagrun for data_ingestion_postgres_dag to 2025-03-02 06:00:00+00:00, run_after=2025-04-02 06:00:00+00:00
[2025-03-26T11:19:02.445+0000] {processor.py:208} INFO - Processing /opt/airflow/dags/data_ingestion_postgres_dag.py took 0.430 seconds
[2025-03-26T11:19:32.700+0000] {processor.py:186} INFO - Started process (PID=117) to work on /opt/airflow/dags/data_ingestion_postgres_dag.py
[2025-03-26T11:19:32.744+0000] {processor.py:914} INFO - Processing file /opt/airflow/dags/data_ingestion_postgres_dag.py for tasks to queue
[2025-03-26T11:19:32.748+0000] {logging_mixin.py:190} INFO - [2025-03-26T11:19:32.748+0000] {dagbag.py:588} INFO - Filling up the DagBag from /opt/airflow/dags/data_ingestion_postgres_dag.py
[2025-03-26T11:19:32.778+0000] {processor.py:925} INFO - DAG(s) 'data_ingestion_postgres_dag' retrieved from /opt/airflow/dags/data_ingestion_postgres_dag.py
[2025-03-26T11:19:32.813+0000] {logging_mixin.py:190} INFO - [2025-03-26T11:19:32.813+0000] {dag.py:3239} INFO - Sync 1 DAGs
[2025-03-26T11:19:32.850+0000] {logging_mixin.py:190} INFO - [2025-03-26T11:19:32.850+0000] {dag.py:4180} INFO - Setting next_dagrun for data_ingestion_postgres_dag to 2025-03-02 06:00:00+00:00, run_after=2025-04-02 06:00:00+00:00
[2025-03-26T11:19:32.876+0000] {processor.py:208} INFO - Processing /opt/airflow/dags/data_ingestion_postgres_dag.py took 0.186 seconds
[2025-03-26T11:20:03.102+0000] {processor.py:186} INFO - Started process (PID=125) to work on /opt/airflow/dags/data_ingestion_postgres_dag.py
[2025-03-26T11:20:03.104+0000] {processor.py:914} INFO - Processing file /opt/airflow/dags/data_ingestion_postgres_dag.py for tasks to queue
[2025-03-26T11:20:03.108+0000] {logging_mixin.py:190} INFO - [2025-03-26T11:20:03.107+0000] {dagbag.py:588} INFO - Filling up the DagBag from /opt/airflow/dags/data_ingestion_postgres_dag.py
[2025-03-26T11:20:03.135+0000] {processor.py:925} INFO - DAG(s) 'data_ingestion_postgres_dag' retrieved from /opt/airflow/dags/data_ingestion_postgres_dag.py
[2025-03-26T11:20:03.172+0000] {logging_mixin.py:190} INFO - [2025-03-26T11:20:03.171+0000] {dag.py:3239} INFO - Sync 1 DAGs
[2025-03-26T11:20:03.207+0000] {logging_mixin.py:190} INFO - [2025-03-26T11:20:03.206+0000] {dag.py:4180} INFO - Setting next_dagrun for data_ingestion_postgres_dag to 2025-03-02 06:00:00+00:00, run_after=2025-04-02 06:00:00+00:00
[2025-03-26T11:20:03.234+0000] {processor.py:208} INFO - Processing /opt/airflow/dags/data_ingestion_postgres_dag.py took 0.141 seconds
[2025-03-26T11:20:33.463+0000] {processor.py:186} INFO - Started process (PID=133) to work on /opt/airflow/dags/data_ingestion_postgres_dag.py
[2025-03-26T11:20:33.468+0000] {processor.py:914} INFO - Processing file /opt/airflow/dags/data_ingestion_postgres_dag.py for tasks to queue
[2025-03-26T11:20:33.471+0000] {logging_mixin.py:190} INFO - [2025-03-26T11:20:33.471+0000] {dagbag.py:588} INFO - Filling up the DagBag from /opt/airflow/dags/data_ingestion_postgres_dag.py
[2025-03-26T11:20:33.499+0000] {processor.py:925} INFO - DAG(s) 'data_ingestion_postgres_dag' retrieved from /opt/airflow/dags/data_ingestion_postgres_dag.py
[2025-03-26T11:20:33.532+0000] {logging_mixin.py:190} INFO - [2025-03-26T11:20:33.532+0000] {dag.py:3239} INFO - Sync 1 DAGs
[2025-03-26T11:20:33.567+0000] {logging_mixin.py:190} INFO - [2025-03-26T11:20:33.566+0000] {dag.py:4180} INFO - Setting next_dagrun for data_ingestion_postgres_dag to 2025-03-02 06:00:00+00:00, run_after=2025-04-02 06:00:00+00:00
[2025-03-26T11:20:33.592+0000] {processor.py:208} INFO - Processing /opt/airflow/dags/data_ingestion_postgres_dag.py took 0.138 seconds
[2025-03-26T11:21:03.812+0000] {processor.py:186} INFO - Started process (PID=141) to work on /opt/airflow/dags/data_ingestion_postgres_dag.py
[2025-03-26T11:21:03.814+0000] {processor.py:914} INFO - Processing file /opt/airflow/dags/data_ingestion_postgres_dag.py for tasks to queue
[2025-03-26T11:21:03.817+0000] {logging_mixin.py:190} INFO - [2025-03-26T11:21:03.817+0000] {dagbag.py:588} INFO - Filling up the DagBag from /opt/airflow/dags/data_ingestion_postgres_dag.py
[2025-03-26T11:21:03.845+0000] {processor.py:925} INFO - DAG(s) 'data_ingestion_postgres_dag' retrieved from /opt/airflow/dags/data_ingestion_postgres_dag.py
[2025-03-26T11:21:03.877+0000] {logging_mixin.py:190} INFO - [2025-03-26T11:21:03.877+0000] {dag.py:3239} INFO - Sync 1 DAGs
[2025-03-26T11:21:03.910+0000] {logging_mixin.py:190} INFO - [2025-03-26T11:21:03.909+0000] {dag.py:4180} INFO - Setting next_dagrun for data_ingestion_postgres_dag to 2025-03-02 06:00:00+00:00, run_after=2025-04-02 06:00:00+00:00
[2025-03-26T11:21:04.199+0000] {processor.py:208} INFO - Processing /opt/airflow/dags/data_ingestion_postgres_dag.py took 0.397 seconds
[2025-03-26T11:21:34.430+0000] {processor.py:186} INFO - Started process (PID=149) to work on /opt/airflow/dags/data_ingestion_postgres_dag.py
[2025-03-26T11:21:34.431+0000] {processor.py:914} INFO - Processing file /opt/airflow/dags/data_ingestion_postgres_dag.py for tasks to queue
[2025-03-26T11:21:34.435+0000] {logging_mixin.py:190} INFO - [2025-03-26T11:21:34.435+0000] {dagbag.py:588} INFO - Filling up the DagBag from /opt/airflow/dags/data_ingestion_postgres_dag.py
[2025-03-26T11:21:34.467+0000] {processor.py:925} INFO - DAG(s) 'data_ingestion_postgres_dag' retrieved from /opt/airflow/dags/data_ingestion_postgres_dag.py
[2025-03-26T11:21:34.502+0000] {logging_mixin.py:190} INFO - [2025-03-26T11:21:34.502+0000] {dag.py:3239} INFO - Sync 1 DAGs
[2025-03-26T11:21:34.813+0000] {logging_mixin.py:190} INFO - [2025-03-26T11:21:34.813+0000] {dag.py:4180} INFO - Setting next_dagrun for data_ingestion_postgres_dag to 2025-03-02 06:00:00+00:00, run_after=2025-04-02 06:00:00+00:00
[2025-03-26T11:21:34.837+0000] {processor.py:208} INFO - Processing /opt/airflow/dags/data_ingestion_postgres_dag.py took 0.418 seconds
[2025-03-26T11:22:05.056+0000] {processor.py:186} INFO - Started process (PID=157) to work on /opt/airflow/dags/data_ingestion_postgres_dag.py
[2025-03-26T11:22:05.060+0000] {processor.py:914} INFO - Processing file /opt/airflow/dags/data_ingestion_postgres_dag.py for tasks to queue
[2025-03-26T11:22:05.063+0000] {logging_mixin.py:190} INFO - [2025-03-26T11:22:05.062+0000] {dagbag.py:588} INFO - Filling up the DagBag from /opt/airflow/dags/data_ingestion_postgres_dag.py
[2025-03-26T11:22:05.091+0000] {processor.py:925} INFO - DAG(s) 'data_ingestion_postgres_dag' retrieved from /opt/airflow/dags/data_ingestion_postgres_dag.py
[2025-03-26T11:22:05.124+0000] {logging_mixin.py:190} INFO - [2025-03-26T11:22:05.123+0000] {dag.py:3239} INFO - Sync 1 DAGs
[2025-03-26T11:22:05.421+0000] {logging_mixin.py:190} INFO - [2025-03-26T11:22:05.421+0000] {dag.py:4180} INFO - Setting next_dagrun for data_ingestion_postgres_dag to 2025-03-02 06:00:00+00:00, run_after=2025-04-02 06:00:00+00:00
[2025-03-26T11:22:05.444+0000] {processor.py:208} INFO - Processing /opt/airflow/dags/data_ingestion_postgres_dag.py took 0.398 seconds
[2025-03-26T11:22:35.499+0000] {processor.py:186} INFO - Started process (PID=165) to work on /opt/airflow/dags/data_ingestion_postgres_dag.py
[2025-03-26T11:22:35.501+0000] {processor.py:914} INFO - Processing file /opt/airflow/dags/data_ingestion_postgres_dag.py for tasks to queue
[2025-03-26T11:22:35.505+0000] {logging_mixin.py:190} INFO - [2025-03-26T11:22:35.504+0000] {dagbag.py:588} INFO - Filling up the DagBag from /opt/airflow/dags/data_ingestion_postgres_dag.py
[2025-03-26T11:22:35.533+0000] {processor.py:925} INFO - DAG(s) 'data_ingestion_postgres_dag' retrieved from /opt/airflow/dags/data_ingestion_postgres_dag.py
[2025-03-26T11:22:35.567+0000] {logging_mixin.py:190} INFO - [2025-03-26T11:22:35.567+0000] {dag.py:3239} INFO - Sync 1 DAGs
[2025-03-26T11:22:35.604+0000] {logging_mixin.py:190} INFO - [2025-03-26T11:22:35.603+0000] {dag.py:4180} INFO - Setting next_dagrun for data_ingestion_postgres_dag to 2025-03-02 06:00:00+00:00, run_after=2025-04-02 06:00:00+00:00
[2025-03-26T11:22:35.628+0000] {processor.py:208} INFO - Processing /opt/airflow/dags/data_ingestion_postgres_dag.py took 0.139 seconds
[2025-03-26T11:23:05.849+0000] {processor.py:186} INFO - Started process (PID=173) to work on /opt/airflow/dags/data_ingestion_postgres_dag.py
[2025-03-26T11:23:05.849+0000] {processor.py:914} INFO - Processing file /opt/airflow/dags/data_ingestion_postgres_dag.py for tasks to queue
[2025-03-26T11:23:05.853+0000] {logging_mixin.py:190} INFO - [2025-03-26T11:23:05.852+0000] {dagbag.py:588} INFO - Filling up the DagBag from /opt/airflow/dags/data_ingestion_postgres_dag.py
[2025-03-26T11:23:05.880+0000] {processor.py:925} INFO - DAG(s) 'data_ingestion_postgres_dag' retrieved from /opt/airflow/dags/data_ingestion_postgres_dag.py
[2025-03-26T11:23:05.911+0000] {logging_mixin.py:190} INFO - [2025-03-26T11:23:05.911+0000] {dag.py:3239} INFO - Sync 1 DAGs
[2025-03-26T11:23:05.944+0000] {logging_mixin.py:190} INFO - [2025-03-26T11:23:05.944+0000] {dag.py:4180} INFO - Setting next_dagrun for data_ingestion_postgres_dag to 2025-03-02 06:00:00+00:00, run_after=2025-04-02 06:00:00+00:00
[2025-03-26T11:23:05.969+0000] {processor.py:208} INFO - Processing /opt/airflow/dags/data_ingestion_postgres_dag.py took 0.129 seconds
[2025-03-26T11:23:36.195+0000] {processor.py:186} INFO - Started process (PID=181) to work on /opt/airflow/dags/data_ingestion_postgres_dag.py
[2025-03-26T11:23:36.196+0000] {processor.py:914} INFO - Processing file /opt/airflow/dags/data_ingestion_postgres_dag.py for tasks to queue
[2025-03-26T11:23:36.200+0000] {logging_mixin.py:190} INFO - [2025-03-26T11:23:36.199+0000] {dagbag.py:588} INFO - Filling up the DagBag from /opt/airflow/dags/data_ingestion_postgres_dag.py
[2025-03-26T11:23:36.228+0000] {processor.py:925} INFO - DAG(s) 'data_ingestion_postgres_dag' retrieved from /opt/airflow/dags/data_ingestion_postgres_dag.py
[2025-03-26T11:23:36.264+0000] {logging_mixin.py:190} INFO - [2025-03-26T11:23:36.263+0000] {dag.py:3239} INFO - Sync 1 DAGs
[2025-03-26T11:23:36.310+0000] {logging_mixin.py:190} INFO - [2025-03-26T11:23:36.309+0000] {dag.py:4180} INFO - Setting next_dagrun for data_ingestion_postgres_dag to 2025-03-02 06:00:00+00:00, run_after=2025-04-02 06:00:00+00:00
[2025-03-26T11:23:36.617+0000] {processor.py:208} INFO - Processing /opt/airflow/dags/data_ingestion_postgres_dag.py took 0.434 seconds
[2025-03-26T11:24:06.857+0000] {processor.py:186} INFO - Started process (PID=189) to work on /opt/airflow/dags/data_ingestion_postgres_dag.py
[2025-03-26T11:24:06.858+0000] {processor.py:914} INFO - Processing file /opt/airflow/dags/data_ingestion_postgres_dag.py for tasks to queue
[2025-03-26T11:24:06.861+0000] {logging_mixin.py:190} INFO - [2025-03-26T11:24:06.861+0000] {dagbag.py:588} INFO - Filling up the DagBag from /opt/airflow/dags/data_ingestion_postgres_dag.py
[2025-03-26T11:24:06.889+0000] {processor.py:925} INFO - DAG(s) 'data_ingestion_postgres_dag' retrieved from /opt/airflow/dags/data_ingestion_postgres_dag.py
[2025-03-26T11:24:06.920+0000] {logging_mixin.py:190} INFO - [2025-03-26T11:24:06.920+0000] {dag.py:3239} INFO - Sync 1 DAGs
[2025-03-26T11:24:07.235+0000] {logging_mixin.py:190} INFO - [2025-03-26T11:24:07.235+0000] {dag.py:4180} INFO - Setting next_dagrun for data_ingestion_postgres_dag to 2025-03-02 06:00:00+00:00, run_after=2025-04-02 06:00:00+00:00
[2025-03-26T11:24:07.260+0000] {processor.py:208} INFO - Processing /opt/airflow/dags/data_ingestion_postgres_dag.py took 0.414 seconds
[2025-03-26T11:24:37.490+0000] {processor.py:186} INFO - Started process (PID=198) to work on /opt/airflow/dags/data_ingestion_postgres_dag.py
[2025-03-26T11:24:37.491+0000] {processor.py:914} INFO - Processing file /opt/airflow/dags/data_ingestion_postgres_dag.py for tasks to queue
[2025-03-26T11:24:37.495+0000] {logging_mixin.py:190} INFO - [2025-03-26T11:24:37.494+0000] {dagbag.py:588} INFO - Filling up the DagBag from /opt/airflow/dags/data_ingestion_postgres_dag.py
[2025-03-26T11:24:37.522+0000] {processor.py:925} INFO - DAG(s) 'data_ingestion_postgres_dag' retrieved from /opt/airflow/dags/data_ingestion_postgres_dag.py
[2025-03-26T11:24:37.556+0000] {logging_mixin.py:190} INFO - [2025-03-26T11:24:37.556+0000] {dag.py:3239} INFO - Sync 1 DAGs
[2025-03-26T11:24:37.589+0000] {logging_mixin.py:190} INFO - [2025-03-26T11:24:37.588+0000] {dag.py:4180} INFO - Setting next_dagrun for data_ingestion_postgres_dag to 2025-03-02 06:00:00+00:00, run_after=2025-04-02 06:00:00+00:00
[2025-03-26T11:24:37.612+0000] {processor.py:208} INFO - Processing /opt/airflow/dags/data_ingestion_postgres_dag.py took 0.132 seconds
[2025-03-26T11:25:07.829+0000] {processor.py:186} INFO - Started process (PID=206) to work on /opt/airflow/dags/data_ingestion_postgres_dag.py
[2025-03-26T11:25:07.830+0000] {processor.py:914} INFO - Processing file /opt/airflow/dags/data_ingestion_postgres_dag.py for tasks to queue
[2025-03-26T11:25:07.833+0000] {logging_mixin.py:190} INFO - [2025-03-26T11:25:07.833+0000] {dagbag.py:588} INFO - Filling up the DagBag from /opt/airflow/dags/data_ingestion_postgres_dag.py
[2025-03-26T11:25:07.861+0000] {processor.py:925} INFO - DAG(s) 'data_ingestion_postgres_dag' retrieved from /opt/airflow/dags/data_ingestion_postgres_dag.py
[2025-03-26T11:25:07.893+0000] {logging_mixin.py:190} INFO - [2025-03-26T11:25:07.893+0000] {dag.py:3239} INFO - Sync 1 DAGs
[2025-03-26T11:25:07.926+0000] {logging_mixin.py:190} INFO - [2025-03-26T11:25:07.926+0000] {dag.py:4180} INFO - Setting next_dagrun for data_ingestion_postgres_dag to 2025-03-02 06:00:00+00:00, run_after=2025-04-02 06:00:00+00:00
[2025-03-26T11:25:07.950+0000] {processor.py:208} INFO - Processing /opt/airflow/dags/data_ingestion_postgres_dag.py took 0.130 seconds
[2025-03-26T11:25:38.178+0000] {processor.py:186} INFO - Started process (PID=214) to work on /opt/airflow/dags/data_ingestion_postgres_dag.py
[2025-03-26T11:25:38.180+0000] {processor.py:914} INFO - Processing file /opt/airflow/dags/data_ingestion_postgres_dag.py for tasks to queue
[2025-03-26T11:25:38.184+0000] {logging_mixin.py:190} INFO - [2025-03-26T11:25:38.183+0000] {dagbag.py:588} INFO - Filling up the DagBag from /opt/airflow/dags/data_ingestion_postgres_dag.py
[2025-03-26T11:25:38.212+0000] {processor.py:925} INFO - DAG(s) 'data_ingestion_postgres_dag' retrieved from /opt/airflow/dags/data_ingestion_postgres_dag.py
[2025-03-26T11:25:38.247+0000] {logging_mixin.py:190} INFO - [2025-03-26T11:25:38.247+0000] {dag.py:3239} INFO - Sync 1 DAGs
[2025-03-26T11:25:38.282+0000] {logging_mixin.py:190} INFO - [2025-03-26T11:25:38.281+0000] {dag.py:4180} INFO - Setting next_dagrun for data_ingestion_postgres_dag to 2025-03-02 06:00:00+00:00, run_after=2025-04-02 06:00:00+00:00
[2025-03-26T11:25:38.305+0000] {processor.py:208} INFO - Processing /opt/airflow/dags/data_ingestion_postgres_dag.py took 0.135 seconds
[2025-03-26T11:26:08.525+0000] {processor.py:186} INFO - Started process (PID=222) to work on /opt/airflow/dags/data_ingestion_postgres_dag.py
[2025-03-26T11:26:08.526+0000] {processor.py:914} INFO - Processing file /opt/airflow/dags/data_ingestion_postgres_dag.py for tasks to queue
[2025-03-26T11:26:08.529+0000] {logging_mixin.py:190} INFO - [2025-03-26T11:26:08.529+0000] {dagbag.py:588} INFO - Filling up the DagBag from /opt/airflow/dags/data_ingestion_postgres_dag.py
[2025-03-26T11:26:08.559+0000] {processor.py:925} INFO - DAG(s) 'data_ingestion_postgres_dag' retrieved from /opt/airflow/dags/data_ingestion_postgres_dag.py
[2025-03-26T11:26:08.591+0000] {logging_mixin.py:190} INFO - [2025-03-26T11:26:08.591+0000] {dag.py:3239} INFO - Sync 1 DAGs
[2025-03-26T11:26:08.626+0000] {logging_mixin.py:190} INFO - [2025-03-26T11:26:08.625+0000] {dag.py:4180} INFO - Setting next_dagrun for data_ingestion_postgres_dag to 2025-03-02 06:00:00+00:00, run_after=2025-04-02 06:00:00+00:00
[2025-03-26T11:26:08.915+0000] {processor.py:208} INFO - Processing /opt/airflow/dags/data_ingestion_postgres_dag.py took 0.399 seconds
[2025-03-26T11:26:39.140+0000] {processor.py:186} INFO - Started process (PID=230) to work on /opt/airflow/dags/data_ingestion_postgres_dag.py
[2025-03-26T11:26:39.142+0000] {processor.py:914} INFO - Processing file /opt/airflow/dags/data_ingestion_postgres_dag.py for tasks to queue
[2025-03-26T11:26:39.145+0000] {logging_mixin.py:190} INFO - [2025-03-26T11:26:39.145+0000] {dagbag.py:588} INFO - Filling up the DagBag from /opt/airflow/dags/data_ingestion_postgres_dag.py
[2025-03-26T11:26:39.174+0000] {processor.py:925} INFO - DAG(s) 'data_ingestion_postgres_dag' retrieved from /opt/airflow/dags/data_ingestion_postgres_dag.py
[2025-03-26T11:26:39.206+0000] {logging_mixin.py:190} INFO - [2025-03-26T11:26:39.206+0000] {dag.py:3239} INFO - Sync 1 DAGs
[2025-03-26T11:26:39.503+0000] {logging_mixin.py:190} INFO - [2025-03-26T11:26:39.503+0000] {dag.py:4180} INFO - Setting next_dagrun for data_ingestion_postgres_dag to 2025-03-02 06:00:00+00:00, run_after=2025-04-02 06:00:00+00:00
[2025-03-26T11:26:39.526+0000] {processor.py:208} INFO - Processing /opt/airflow/dags/data_ingestion_postgres_dag.py took 0.395 seconds
[2025-03-26T11:27:09.750+0000] {processor.py:186} INFO - Started process (PID=238) to work on /opt/airflow/dags/data_ingestion_postgres_dag.py
[2025-03-26T11:27:09.751+0000] {processor.py:914} INFO - Processing file /opt/airflow/dags/data_ingestion_postgres_dag.py for tasks to queue
[2025-03-26T11:27:09.755+0000] {logging_mixin.py:190} INFO - [2025-03-26T11:27:09.754+0000] {dagbag.py:588} INFO - Filling up the DagBag from /opt/airflow/dags/data_ingestion_postgres_dag.py
[2025-03-26T11:27:09.782+0000] {processor.py:925} INFO - DAG(s) 'data_ingestion_postgres_dag' retrieved from /opt/airflow/dags/data_ingestion_postgres_dag.py
[2025-03-26T11:27:09.814+0000] {logging_mixin.py:190} INFO - [2025-03-26T11:27:09.814+0000] {dag.py:3239} INFO - Sync 1 DAGs
[2025-03-26T11:27:09.852+0000] {logging_mixin.py:190} INFO - [2025-03-26T11:27:09.852+0000] {dag.py:4180} INFO - Setting next_dagrun for data_ingestion_postgres_dag to 2025-03-02 06:00:00+00:00, run_after=2025-04-02 06:00:00+00:00
[2025-03-26T11:27:09.876+0000] {processor.py:208} INFO - Processing /opt/airflow/dags/data_ingestion_postgres_dag.py took 0.135 seconds
[2025-03-26T11:27:40.106+0000] {processor.py:186} INFO - Started process (PID=245) to work on /opt/airflow/dags/data_ingestion_postgres_dag.py
[2025-03-26T11:27:40.108+0000] {processor.py:914} INFO - Processing file /opt/airflow/dags/data_ingestion_postgres_dag.py for tasks to queue
[2025-03-26T11:27:40.111+0000] {logging_mixin.py:190} INFO - [2025-03-26T11:27:40.111+0000] {dagbag.py:588} INFO - Filling up the DagBag from /opt/airflow/dags/data_ingestion_postgres_dag.py
[2025-03-26T11:27:40.142+0000] {processor.py:925} INFO - DAG(s) 'data_ingestion_postgres_dag' retrieved from /opt/airflow/dags/data_ingestion_postgres_dag.py
[2025-03-26T11:27:40.179+0000] {logging_mixin.py:190} INFO - [2025-03-26T11:27:40.179+0000] {dag.py:3239} INFO - Sync 1 DAGs
[2025-03-26T11:27:40.218+0000] {logging_mixin.py:190} INFO - [2025-03-26T11:27:40.217+0000] {dag.py:4180} INFO - Setting next_dagrun for data_ingestion_postgres_dag to 2025-03-02 06:00:00+00:00, run_after=2025-04-02 06:00:00+00:00
[2025-03-26T11:27:40.245+0000] {processor.py:208} INFO - Processing /opt/airflow/dags/data_ingestion_postgres_dag.py took 0.151 seconds
[2025-03-26T11:28:10.467+0000] {processor.py:186} INFO - Started process (PID=253) to work on /opt/airflow/dags/data_ingestion_postgres_dag.py
[2025-03-26T11:28:10.468+0000] {processor.py:914} INFO - Processing file /opt/airflow/dags/data_ingestion_postgres_dag.py for tasks to queue
[2025-03-26T11:28:10.472+0000] {logging_mixin.py:190} INFO - [2025-03-26T11:28:10.471+0000] {dagbag.py:588} INFO - Filling up the DagBag from /opt/airflow/dags/data_ingestion_postgres_dag.py
[2025-03-26T11:28:10.499+0000] {processor.py:925} INFO - DAG(s) 'data_ingestion_postgres_dag' retrieved from /opt/airflow/dags/data_ingestion_postgres_dag.py
[2025-03-26T11:28:10.529+0000] {logging_mixin.py:190} INFO - [2025-03-26T11:28:10.529+0000] {dag.py:3239} INFO - Sync 1 DAGs
[2025-03-26T11:28:10.566+0000] {logging_mixin.py:190} INFO - [2025-03-26T11:28:10.566+0000] {dag.py:4180} INFO - Setting next_dagrun for data_ingestion_postgres_dag to 2025-03-02 06:00:00+00:00, run_after=2025-04-02 06:00:00+00:00
[2025-03-26T11:28:10.596+0000] {processor.py:208} INFO - Processing /opt/airflow/dags/data_ingestion_postgres_dag.py took 0.140 seconds
[2025-03-26T11:28:40.813+0000] {processor.py:186} INFO - Started process (PID=261) to work on /opt/airflow/dags/data_ingestion_postgres_dag.py
[2025-03-26T11:28:40.814+0000] {processor.py:914} INFO - Processing file /opt/airflow/dags/data_ingestion_postgres_dag.py for tasks to queue
[2025-03-26T11:28:40.819+0000] {logging_mixin.py:190} INFO - [2025-03-26T11:28:40.818+0000] {dagbag.py:588} INFO - Filling up the DagBag from /opt/airflow/dags/data_ingestion_postgres_dag.py
[2025-03-26T11:28:40.848+0000] {processor.py:925} INFO - DAG(s) 'data_ingestion_postgres_dag' retrieved from /opt/airflow/dags/data_ingestion_postgres_dag.py
[2025-03-26T11:28:40.881+0000] {logging_mixin.py:190} INFO - [2025-03-26T11:28:40.881+0000] {dag.py:3239} INFO - Sync 1 DAGs
[2025-03-26T11:28:40.917+0000] {logging_mixin.py:190} INFO - [2025-03-26T11:28:40.917+0000] {dag.py:4180} INFO - Setting next_dagrun for data_ingestion_postgres_dag to 2025-03-02 06:00:00+00:00, run_after=2025-04-02 06:00:00+00:00
[2025-03-26T11:28:41.220+0000] {processor.py:208} INFO - Processing /opt/airflow/dags/data_ingestion_postgres_dag.py took 0.418 seconds
[2025-03-26T11:29:11.441+0000] {processor.py:186} INFO - Started process (PID=268) to work on /opt/airflow/dags/data_ingestion_postgres_dag.py
[2025-03-26T11:29:11.442+0000] {processor.py:914} INFO - Processing file /opt/airflow/dags/data_ingestion_postgres_dag.py for tasks to queue
[2025-03-26T11:29:11.445+0000] {logging_mixin.py:190} INFO - [2025-03-26T11:29:11.445+0000] {dagbag.py:588} INFO - Filling up the DagBag from /opt/airflow/dags/data_ingestion_postgres_dag.py
[2025-03-26T11:29:11.473+0000] {processor.py:925} INFO - DAG(s) 'data_ingestion_postgres_dag' retrieved from /opt/airflow/dags/data_ingestion_postgres_dag.py
[2025-03-26T11:29:11.508+0000] {logging_mixin.py:190} INFO - [2025-03-26T11:29:11.508+0000] {dag.py:3239} INFO - Sync 1 DAGs
[2025-03-26T11:29:11.820+0000] {logging_mixin.py:190} INFO - [2025-03-26T11:29:11.820+0000] {dag.py:4180} INFO - Setting next_dagrun for data_ingestion_postgres_dag to 2025-03-02 06:00:00+00:00, run_after=2025-04-02 06:00:00+00:00
[2025-03-26T11:29:11.842+0000] {processor.py:208} INFO - Processing /opt/airflow/dags/data_ingestion_postgres_dag.py took 0.411 seconds
[2025-03-26T11:29:42.123+0000] {processor.py:186} INFO - Started process (PID=276) to work on /opt/airflow/dags/data_ingestion_postgres_dag.py
[2025-03-26T11:29:42.125+0000] {processor.py:914} INFO - Processing file /opt/airflow/dags/data_ingestion_postgres_dag.py for tasks to queue
[2025-03-26T11:29:42.128+0000] {logging_mixin.py:190} INFO - [2025-03-26T11:29:42.128+0000] {dagbag.py:588} INFO - Filling up the DagBag from /opt/airflow/dags/data_ingestion_postgres_dag.py
[2025-03-26T11:29:42.157+0000] {processor.py:925} INFO - DAG(s) 'data_ingestion_postgres_dag' retrieved from /opt/airflow/dags/data_ingestion_postgres_dag.py
[2025-03-26T11:29:42.190+0000] {logging_mixin.py:190} INFO - [2025-03-26T11:29:42.189+0000] {dag.py:3239} INFO - Sync 1 DAGs
[2025-03-26T11:29:42.223+0000] {logging_mixin.py:190} INFO - [2025-03-26T11:29:42.223+0000] {dag.py:4180} INFO - Setting next_dagrun for data_ingestion_postgres_dag to 2025-03-02 06:00:00+00:00, run_after=2025-04-02 06:00:00+00:00
[2025-03-26T11:29:42.248+0000] {processor.py:208} INFO - Processing /opt/airflow/dags/data_ingestion_postgres_dag.py took 0.134 seconds
[2025-03-26T11:30:12.462+0000] {processor.py:186} INFO - Started process (PID=284) to work on /opt/airflow/dags/data_ingestion_postgres_dag.py
[2025-03-26T11:30:12.463+0000] {processor.py:914} INFO - Processing file /opt/airflow/dags/data_ingestion_postgres_dag.py for tasks to queue
[2025-03-26T11:30:12.467+0000] {logging_mixin.py:190} INFO - [2025-03-26T11:30:12.466+0000] {dagbag.py:588} INFO - Filling up the DagBag from /opt/airflow/dags/data_ingestion_postgres_dag.py
[2025-03-26T11:30:12.496+0000] {processor.py:925} INFO - DAG(s) 'data_ingestion_postgres_dag' retrieved from /opt/airflow/dags/data_ingestion_postgres_dag.py
[2025-03-26T11:30:12.528+0000] {logging_mixin.py:190} INFO - [2025-03-26T11:30:12.528+0000] {dag.py:3239} INFO - Sync 1 DAGs
[2025-03-26T11:30:12.561+0000] {logging_mixin.py:190} INFO - [2025-03-26T11:30:12.561+0000] {dag.py:4180} INFO - Setting next_dagrun for data_ingestion_postgres_dag to 2025-03-02 06:00:00+00:00, run_after=2025-04-02 06:00:00+00:00
[2025-03-26T11:30:12.586+0000] {processor.py:208} INFO - Processing /opt/airflow/dags/data_ingestion_postgres_dag.py took 0.133 seconds
[2025-03-26T11:30:42.806+0000] {processor.py:186} INFO - Started process (PID=292) to work on /opt/airflow/dags/data_ingestion_postgres_dag.py
[2025-03-26T11:30:42.808+0000] {processor.py:914} INFO - Processing file /opt/airflow/dags/data_ingestion_postgres_dag.py for tasks to queue
[2025-03-26T11:30:42.811+0000] {logging_mixin.py:190} INFO - [2025-03-26T11:30:42.811+0000] {dagbag.py:588} INFO - Filling up the DagBag from /opt/airflow/dags/data_ingestion_postgres_dag.py
[2025-03-26T11:30:42.841+0000] {processor.py:925} INFO - DAG(s) 'data_ingestion_postgres_dag' retrieved from /opt/airflow/dags/data_ingestion_postgres_dag.py
[2025-03-26T11:30:42.873+0000] {logging_mixin.py:190} INFO - [2025-03-26T11:30:42.872+0000] {dag.py:3239} INFO - Sync 1 DAGs
[2025-03-26T11:30:42.906+0000] {logging_mixin.py:190} INFO - [2025-03-26T11:30:42.905+0000] {dag.py:4180} INFO - Setting next_dagrun for data_ingestion_postgres_dag to 2025-03-02 06:00:00+00:00, run_after=2025-04-02 06:00:00+00:00
[2025-03-26T11:30:42.932+0000] {processor.py:208} INFO - Processing /opt/airflow/dags/data_ingestion_postgres_dag.py took 0.135 seconds
[2025-03-26T11:31:13.149+0000] {processor.py:186} INFO - Started process (PID=300) to work on /opt/airflow/dags/data_ingestion_postgres_dag.py
[2025-03-26T11:31:13.150+0000] {processor.py:914} INFO - Processing file /opt/airflow/dags/data_ingestion_postgres_dag.py for tasks to queue
[2025-03-26T11:31:13.154+0000] {logging_mixin.py:190} INFO - [2025-03-26T11:31:13.153+0000] {dagbag.py:588} INFO - Filling up the DagBag from /opt/airflow/dags/data_ingestion_postgres_dag.py
[2025-03-26T11:31:13.182+0000] {processor.py:925} INFO - DAG(s) 'data_ingestion_postgres_dag' retrieved from /opt/airflow/dags/data_ingestion_postgres_dag.py
[2025-03-26T11:31:13.217+0000] {logging_mixin.py:190} INFO - [2025-03-26T11:31:13.216+0000] {dag.py:3239} INFO - Sync 1 DAGs
[2025-03-26T11:31:13.520+0000] {logging_mixin.py:190} INFO - [2025-03-26T11:31:13.519+0000] {dag.py:4180} INFO - Setting next_dagrun for data_ingestion_postgres_dag to 2025-03-02 06:00:00+00:00, run_after=2025-04-02 06:00:00+00:00
[2025-03-26T11:31:13.542+0000] {processor.py:208} INFO - Processing /opt/airflow/dags/data_ingestion_postgres_dag.py took 0.402 seconds
[2025-03-26T11:31:43.771+0000] {processor.py:186} INFO - Started process (PID=309) to work on /opt/airflow/dags/data_ingestion_postgres_dag.py
[2025-03-26T11:31:43.771+0000] {processor.py:914} INFO - Processing file /opt/airflow/dags/data_ingestion_postgres_dag.py for tasks to queue
[2025-03-26T11:31:43.775+0000] {logging_mixin.py:190} INFO - [2025-03-26T11:31:43.774+0000] {dagbag.py:588} INFO - Filling up the DagBag from /opt/airflow/dags/data_ingestion_postgres_dag.py
[2025-03-26T11:31:43.802+0000] {processor.py:925} INFO - DAG(s) 'data_ingestion_postgres_dag' retrieved from /opt/airflow/dags/data_ingestion_postgres_dag.py
[2025-03-26T11:31:43.836+0000] {logging_mixin.py:190} INFO - [2025-03-26T11:31:43.835+0000] {dag.py:3239} INFO - Sync 1 DAGs
[2025-03-26T11:31:44.154+0000] {logging_mixin.py:190} INFO - [2025-03-26T11:31:44.154+0000] {dag.py:4180} INFO - Setting next_dagrun for data_ingestion_postgres_dag to 2025-03-02 06:00:00+00:00, run_after=2025-04-02 06:00:00+00:00
[2025-03-26T11:31:44.181+0000] {processor.py:208} INFO - Processing /opt/airflow/dags/data_ingestion_postgres_dag.py took 0.420 seconds
[2025-03-26T11:32:14.403+0000] {processor.py:186} INFO - Started process (PID=317) to work on /opt/airflow/dags/data_ingestion_postgres_dag.py
[2025-03-26T11:32:14.404+0000] {processor.py:914} INFO - Processing file /opt/airflow/dags/data_ingestion_postgres_dag.py for tasks to queue
[2025-03-26T11:32:14.407+0000] {logging_mixin.py:190} INFO - [2025-03-26T11:32:14.407+0000] {dagbag.py:588} INFO - Filling up the DagBag from /opt/airflow/dags/data_ingestion_postgres_dag.py
[2025-03-26T11:32:14.437+0000] {processor.py:925} INFO - DAG(s) 'data_ingestion_postgres_dag' retrieved from /opt/airflow/dags/data_ingestion_postgres_dag.py
[2025-03-26T11:32:14.472+0000] {logging_mixin.py:190} INFO - [2025-03-26T11:32:14.471+0000] {dag.py:3239} INFO - Sync 1 DAGs
[2025-03-26T11:32:14.508+0000] {logging_mixin.py:190} INFO - [2025-03-26T11:32:14.508+0000] {dag.py:4180} INFO - Setting next_dagrun for data_ingestion_postgres_dag to 2025-03-02 06:00:00+00:00, run_after=2025-04-02 06:00:00+00:00
[2025-03-26T11:32:14.534+0000] {processor.py:208} INFO - Processing /opt/airflow/dags/data_ingestion_postgres_dag.py took 0.140 seconds
[2025-03-26T11:32:44.760+0000] {processor.py:186} INFO - Started process (PID=326) to work on /opt/airflow/dags/data_ingestion_postgres_dag.py
[2025-03-26T11:32:44.761+0000] {processor.py:914} INFO - Processing file /opt/airflow/dags/data_ingestion_postgres_dag.py for tasks to queue
[2025-03-26T11:32:44.765+0000] {logging_mixin.py:190} INFO - [2025-03-26T11:32:44.765+0000] {dagbag.py:588} INFO - Filling up the DagBag from /opt/airflow/dags/data_ingestion_postgres_dag.py
[2025-03-26T11:32:44.792+0000] {processor.py:925} INFO - DAG(s) 'data_ingestion_postgres_dag' retrieved from /opt/airflow/dags/data_ingestion_postgres_dag.py
[2025-03-26T11:32:44.825+0000] {logging_mixin.py:190} INFO - [2025-03-26T11:32:44.825+0000] {dag.py:3239} INFO - Sync 1 DAGs
[2025-03-26T11:32:44.859+0000] {logging_mixin.py:190} INFO - [2025-03-26T11:32:44.859+0000] {dag.py:4180} INFO - Setting next_dagrun for data_ingestion_postgres_dag to 2025-03-02 06:00:00+00:00, run_after=2025-04-02 06:00:00+00:00
[2025-03-26T11:32:44.885+0000] {processor.py:208} INFO - Processing /opt/airflow/dags/data_ingestion_postgres_dag.py took 0.135 seconds
[2025-03-26T11:33:15.106+0000] {processor.py:186} INFO - Started process (PID=335) to work on /opt/airflow/dags/data_ingestion_postgres_dag.py
[2025-03-26T11:33:15.107+0000] {processor.py:914} INFO - Processing file /opt/airflow/dags/data_ingestion_postgres_dag.py for tasks to queue
[2025-03-26T11:33:15.111+0000] {logging_mixin.py:190} INFO - [2025-03-26T11:33:15.110+0000] {dagbag.py:588} INFO - Filling up the DagBag from /opt/airflow/dags/data_ingestion_postgres_dag.py
[2025-03-26T11:33:15.139+0000] {processor.py:925} INFO - DAG(s) 'data_ingestion_postgres_dag' retrieved from /opt/airflow/dags/data_ingestion_postgres_dag.py
[2025-03-26T11:33:15.172+0000] {logging_mixin.py:190} INFO - [2025-03-26T11:33:15.172+0000] {dag.py:3239} INFO - Sync 1 DAGs
[2025-03-26T11:33:15.208+0000] {logging_mixin.py:190} INFO - [2025-03-26T11:33:15.207+0000] {dag.py:4180} INFO - Setting next_dagrun for data_ingestion_postgres_dag to 2025-03-02 06:00:00+00:00, run_after=2025-04-02 06:00:00+00:00
[2025-03-26T11:33:15.502+0000] {processor.py:208} INFO - Processing /opt/airflow/dags/data_ingestion_postgres_dag.py took 0.405 seconds
[2025-03-26T11:33:45.730+0000] {processor.py:186} INFO - Started process (PID=344) to work on /opt/airflow/dags/data_ingestion_postgres_dag.py
[2025-03-26T11:33:45.732+0000] {processor.py:914} INFO - Processing file /opt/airflow/dags/data_ingestion_postgres_dag.py for tasks to queue
[2025-03-26T11:33:45.736+0000] {logging_mixin.py:190} INFO - [2025-03-26T11:33:45.736+0000] {dagbag.py:588} INFO - Filling up the DagBag from /opt/airflow/dags/data_ingestion_postgres_dag.py
[2025-03-26T11:33:45.773+0000] {processor.py:925} INFO - DAG(s) 'data_ingestion_postgres_dag' retrieved from /opt/airflow/dags/data_ingestion_postgres_dag.py
[2025-03-26T11:33:45.816+0000] {logging_mixin.py:190} INFO - [2025-03-26T11:33:45.816+0000] {dag.py:3239} INFO - Sync 1 DAGs
[2025-03-26T11:33:46.203+0000] {logging_mixin.py:190} INFO - [2025-03-26T11:33:46.203+0000] {dag.py:4180} INFO - Setting next_dagrun for data_ingestion_postgres_dag to 2025-03-02 06:00:00+00:00, run_after=2025-04-02 06:00:00+00:00
[2025-03-26T11:33:46.231+0000] {processor.py:208} INFO - Processing /opt/airflow/dags/data_ingestion_postgres_dag.py took 0.513 seconds
[2025-03-26T11:34:16.462+0000] {processor.py:186} INFO - Started process (PID=352) to work on /opt/airflow/dags/data_ingestion_postgres_dag.py
[2025-03-26T11:34:16.463+0000] {processor.py:914} INFO - Processing file /opt/airflow/dags/data_ingestion_postgres_dag.py for tasks to queue
[2025-03-26T11:34:16.466+0000] {logging_mixin.py:190} INFO - [2025-03-26T11:34:16.466+0000] {dagbag.py:588} INFO - Filling up the DagBag from /opt/airflow/dags/data_ingestion_postgres_dag.py
[2025-03-26T11:34:16.495+0000] {processor.py:925} INFO - DAG(s) 'data_ingestion_postgres_dag' retrieved from /opt/airflow/dags/data_ingestion_postgres_dag.py
[2025-03-26T11:34:16.532+0000] {logging_mixin.py:190} INFO - [2025-03-26T11:34:16.532+0000] {dag.py:3239} INFO - Sync 1 DAGs
[2025-03-26T11:34:16.832+0000] {logging_mixin.py:190} INFO - [2025-03-26T11:34:16.831+0000] {dag.py:4180} INFO - Setting next_dagrun for data_ingestion_postgres_dag to 2025-03-02 06:00:00+00:00, run_after=2025-04-02 06:00:00+00:00
[2025-03-26T11:34:16.853+0000] {processor.py:208} INFO - Processing /opt/airflow/dags/data_ingestion_postgres_dag.py took 0.402 seconds
[2025-03-26T11:34:47.079+0000] {processor.py:186} INFO - Started process (PID=360) to work on /opt/airflow/dags/data_ingestion_postgres_dag.py
[2025-03-26T11:34:47.081+0000] {processor.py:914} INFO - Processing file /opt/airflow/dags/data_ingestion_postgres_dag.py for tasks to queue
[2025-03-26T11:34:47.085+0000] {logging_mixin.py:190} INFO - [2025-03-26T11:34:47.084+0000] {dagbag.py:588} INFO - Filling up the DagBag from /opt/airflow/dags/data_ingestion_postgres_dag.py
[2025-03-26T11:34:47.113+0000] {processor.py:925} INFO - DAG(s) 'data_ingestion_postgres_dag' retrieved from /opt/airflow/dags/data_ingestion_postgres_dag.py
[2025-03-26T11:34:47.145+0000] {logging_mixin.py:190} INFO - [2025-03-26T11:34:47.145+0000] {dag.py:3239} INFO - Sync 1 DAGs
[2025-03-26T11:34:47.181+0000] {logging_mixin.py:190} INFO - [2025-03-26T11:34:47.180+0000] {dag.py:4180} INFO - Setting next_dagrun for data_ingestion_postgres_dag to 2025-03-02 06:00:00+00:00, run_after=2025-04-02 06:00:00+00:00
[2025-03-26T11:34:47.207+0000] {processor.py:208} INFO - Processing /opt/airflow/dags/data_ingestion_postgres_dag.py took 0.137 seconds
[2025-03-26T11:35:17.426+0000] {processor.py:186} INFO - Started process (PID=368) to work on /opt/airflow/dags/data_ingestion_postgres_dag.py
[2025-03-26T11:35:17.427+0000] {processor.py:914} INFO - Processing file /opt/airflow/dags/data_ingestion_postgres_dag.py for tasks to queue
[2025-03-26T11:35:17.430+0000] {logging_mixin.py:190} INFO - [2025-03-26T11:35:17.430+0000] {dagbag.py:588} INFO - Filling up the DagBag from /opt/airflow/dags/data_ingestion_postgres_dag.py
[2025-03-26T11:35:17.458+0000] {processor.py:925} INFO - DAG(s) 'data_ingestion_postgres_dag' retrieved from /opt/airflow/dags/data_ingestion_postgres_dag.py
[2025-03-26T11:35:17.492+0000] {logging_mixin.py:190} INFO - [2025-03-26T11:35:17.491+0000] {dag.py:3239} INFO - Sync 1 DAGs
[2025-03-26T11:35:17.526+0000] {logging_mixin.py:190} INFO - [2025-03-26T11:35:17.526+0000] {dag.py:4180} INFO - Setting next_dagrun for data_ingestion_postgres_dag to 2025-03-02 06:00:00+00:00, run_after=2025-04-02 06:00:00+00:00
[2025-03-26T11:35:17.550+0000] {processor.py:208} INFO - Processing /opt/airflow/dags/data_ingestion_postgres_dag.py took 0.133 seconds
[2025-03-26T11:35:47.786+0000] {processor.py:186} INFO - Started process (PID=376) to work on /opt/airflow/dags/data_ingestion_postgres_dag.py
[2025-03-26T11:35:47.799+0000] {processor.py:914} INFO - Processing file /opt/airflow/dags/data_ingestion_postgres_dag.py for tasks to queue
[2025-03-26T11:35:47.802+0000] {logging_mixin.py:190} INFO - [2025-03-26T11:35:47.802+0000] {dagbag.py:588} INFO - Filling up the DagBag from /opt/airflow/dags/data_ingestion_postgres_dag.py
[2025-03-26T11:35:47.829+0000] {processor.py:925} INFO - DAG(s) 'data_ingestion_postgres_dag' retrieved from /opt/airflow/dags/data_ingestion_postgres_dag.py
[2025-03-26T11:35:47.863+0000] {logging_mixin.py:190} INFO - [2025-03-26T11:35:47.862+0000] {dag.py:3239} INFO - Sync 1 DAGs
[2025-03-26T11:35:47.898+0000] {logging_mixin.py:190} INFO - [2025-03-26T11:35:47.898+0000] {dag.py:4180} INFO - Setting next_dagrun for data_ingestion_postgres_dag to 2025-03-02 06:00:00+00:00, run_after=2025-04-02 06:00:00+00:00
[2025-03-26T11:35:48.198+0000] {processor.py:208} INFO - Processing /opt/airflow/dags/data_ingestion_postgres_dag.py took 0.421 seconds
[2025-03-26T11:36:18.427+0000] {processor.py:186} INFO - Started process (PID=384) to work on /opt/airflow/dags/data_ingestion_postgres_dag.py
[2025-03-26T11:36:18.428+0000] {processor.py:914} INFO - Processing file /opt/airflow/dags/data_ingestion_postgres_dag.py for tasks to queue
[2025-03-26T11:36:18.432+0000] {logging_mixin.py:190} INFO - [2025-03-26T11:36:18.431+0000] {dagbag.py:588} INFO - Filling up the DagBag from /opt/airflow/dags/data_ingestion_postgres_dag.py
[2025-03-26T11:36:18.464+0000] {processor.py:925} INFO - DAG(s) 'data_ingestion_postgres_dag' retrieved from /opt/airflow/dags/data_ingestion_postgres_dag.py
[2025-03-26T11:36:18.497+0000] {logging_mixin.py:190} INFO - [2025-03-26T11:36:18.497+0000] {dag.py:3239} INFO - Sync 1 DAGs
[2025-03-26T11:36:18.807+0000] {logging_mixin.py:190} INFO - [2025-03-26T11:36:18.807+0000] {dag.py:4180} INFO - Setting next_dagrun for data_ingestion_postgres_dag to 2025-03-02 06:00:00+00:00, run_after=2025-04-02 06:00:00+00:00
[2025-03-26T11:36:18.830+0000] {processor.py:208} INFO - Processing /opt/airflow/dags/data_ingestion_postgres_dag.py took 0.412 seconds
[2025-03-26T11:36:49.064+0000] {processor.py:186} INFO - Started process (PID=392) to work on /opt/airflow/dags/data_ingestion_postgres_dag.py
[2025-03-26T11:36:49.099+0000] {processor.py:914} INFO - Processing file /opt/airflow/dags/data_ingestion_postgres_dag.py for tasks to queue
[2025-03-26T11:36:49.102+0000] {logging_mixin.py:190} INFO - [2025-03-26T11:36:49.102+0000] {dagbag.py:588} INFO - Filling up the DagBag from /opt/airflow/dags/data_ingestion_postgres_dag.py
[2025-03-26T11:36:49.132+0000] {processor.py:925} INFO - DAG(s) 'data_ingestion_postgres_dag' retrieved from /opt/airflow/dags/data_ingestion_postgres_dag.py
[2025-03-26T11:36:49.167+0000] {logging_mixin.py:190} INFO - [2025-03-26T11:36:49.166+0000] {dag.py:3239} INFO - Sync 1 DAGs
[2025-03-26T11:36:49.474+0000] {logging_mixin.py:190} INFO - [2025-03-26T11:36:49.474+0000] {dag.py:4180} INFO - Setting next_dagrun for data_ingestion_postgres_dag to 2025-03-02 06:00:00+00:00, run_after=2025-04-02 06:00:00+00:00
[2025-03-26T11:36:49.499+0000] {processor.py:208} INFO - Processing /opt/airflow/dags/data_ingestion_postgres_dag.py took 0.446 seconds
[2025-03-26T11:37:19.728+0000] {processor.py:186} INFO - Started process (PID=401) to work on /opt/airflow/dags/data_ingestion_postgres_dag.py
[2025-03-26T11:37:19.729+0000] {processor.py:914} INFO - Processing file /opt/airflow/dags/data_ingestion_postgres_dag.py for tasks to queue
[2025-03-26T11:37:19.733+0000] {logging_mixin.py:190} INFO - [2025-03-26T11:37:19.732+0000] {dagbag.py:588} INFO - Filling up the DagBag from /opt/airflow/dags/data_ingestion_postgres_dag.py
[2025-03-26T11:37:19.760+0000] {processor.py:925} INFO - DAG(s) 'data_ingestion_postgres_dag' retrieved from /opt/airflow/dags/data_ingestion_postgres_dag.py
[2025-03-26T11:37:19.791+0000] {logging_mixin.py:190} INFO - [2025-03-26T11:37:19.791+0000] {dag.py:3239} INFO - Sync 1 DAGs
[2025-03-26T11:37:19.826+0000] {logging_mixin.py:190} INFO - [2025-03-26T11:37:19.826+0000] {dag.py:4180} INFO - Setting next_dagrun for data_ingestion_postgres_dag to 2025-03-02 06:00:00+00:00, run_after=2025-04-02 06:00:00+00:00
[2025-03-26T11:37:19.850+0000] {processor.py:208} INFO - Processing /opt/airflow/dags/data_ingestion_postgres_dag.py took 0.131 seconds
[2025-03-26T11:37:50.076+0000] {processor.py:186} INFO - Started process (PID=409) to work on /opt/airflow/dags/data_ingestion_postgres_dag.py
[2025-03-26T11:37:50.077+0000] {processor.py:914} INFO - Processing file /opt/airflow/dags/data_ingestion_postgres_dag.py for tasks to queue
[2025-03-26T11:37:50.081+0000] {logging_mixin.py:190} INFO - [2025-03-26T11:37:50.080+0000] {dagbag.py:588} INFO - Filling up the DagBag from /opt/airflow/dags/data_ingestion_postgres_dag.py
[2025-03-26T11:37:50.108+0000] {processor.py:925} INFO - DAG(s) 'data_ingestion_postgres_dag' retrieved from /opt/airflow/dags/data_ingestion_postgres_dag.py
[2025-03-26T11:37:50.140+0000] {logging_mixin.py:190} INFO - [2025-03-26T11:37:50.140+0000] {dag.py:3239} INFO - Sync 1 DAGs
[2025-03-26T11:37:50.176+0000] {logging_mixin.py:190} INFO - [2025-03-26T11:37:50.176+0000] {dag.py:4180} INFO - Setting next_dagrun for data_ingestion_postgres_dag to 2025-03-02 06:00:00+00:00, run_after=2025-04-02 06:00:00+00:00
[2025-03-26T11:37:50.203+0000] {processor.py:208} INFO - Processing /opt/airflow/dags/data_ingestion_postgres_dag.py took 0.135 seconds
[2025-03-26T11:38:20.427+0000] {processor.py:186} INFO - Started process (PID=418) to work on /opt/airflow/dags/data_ingestion_postgres_dag.py
[2025-03-26T11:38:20.428+0000] {processor.py:914} INFO - Processing file /opt/airflow/dags/data_ingestion_postgres_dag.py for tasks to queue
[2025-03-26T11:38:20.431+0000] {logging_mixin.py:190} INFO - [2025-03-26T11:38:20.430+0000] {dagbag.py:588} INFO - Filling up the DagBag from /opt/airflow/dags/data_ingestion_postgres_dag.py
[2025-03-26T11:38:20.458+0000] {processor.py:925} INFO - DAG(s) 'data_ingestion_postgres_dag' retrieved from /opt/airflow/dags/data_ingestion_postgres_dag.py
[2025-03-26T11:38:20.489+0000] {logging_mixin.py:190} INFO - [2025-03-26T11:38:20.489+0000] {dag.py:3239} INFO - Sync 1 DAGs
[2025-03-26T11:38:20.526+0000] {logging_mixin.py:190} INFO - [2025-03-26T11:38:20.525+0000] {dag.py:4180} INFO - Setting next_dagrun for data_ingestion_postgres_dag to 2025-03-02 06:00:00+00:00, run_after=2025-04-02 06:00:00+00:00
[2025-03-26T11:38:20.833+0000] {processor.py:208} INFO - Processing /opt/airflow/dags/data_ingestion_postgres_dag.py took 0.416 seconds
