[2025-04-02T11:31:29.974+0000] {local_task_job_runner.py:123} INFO - ::group::Pre task execution logs
[2025-04-02T11:31:29.999+0000] {taskinstance.py:2614} INFO - Dependencies all met for dep_context=non-requeueable deps ti=<TaskInstance: data_ingestion_gcs_parquet_dag.download_dataset_task scheduled__2024-04-02T06:00:00+00:00 [queued]>
[2025-04-02T11:31:30.011+0000] {taskinstance.py:2614} INFO - Dependencies all met for dep_context=requeueable deps ti=<TaskInstance: data_ingestion_gcs_parquet_dag.download_dataset_task scheduled__2024-04-02T06:00:00+00:00 [queued]>
[2025-04-02T11:31:30.012+0000] {taskinstance.py:2867} INFO - Starting attempt 1 of 1
[2025-04-02T11:31:30.037+0000] {taskinstance.py:2890} INFO - Executing <Task(BashOperator): download_dataset_task> on 2024-04-02 06:00:00+00:00
[2025-04-02T11:31:30.051+0000] {warnings.py:112} WARNING - /home/***/.local/lib/python3.12/site-packages/***/task/task_runner/standard_task_runner.py:70: DeprecationWarning: This process (pid=286) is multi-threaded, use of fork() may lead to deadlocks in the child.
  pid = os.fork()

[2025-04-02T11:31:30.054+0000] {standard_task_runner.py:72} INFO - Started process 296 to run task
[2025-04-02T11:31:30.055+0000] {standard_task_runner.py:104} INFO - Running: ['***', 'tasks', 'run', 'data_ingestion_gcs_parquet_dag', 'download_dataset_task', 'scheduled__2024-04-02T06:00:00+00:00', '--job-id', '267', '--raw', '--subdir', 'DAGS_FOLDER/data_ingestion_gcs_parquet_dag.py', '--cfg-path', '/tmp/tmpr_0y1s0m']
[2025-04-02T11:31:30.060+0000] {standard_task_runner.py:105} INFO - Job 267: Subtask download_dataset_task
[2025-04-02T11:31:30.132+0000] {task_command.py:467} INFO - Running <TaskInstance: data_ingestion_gcs_parquet_dag.download_dataset_task scheduled__2024-04-02T06:00:00+00:00 [running]> on host 0f77830e7010
[2025-04-02T11:31:30.266+0000] {taskinstance.py:3134} INFO - Exporting env vars: AIRFLOW_CTX_DAG_OWNER='***' AIRFLOW_CTX_DAG_ID='data_ingestion_gcs_parquet_dag' AIRFLOW_CTX_TASK_ID='download_dataset_task' AIRFLOW_CTX_EXECUTION_DATE='2024-04-02T06:00:00+00:00' AIRFLOW_CTX_TRY_NUMBER='1' AIRFLOW_CTX_DAG_RUN_ID='scheduled__2024-04-02T06:00:00+00:00'
[2025-04-02T11:31:30.268+0000] {taskinstance.py:732} INFO - ::endgroup::
[2025-04-02T11:31:30.298+0000] {subprocess.py:78} INFO - Tmp dir root location: /tmp
[2025-04-02T11:31:30.300+0000] {subprocess.py:88} INFO - Running command: ['/usr/bin/bash', '-c', '\n        curl -sSL https://d37ci6vzurychx.cloudfront.net/trip-data/yellow_tripdata_2024-04.parquet > /opt/***/yellow_tripdata_2024-04.parquet &&\n        echo "Source dataset downloaded successfully!"\n        ']
[2025-04-02T11:31:30.318+0000] {subprocess.py:99} INFO - Output:
[2025-04-02T11:31:36.451+0000] {subprocess.py:106} INFO - Source dataset downloaded successfully!
[2025-04-02T11:31:36.452+0000] {subprocess.py:110} INFO - Command exited with return code 0
[2025-04-02T11:31:36.492+0000] {taskinstance.py:341} INFO - ::group::Post task execution logs
[2025-04-02T11:31:36.492+0000] {taskinstance.py:353} INFO - Marking task as SUCCESS. dag_id=data_ingestion_gcs_parquet_dag, task_id=download_dataset_task, run_id=scheduled__2024-04-02T06:00:00+00:00, execution_date=20240402T060000, start_date=20250402T113130, end_date=20250402T113136
[2025-04-02T11:31:36.585+0000] {local_task_job_runner.py:266} INFO - Task exited with return code 0
[2025-04-02T11:31:36.625+0000] {taskinstance.py:3901} INFO - 1 downstream tasks scheduled from follow-on schedule check
[2025-04-02T11:31:36.627+0000] {local_task_job_runner.py:245} INFO - ::endgroup::
