[2025-03-24T12:35:03.972+0000] {local_task_job_runner.py:123} INFO - ::group::Pre task execution logs
[2025-03-24T12:35:04.107+0000] {taskinstance.py:2614} INFO - Dependencies all met for dep_context=non-requeueable deps ti=<TaskInstance: data_ingestion_postgres_dag.download_source_data scheduled__2024-12-02T06:00:00+00:00 [queued]>
[2025-03-24T12:35:04.256+0000] {taskinstance.py:2614} INFO - Dependencies all met for dep_context=requeueable deps ti=<TaskInstance: data_ingestion_postgres_dag.download_source_data scheduled__2024-12-02T06:00:00+00:00 [queued]>
[2025-03-24T12:35:04.256+0000] {taskinstance.py:2867} INFO - Starting attempt 1 of 1
[2025-03-24T12:35:04.505+0000] {taskinstance.py:2890} INFO - Executing <Task(BashOperator): download_source_data> on 2024-12-02 06:00:00+00:00
[2025-03-24T12:35:04.569+0000] {warnings.py:112} WARNING - /home/***/.local/lib/python3.12/site-packages/***/task/task_runner/standard_task_runner.py:70: DeprecationWarning: This process (pid=3139) is multi-threaded, use of fork() may lead to deadlocks in the child.
  pid = os.fork()

[2025-03-24T12:35:04.572+0000] {standard_task_runner.py:72} INFO - Started process 3186 to run task
[2025-03-24T12:35:04.644+0000] {standard_task_runner.py:104} INFO - Running: ['***', 'tasks', 'run', 'data_ingestion_postgres_dag', 'download_source_data', 'scheduled__2024-12-02T06:00:00+00:00', '--job-id', '130', '--raw', '--subdir', 'DAGS_FOLDER/data_ingestion_postgres_dag.py', '--cfg-path', '/tmp/tmpgcy19shu']
[2025-03-24T12:35:04.669+0000] {standard_task_runner.py:105} INFO - Job 130: Subtask download_source_data
[2025-03-24T12:35:04.954+0000] {task_command.py:467} INFO - Running <TaskInstance: data_ingestion_postgres_dag.download_source_data scheduled__2024-12-02T06:00:00+00:00 [running]> on host 4791d3610749
[2025-03-24T12:35:05.659+0000] {taskinstance.py:3134} INFO - Exporting env vars: AIRFLOW_CTX_DAG_OWNER='***' AIRFLOW_CTX_DAG_ID='data_ingestion_postgres_dag' AIRFLOW_CTX_TASK_ID='download_source_data' AIRFLOW_CTX_EXECUTION_DATE='2024-12-02T06:00:00+00:00' AIRFLOW_CTX_TRY_NUMBER='1' AIRFLOW_CTX_DAG_RUN_ID='scheduled__2024-12-02T06:00:00+00:00'
[2025-03-24T12:35:05.660+0000] {taskinstance.py:732} INFO - ::endgroup::
[2025-03-24T12:35:05.790+0000] {subprocess.py:78} INFO - Tmp dir root location: /tmp
[2025-03-24T12:35:05.831+0000] {subprocess.py:88} INFO - Running command: ['/usr/bin/bash', '-c', 'echo 2024-12']
[2025-03-24T12:35:05.895+0000] {subprocess.py:99} INFO - Output:
[2025-03-24T12:35:05.903+0000] {subprocess.py:106} INFO - 2024-12
[2025-03-24T12:35:05.907+0000] {subprocess.py:110} INFO - Command exited with return code 0
[2025-03-24T12:35:06.059+0000] {taskinstance.py:341} INFO - ::group::Post task execution logs
[2025-03-24T12:35:06.060+0000] {taskinstance.py:353} INFO - Marking task as SUCCESS. dag_id=data_ingestion_postgres_dag, task_id=download_source_data, run_id=scheduled__2024-12-02T06:00:00+00:00, execution_date=20241202T060000, start_date=20250324T123504, end_date=20250324T123506
[2025-03-24T12:35:06.344+0000] {local_task_job_runner.py:266} INFO - Task exited with return code 0
[2025-03-24T12:35:06.528+0000] {taskinstance.py:3901} INFO - 1 downstream tasks scheduled from follow-on schedule check
[2025-03-24T12:35:06.533+0000] {local_task_job_runner.py:245} INFO - ::endgroup::
[2025-03-25T11:09:19.460+0000] {local_task_job_runner.py:123} INFO - ::group::Pre task execution logs
[2025-03-25T11:09:19.565+0000] {taskinstance.py:2614} INFO - Dependencies all met for dep_context=non-requeueable deps ti=<TaskInstance: data_ingestion_postgres_dag.download_source_data scheduled__2024-12-02T06:00:00+00:00 [queued]>
[2025-03-25T11:09:19.624+0000] {taskinstance.py:2614} INFO - Dependencies all met for dep_context=requeueable deps ti=<TaskInstance: data_ingestion_postgres_dag.download_source_data scheduled__2024-12-02T06:00:00+00:00 [queued]>
[2025-03-25T11:09:19.625+0000] {taskinstance.py:2867} INFO - Starting attempt 1 of 1
[2025-03-25T11:09:19.783+0000] {taskinstance.py:2890} INFO - Executing <Task(BashOperator): download_source_data> on 2024-12-02 06:00:00+00:00
[2025-03-25T11:09:19.831+0000] {warnings.py:112} WARNING - /home/***/.local/lib/python3.12/site-packages/***/task/task_runner/standard_task_runner.py:70: DeprecationWarning: This process (pid=103) is multi-threaded, use of fork() may lead to deadlocks in the child.
  pid = os.fork()

[2025-03-25T11:09:19.862+0000] {standard_task_runner.py:72} INFO - Started process 129 to run task
[2025-03-25T11:09:19.881+0000] {standard_task_runner.py:104} INFO - Running: ['***', 'tasks', 'run', 'data_ingestion_postgres_dag', 'download_source_data', 'scheduled__2024-12-02T06:00:00+00:00', '--job-id', '169', '--raw', '--subdir', 'DAGS_FOLDER/data_ingestion_postgres_dag.py', '--cfg-path', '/tmp/tmpfusgott9']
[2025-03-25T11:09:19.900+0000] {standard_task_runner.py:105} INFO - Job 169: Subtask download_source_data
[2025-03-25T11:09:20.290+0000] {task_command.py:467} INFO - Running <TaskInstance: data_ingestion_postgres_dag.download_source_data scheduled__2024-12-02T06:00:00+00:00 [running]> on host 4c8ab9810a8c
[2025-03-25T11:09:21.032+0000] {taskinstance.py:3134} INFO - Exporting env vars: AIRFLOW_CTX_DAG_OWNER='***' AIRFLOW_CTX_DAG_ID='data_ingestion_postgres_dag' AIRFLOW_CTX_TASK_ID='download_source_data' AIRFLOW_CTX_EXECUTION_DATE='2024-12-02T06:00:00+00:00' AIRFLOW_CTX_TRY_NUMBER='1' AIRFLOW_CTX_DAG_RUN_ID='scheduled__2024-12-02T06:00:00+00:00'
[2025-03-25T11:09:21.042+0000] {taskinstance.py:732} INFO - ::endgroup::
[2025-03-25T11:09:21.254+0000] {subprocess.py:78} INFO - Tmp dir root location: /tmp
[2025-03-25T11:09:21.255+0000] {subprocess.py:88} INFO - Running command: ['/usr/bin/bash', '-c', 'echo 2024-12']
[2025-03-25T11:09:21.381+0000] {subprocess.py:99} INFO - Output:
[2025-03-25T11:09:21.404+0000] {subprocess.py:106} INFO - 2024-12
[2025-03-25T11:09:21.415+0000] {subprocess.py:110} INFO - Command exited with return code 0
[2025-03-25T11:09:21.526+0000] {taskinstance.py:341} INFO - ::group::Post task execution logs
[2025-03-25T11:09:21.530+0000] {taskinstance.py:353} INFO - Marking task as SUCCESS. dag_id=data_ingestion_postgres_dag, task_id=download_source_data, run_id=scheduled__2024-12-02T06:00:00+00:00, execution_date=20241202T060000, start_date=20250325T110919, end_date=20250325T110921
[2025-03-25T11:09:21.732+0000] {local_task_job_runner.py:266} INFO - Task exited with return code 0
[2025-03-25T11:09:21.930+0000] {taskinstance.py:3901} INFO - 1 downstream tasks scheduled from follow-on schedule check
[2025-03-25T11:09:21.944+0000] {local_task_job_runner.py:245} INFO - ::endgroup::
