[2025-03-24T12:34:59.338+0000] {local_task_job_runner.py:123} INFO - ::group::Pre task execution logs
[2025-03-24T12:34:59.463+0000] {taskinstance.py:2614} INFO - Dependencies all met for dep_context=non-requeueable deps ti=<TaskInstance: data_ingestion_postgres_dag.download_source_data scheduled__2024-07-02T06:00:00+00:00 [queued]>
[2025-03-24T12:34:59.570+0000] {taskinstance.py:2614} INFO - Dependencies all met for dep_context=requeueable deps ti=<TaskInstance: data_ingestion_postgres_dag.download_source_data scheduled__2024-07-02T06:00:00+00:00 [queued]>
[2025-03-24T12:34:59.573+0000] {taskinstance.py:2867} INFO - Starting attempt 1 of 1
[2025-03-24T12:34:59.737+0000] {taskinstance.py:2890} INFO - Executing <Task(BashOperator): download_source_data> on 2024-07-02 06:00:00+00:00
[2025-03-24T12:34:59.817+0000] {warnings.py:112} WARNING - /home/***/.local/lib/python3.12/site-packages/***/task/task_runner/standard_task_runner.py:70: DeprecationWarning: This process (pid=3122) is multi-threaded, use of fork() may lead to deadlocks in the child.
  pid = os.fork()

[2025-03-24T12:34:59.859+0000] {standard_task_runner.py:72} INFO - Started process 3149 to run task
[2025-03-24T12:34:59.892+0000] {standard_task_runner.py:104} INFO - Running: ['***', 'tasks', 'run', 'data_ingestion_postgres_dag', 'download_source_data', 'scheduled__2024-07-02T06:00:00+00:00', '--job-id', '120', '--raw', '--subdir', 'DAGS_FOLDER/data_ingestion_postgres_dag.py', '--cfg-path', '/tmp/tmpvey8buue']
[2025-03-24T12:34:59.894+0000] {standard_task_runner.py:105} INFO - Job 120: Subtask download_source_data
[2025-03-24T12:35:00.459+0000] {task_command.py:467} INFO - Running <TaskInstance: data_ingestion_postgres_dag.download_source_data scheduled__2024-07-02T06:00:00+00:00 [running]> on host 4791d3610749
[2025-03-24T12:35:01.655+0000] {taskinstance.py:3134} INFO - Exporting env vars: AIRFLOW_CTX_DAG_OWNER='***' AIRFLOW_CTX_DAG_ID='data_ingestion_postgres_dag' AIRFLOW_CTX_TASK_ID='download_source_data' AIRFLOW_CTX_EXECUTION_DATE='2024-07-02T06:00:00+00:00' AIRFLOW_CTX_TRY_NUMBER='1' AIRFLOW_CTX_DAG_RUN_ID='scheduled__2024-07-02T06:00:00+00:00'
[2025-03-24T12:35:01.667+0000] {taskinstance.py:732} INFO - ::endgroup::
[2025-03-24T12:35:02.078+0000] {subprocess.py:78} INFO - Tmp dir root location: /tmp
[2025-03-24T12:35:02.097+0000] {subprocess.py:88} INFO - Running command: ['/usr/bin/bash', '-c', 'echo 2024-07']
[2025-03-24T12:35:02.282+0000] {subprocess.py:99} INFO - Output:
[2025-03-24T12:35:02.288+0000] {subprocess.py:106} INFO - 2024-07
[2025-03-24T12:35:02.306+0000] {subprocess.py:110} INFO - Command exited with return code 0
[2025-03-24T12:35:02.533+0000] {taskinstance.py:341} INFO - ::group::Post task execution logs
[2025-03-24T12:35:02.534+0000] {taskinstance.py:353} INFO - Marking task as SUCCESS. dag_id=data_ingestion_postgres_dag, task_id=download_source_data, run_id=scheduled__2024-07-02T06:00:00+00:00, execution_date=20240702T060000, start_date=20250324T123459, end_date=20250324T123502
[2025-03-24T12:35:02.933+0000] {local_task_job_runner.py:266} INFO - Task exited with return code 0
[2025-03-24T12:35:03.131+0000] {taskinstance.py:3901} INFO - 1 downstream tasks scheduled from follow-on schedule check
[2025-03-24T12:35:03.149+0000] {local_task_job_runner.py:245} INFO - ::endgroup::
[2025-03-25T11:09:18.790+0000] {local_task_job_runner.py:123} INFO - ::group::Pre task execution logs
[2025-03-25T11:09:18.928+0000] {taskinstance.py:2614} INFO - Dependencies all met for dep_context=non-requeueable deps ti=<TaskInstance: data_ingestion_postgres_dag.download_source_data scheduled__2024-07-02T06:00:00+00:00 [queued]>
[2025-03-25T11:09:18.996+0000] {taskinstance.py:2614} INFO - Dependencies all met for dep_context=requeueable deps ti=<TaskInstance: data_ingestion_postgres_dag.download_source_data scheduled__2024-07-02T06:00:00+00:00 [queued]>
[2025-03-25T11:09:18.997+0000] {taskinstance.py:2867} INFO - Starting attempt 1 of 1
[2025-03-25T11:09:19.164+0000] {taskinstance.py:2890} INFO - Executing <Task(BashOperator): download_source_data> on 2024-07-02 06:00:00+00:00
[2025-03-25T11:09:19.218+0000] {warnings.py:112} WARNING - /home/***/.local/lib/python3.12/site-packages/***/task/task_runner/standard_task_runner.py:70: DeprecationWarning: This process (pid=91) is multi-threaded, use of fork() may lead to deadlocks in the child.
  pid = os.fork()

[2025-03-25T11:09:19.250+0000] {standard_task_runner.py:72} INFO - Started process 120 to run task
[2025-03-25T11:09:19.249+0000] {standard_task_runner.py:104} INFO - Running: ['***', 'tasks', 'run', 'data_ingestion_postgres_dag', 'download_source_data', 'scheduled__2024-07-02T06:00:00+00:00', '--job-id', '166', '--raw', '--subdir', 'DAGS_FOLDER/data_ingestion_postgres_dag.py', '--cfg-path', '/tmp/tmp4okpisuk']
[2025-03-25T11:09:19.275+0000] {standard_task_runner.py:105} INFO - Job 166: Subtask download_source_data
[2025-03-25T11:09:19.653+0000] {task_command.py:467} INFO - Running <TaskInstance: data_ingestion_postgres_dag.download_source_data scheduled__2024-07-02T06:00:00+00:00 [running]> on host 4c8ab9810a8c
[2025-03-25T11:09:20.391+0000] {taskinstance.py:3134} INFO - Exporting env vars: AIRFLOW_CTX_DAG_OWNER='***' AIRFLOW_CTX_DAG_ID='data_ingestion_postgres_dag' AIRFLOW_CTX_TASK_ID='download_source_data' AIRFLOW_CTX_EXECUTION_DATE='2024-07-02T06:00:00+00:00' AIRFLOW_CTX_TRY_NUMBER='1' AIRFLOW_CTX_DAG_RUN_ID='scheduled__2024-07-02T06:00:00+00:00'
[2025-03-25T11:09:20.392+0000] {taskinstance.py:732} INFO - ::endgroup::
[2025-03-25T11:09:20.552+0000] {subprocess.py:78} INFO - Tmp dir root location: /tmp
[2025-03-25T11:09:20.553+0000] {subprocess.py:88} INFO - Running command: ['/usr/bin/bash', '-c', 'echo 2024-07']
[2025-03-25T11:09:20.716+0000] {subprocess.py:99} INFO - Output:
[2025-03-25T11:09:20.729+0000] {subprocess.py:106} INFO - 2024-07
[2025-03-25T11:09:20.755+0000] {subprocess.py:110} INFO - Command exited with return code 0
[2025-03-25T11:09:20.892+0000] {taskinstance.py:341} INFO - ::group::Post task execution logs
[2025-03-25T11:09:20.906+0000] {taskinstance.py:353} INFO - Marking task as SUCCESS. dag_id=data_ingestion_postgres_dag, task_id=download_source_data, run_id=scheduled__2024-07-02T06:00:00+00:00, execution_date=20240702T060000, start_date=20250325T110918, end_date=20250325T110920
[2025-03-25T11:09:21.095+0000] {local_task_job_runner.py:266} INFO - Task exited with return code 0
[2025-03-25T11:09:21.322+0000] {taskinstance.py:3901} INFO - 1 downstream tasks scheduled from follow-on schedule check
[2025-03-25T11:09:21.338+0000] {local_task_job_runner.py:245} INFO - ::endgroup::
