[2025-03-24T12:35:07.323+0000] {local_task_job_runner.py:123} INFO - ::group::Pre task execution logs
[2025-03-24T12:35:07.484+0000] {taskinstance.py:2614} INFO - Dependencies all met for dep_context=non-requeueable deps ti=<TaskInstance: data_ingestion_postgres_dag.ingest scheduled__2024-07-02T06:00:00+00:00 [queued]>
[2025-03-24T12:35:07.594+0000] {taskinstance.py:2614} INFO - Dependencies all met for dep_context=requeueable deps ti=<TaskInstance: data_ingestion_postgres_dag.ingest scheduled__2024-07-02T06:00:00+00:00 [queued]>
[2025-03-24T12:35:07.595+0000] {taskinstance.py:2867} INFO - Starting attempt 1 of 1
[2025-03-24T12:35:07.707+0000] {taskinstance.py:2890} INFO - Executing <Task(BashOperator): ingest> on 2024-07-02 06:00:00+00:00
[2025-03-24T12:35:07.741+0000] {warnings.py:112} WARNING - /home/***/.local/lib/python3.12/site-packages/***/task/task_runner/standard_task_runner.py:70: DeprecationWarning: This process (pid=3177) is multi-threaded, use of fork() may lead to deadlocks in the child.
  pid = os.fork()

[2025-03-24T12:35:07.768+0000] {standard_task_runner.py:72} INFO - Started process 3212 to run task
[2025-03-24T12:35:07.778+0000] {standard_task_runner.py:104} INFO - Running: ['***', 'tasks', 'run', 'data_ingestion_postgres_dag', 'ingest', 'scheduled__2024-07-02T06:00:00+00:00', '--job-id', '136', '--raw', '--subdir', 'DAGS_FOLDER/data_ingestion_postgres_dag.py', '--cfg-path', '/tmp/tmppfezt1r6']
[2025-03-24T12:35:07.796+0000] {standard_task_runner.py:105} INFO - Job 136: Subtask ingest
[2025-03-24T12:35:08.123+0000] {task_command.py:467} INFO - Running <TaskInstance: data_ingestion_postgres_dag.ingest scheduled__2024-07-02T06:00:00+00:00 [running]> on host 4791d3610749
[2025-03-24T12:35:08.540+0000] {taskinstance.py:3134} INFO - Exporting env vars: AIRFLOW_CTX_DAG_OWNER='***' AIRFLOW_CTX_DAG_ID='data_ingestion_postgres_dag' AIRFLOW_CTX_TASK_ID='ingest' AIRFLOW_CTX_EXECUTION_DATE='2024-07-02T06:00:00+00:00' AIRFLOW_CTX_TRY_NUMBER='1' AIRFLOW_CTX_DAG_RUN_ID='scheduled__2024-07-02T06:00:00+00:00'
[2025-03-24T12:35:08.541+0000] {taskinstance.py:732} INFO - ::endgroup::
[2025-03-24T12:35:08.604+0000] {subprocess.py:78} INFO - Tmp dir root location: /tmp
[2025-03-24T12:35:08.605+0000] {subprocess.py:88} INFO - Running command: ['/usr/bin/bash', '-c', 'echo "ls"']
[2025-03-24T12:35:08.677+0000] {subprocess.py:99} INFO - Output:
[2025-03-24T12:35:08.688+0000] {subprocess.py:106} INFO - ls
[2025-03-24T12:35:08.693+0000] {subprocess.py:110} INFO - Command exited with return code 0
[2025-03-24T12:35:08.782+0000] {taskinstance.py:341} INFO - ::group::Post task execution logs
[2025-03-24T12:35:08.783+0000] {taskinstance.py:353} INFO - Marking task as SUCCESS. dag_id=data_ingestion_postgres_dag, task_id=ingest, run_id=scheduled__2024-07-02T06:00:00+00:00, execution_date=20240702T060000, start_date=20250324T123507, end_date=20250324T123508
[2025-03-24T12:35:08.906+0000] {local_task_job_runner.py:266} INFO - Task exited with return code 0
[2025-03-24T12:35:08.947+0000] {local_task_job_runner.py:245} INFO - ::endgroup::
[2025-03-25T11:09:25.987+0000] {local_task_job_runner.py:123} INFO - ::group::Pre task execution logs
[2025-03-25T11:09:26.145+0000] {taskinstance.py:2614} INFO - Dependencies all met for dep_context=non-requeueable deps ti=<TaskInstance: data_ingestion_postgres_dag.ingest scheduled__2024-07-02T06:00:00+00:00 [queued]>
[2025-03-25T11:09:26.226+0000] {taskinstance.py:2614} INFO - Dependencies all met for dep_context=requeueable deps ti=<TaskInstance: data_ingestion_postgres_dag.ingest scheduled__2024-07-02T06:00:00+00:00 [queued]>
[2025-03-25T11:09:26.227+0000] {taskinstance.py:2867} INFO - Starting attempt 1 of 1
[2025-03-25T11:09:26.302+0000] {taskinstance.py:2890} INFO - Executing <Task(BashOperator): ingest> on 2024-07-02 06:00:00+00:00
[2025-03-25T11:09:26.333+0000] {warnings.py:112} WARNING - /home/***/.local/lib/python3.12/site-packages/***/task/task_runner/standard_task_runner.py:70: DeprecationWarning: This process (pid=149) is multi-threaded, use of fork() may lead to deadlocks in the child.
  pid = os.fork()

[2025-03-25T11:09:26.340+0000] {standard_task_runner.py:72} INFO - Started process 173 to run task
[2025-03-25T11:09:26.361+0000] {standard_task_runner.py:104} INFO - Running: ['***', 'tasks', 'run', 'data_ingestion_postgres_dag', 'ingest', 'scheduled__2024-07-02T06:00:00+00:00', '--job-id', '180', '--raw', '--subdir', 'DAGS_FOLDER/data_ingestion_postgres_dag.py', '--cfg-path', '/tmp/tmppgi2e1ey']
[2025-03-25T11:09:26.364+0000] {standard_task_runner.py:105} INFO - Job 180: Subtask ingest
[2025-03-25T11:09:26.580+0000] {task_command.py:467} INFO - Running <TaskInstance: data_ingestion_postgres_dag.ingest scheduled__2024-07-02T06:00:00+00:00 [running]> on host 4c8ab9810a8c
[2025-03-25T11:09:26.975+0000] {taskinstance.py:3134} INFO - Exporting env vars: AIRFLOW_CTX_DAG_OWNER='***' AIRFLOW_CTX_DAG_ID='data_ingestion_postgres_dag' AIRFLOW_CTX_TASK_ID='ingest' AIRFLOW_CTX_EXECUTION_DATE='2024-07-02T06:00:00+00:00' AIRFLOW_CTX_TRY_NUMBER='1' AIRFLOW_CTX_DAG_RUN_ID='scheduled__2024-07-02T06:00:00+00:00'
[2025-03-25T11:09:26.977+0000] {taskinstance.py:732} INFO - ::endgroup::
[2025-03-25T11:09:27.073+0000] {subprocess.py:78} INFO - Tmp dir root location: /tmp
[2025-03-25T11:09:27.075+0000] {subprocess.py:88} INFO - Running command: ['/usr/bin/bash', '-c', 'echo "ls"']
[2025-03-25T11:09:27.141+0000] {subprocess.py:99} INFO - Output:
[2025-03-25T11:09:27.163+0000] {subprocess.py:106} INFO - ls
[2025-03-25T11:09:27.168+0000] {subprocess.py:110} INFO - Command exited with return code 0
[2025-03-25T11:09:27.308+0000] {taskinstance.py:341} INFO - ::group::Post task execution logs
[2025-03-25T11:09:27.309+0000] {taskinstance.py:353} INFO - Marking task as SUCCESS. dag_id=data_ingestion_postgres_dag, task_id=ingest, run_id=scheduled__2024-07-02T06:00:00+00:00, execution_date=20240702T060000, start_date=20250325T110926, end_date=20250325T110927
[2025-03-25T11:09:27.475+0000] {local_task_job_runner.py:266} INFO - Task exited with return code 0
[2025-03-25T11:09:27.531+0000] {taskinstance.py:3901} INFO - 0 downstream tasks scheduled from follow-on schedule check
[2025-03-25T11:09:27.536+0000] {local_task_job_runner.py:245} INFO - ::endgroup::
