[2025-03-24T12:34:59.382+0000] {local_task_job_runner.py:123} INFO - ::group::Pre task execution logs
[2025-03-24T12:34:59.541+0000] {taskinstance.py:2614} INFO - Dependencies all met for dep_context=non-requeueable deps ti=<TaskInstance: data_ingestion_postgres_dag.download_source_data scheduled__2024-05-02T06:00:00+00:00 [queued]>
[2025-03-24T12:34:59.674+0000] {taskinstance.py:2614} INFO - Dependencies all met for dep_context=requeueable deps ti=<TaskInstance: data_ingestion_postgres_dag.download_source_data scheduled__2024-05-02T06:00:00+00:00 [queued]>
[2025-03-24T12:34:59.685+0000] {taskinstance.py:2867} INFO - Starting attempt 1 of 1
[2025-03-24T12:35:00.028+0000] {taskinstance.py:2890} INFO - Executing <Task(BashOperator): download_source_data> on 2024-05-02 06:00:00+00:00
[2025-03-24T12:35:00.119+0000] {warnings.py:112} WARNING - /home/***/.local/lib/python3.12/site-packages/***/task/task_runner/standard_task_runner.py:70: DeprecationWarning: This process (pid=3120) is multi-threaded, use of fork() may lead to deadlocks in the child.
  pid = os.fork()

[2025-03-24T12:35:00.171+0000] {standard_task_runner.py:72} INFO - Started process 3151 to run task
[2025-03-24T12:35:00.217+0000] {standard_task_runner.py:104} INFO - Running: ['***', 'tasks', 'run', 'data_ingestion_postgres_dag', 'download_source_data', 'scheduled__2024-05-02T06:00:00+00:00', '--job-id', '121', '--raw', '--subdir', 'DAGS_FOLDER/data_ingestion_postgres_dag.py', '--cfg-path', '/tmp/tmpmy_wa3_4']
[2025-03-24T12:35:00.247+0000] {standard_task_runner.py:105} INFO - Job 121: Subtask download_source_data
[2025-03-24T12:35:00.554+0000] {task_command.py:467} INFO - Running <TaskInstance: data_ingestion_postgres_dag.download_source_data scheduled__2024-05-02T06:00:00+00:00 [running]> on host 4791d3610749
[2025-03-24T12:35:01.464+0000] {taskinstance.py:3134} INFO - Exporting env vars: AIRFLOW_CTX_DAG_OWNER='***' AIRFLOW_CTX_DAG_ID='data_ingestion_postgres_dag' AIRFLOW_CTX_TASK_ID='download_source_data' AIRFLOW_CTX_EXECUTION_DATE='2024-05-02T06:00:00+00:00' AIRFLOW_CTX_TRY_NUMBER='1' AIRFLOW_CTX_DAG_RUN_ID='scheduled__2024-05-02T06:00:00+00:00'
[2025-03-24T12:35:01.479+0000] {taskinstance.py:732} INFO - ::endgroup::
[2025-03-24T12:35:01.917+0000] {subprocess.py:78} INFO - Tmp dir root location: /tmp
[2025-03-24T12:35:01.918+0000] {subprocess.py:88} INFO - Running command: ['/usr/bin/bash', '-c', 'echo 2024-05']
[2025-03-24T12:35:02.132+0000] {subprocess.py:99} INFO - Output:
[2025-03-24T12:35:02.185+0000] {subprocess.py:106} INFO - 2024-05
[2025-03-24T12:35:02.205+0000] {subprocess.py:110} INFO - Command exited with return code 0
[2025-03-24T12:35:02.415+0000] {taskinstance.py:341} INFO - ::group::Post task execution logs
[2025-03-24T12:35:02.418+0000] {taskinstance.py:353} INFO - Marking task as SUCCESS. dag_id=data_ingestion_postgres_dag, task_id=download_source_data, run_id=scheduled__2024-05-02T06:00:00+00:00, execution_date=20240502T060000, start_date=20250324T123459, end_date=20250324T123502
[2025-03-24T12:35:02.939+0000] {local_task_job_runner.py:266} INFO - Task exited with return code 0
[2025-03-24T12:35:03.194+0000] {taskinstance.py:3901} INFO - 1 downstream tasks scheduled from follow-on schedule check
[2025-03-24T12:35:03.200+0000] {local_task_job_runner.py:245} INFO - ::endgroup::
[2025-03-25T11:09:17.366+0000] {local_task_job_runner.py:123} INFO - ::group::Pre task execution logs
[2025-03-25T11:09:17.569+0000] {taskinstance.py:2614} INFO - Dependencies all met for dep_context=non-requeueable deps ti=<TaskInstance: data_ingestion_postgres_dag.download_source_data scheduled__2024-05-02T06:00:00+00:00 [queued]>
[2025-03-25T11:09:17.683+0000] {taskinstance.py:2614} INFO - Dependencies all met for dep_context=requeueable deps ti=<TaskInstance: data_ingestion_postgres_dag.download_source_data scheduled__2024-05-02T06:00:00+00:00 [queued]>
[2025-03-25T11:09:17.694+0000] {taskinstance.py:2867} INFO - Starting attempt 1 of 1
[2025-03-25T11:09:17.921+0000] {taskinstance.py:2890} INFO - Executing <Task(BashOperator): download_source_data> on 2024-05-02 06:00:00+00:00
[2025-03-25T11:09:17.975+0000] {warnings.py:112} WARNING - /home/***/.local/lib/python3.12/site-packages/***/task/task_runner/standard_task_runner.py:70: DeprecationWarning: This process (pid=89) is multi-threaded, use of fork() may lead to deadlocks in the child.
  pid = os.fork()

[2025-03-25T11:09:17.984+0000] {standard_task_runner.py:72} INFO - Started process 113 to run task
[2025-03-25T11:09:17.997+0000] {standard_task_runner.py:104} INFO - Running: ['***', 'tasks', 'run', 'data_ingestion_postgres_dag', 'download_source_data', 'scheduled__2024-05-02T06:00:00+00:00', '--job-id', '165', '--raw', '--subdir', 'DAGS_FOLDER/data_ingestion_postgres_dag.py', '--cfg-path', '/tmp/tmpo62t8ehe']
[2025-03-25T11:09:18.027+0000] {standard_task_runner.py:105} INFO - Job 165: Subtask download_source_data
[2025-03-25T11:09:18.509+0000] {task_command.py:467} INFO - Running <TaskInstance: data_ingestion_postgres_dag.download_source_data scheduled__2024-05-02T06:00:00+00:00 [running]> on host 4c8ab9810a8c
[2025-03-25T11:09:19.362+0000] {taskinstance.py:3134} INFO - Exporting env vars: AIRFLOW_CTX_DAG_OWNER='***' AIRFLOW_CTX_DAG_ID='data_ingestion_postgres_dag' AIRFLOW_CTX_TASK_ID='download_source_data' AIRFLOW_CTX_EXECUTION_DATE='2024-05-02T06:00:00+00:00' AIRFLOW_CTX_TRY_NUMBER='1' AIRFLOW_CTX_DAG_RUN_ID='scheduled__2024-05-02T06:00:00+00:00'
[2025-03-25T11:09:19.364+0000] {taskinstance.py:732} INFO - ::endgroup::
[2025-03-25T11:09:19.465+0000] {subprocess.py:78} INFO - Tmp dir root location: /tmp
[2025-03-25T11:09:19.477+0000] {subprocess.py:88} INFO - Running command: ['/usr/bin/bash', '-c', 'echo 2024-05']
[2025-03-25T11:09:19.585+0000] {subprocess.py:99} INFO - Output:
[2025-03-25T11:09:19.596+0000] {subprocess.py:106} INFO - 2024-05
[2025-03-25T11:09:19.606+0000] {subprocess.py:110} INFO - Command exited with return code 0
[2025-03-25T11:09:19.739+0000] {taskinstance.py:341} INFO - ::group::Post task execution logs
[2025-03-25T11:09:19.740+0000] {taskinstance.py:353} INFO - Marking task as SUCCESS. dag_id=data_ingestion_postgres_dag, task_id=download_source_data, run_id=scheduled__2024-05-02T06:00:00+00:00, execution_date=20240502T060000, start_date=20250325T110917, end_date=20250325T110919
[2025-03-25T11:09:19.991+0000] {local_task_job_runner.py:266} INFO - Task exited with return code 0
[2025-03-25T11:09:20.109+0000] {taskinstance.py:3901} INFO - 1 downstream tasks scheduled from follow-on schedule check
[2025-03-25T11:09:20.123+0000] {local_task_job_runner.py:245} INFO - ::endgroup::
