[2025-03-24T12:35:09.127+0000] {local_task_job_runner.py:123} INFO - ::group::Pre task execution logs
[2025-03-24T12:35:09.179+0000] {taskinstance.py:2614} INFO - Dependencies all met for dep_context=non-requeueable deps ti=<TaskInstance: data_ingestion_postgres_dag.ingest scheduled__2024-10-02T06:00:00+00:00 [queued]>
[2025-03-24T12:35:09.201+0000] {taskinstance.py:2614} INFO - Dependencies all met for dep_context=requeueable deps ti=<TaskInstance: data_ingestion_postgres_dag.ingest scheduled__2024-10-02T06:00:00+00:00 [queued]>
[2025-03-24T12:35:09.202+0000] {taskinstance.py:2867} INFO - Starting attempt 1 of 1
[2025-03-24T12:35:09.243+0000] {taskinstance.py:2890} INFO - Executing <Task(BashOperator): ingest> on 2024-10-02 06:00:00+00:00
[2025-03-24T12:35:09.258+0000] {warnings.py:112} WARNING - /home/***/.local/lib/python3.12/site-packages/***/task/task_runner/standard_task_runner.py:70: DeprecationWarning: This process (pid=3196) is multi-threaded, use of fork() may lead to deadlocks in the child.
  pid = os.fork()

[2025-03-24T12:35:09.265+0000] {standard_task_runner.py:104} INFO - Running: ['***', 'tasks', 'run', 'data_ingestion_postgres_dag', 'ingest', 'scheduled__2024-10-02T06:00:00+00:00', '--job-id', '140', '--raw', '--subdir', 'DAGS_FOLDER/data_ingestion_postgres_dag.py', '--cfg-path', '/tmp/tmpfwp6q196']
[2025-03-24T12:35:09.267+0000] {standard_task_runner.py:105} INFO - Job 140: Subtask ingest
[2025-03-24T12:35:09.267+0000] {standard_task_runner.py:72} INFO - Started process 3223 to run task
[2025-03-24T12:35:09.378+0000] {task_command.py:467} INFO - Running <TaskInstance: data_ingestion_postgres_dag.ingest scheduled__2024-10-02T06:00:00+00:00 [running]> on host 4791d3610749
[2025-03-24T12:35:09.567+0000] {taskinstance.py:3134} INFO - Exporting env vars: AIRFLOW_CTX_DAG_OWNER='***' AIRFLOW_CTX_DAG_ID='data_ingestion_postgres_dag' AIRFLOW_CTX_TASK_ID='ingest' AIRFLOW_CTX_EXECUTION_DATE='2024-10-02T06:00:00+00:00' AIRFLOW_CTX_TRY_NUMBER='1' AIRFLOW_CTX_DAG_RUN_ID='scheduled__2024-10-02T06:00:00+00:00'
[2025-03-24T12:35:09.569+0000] {taskinstance.py:732} INFO - ::endgroup::
[2025-03-24T12:35:09.608+0000] {subprocess.py:78} INFO - Tmp dir root location: /tmp
[2025-03-24T12:35:09.609+0000] {subprocess.py:88} INFO - Running command: ['/usr/bin/bash', '-c', 'echo "ls"']
[2025-03-24T12:35:09.630+0000] {subprocess.py:99} INFO - Output:
[2025-03-24T12:35:09.635+0000] {subprocess.py:106} INFO - ls
[2025-03-24T12:35:09.636+0000] {subprocess.py:110} INFO - Command exited with return code 0
[2025-03-24T12:35:09.685+0000] {taskinstance.py:341} INFO - ::group::Post task execution logs
[2025-03-24T12:35:09.686+0000] {taskinstance.py:353} INFO - Marking task as SUCCESS. dag_id=data_ingestion_postgres_dag, task_id=ingest, run_id=scheduled__2024-10-02T06:00:00+00:00, execution_date=20241002T060000, start_date=20250324T123509, end_date=20250324T123509
[2025-03-24T12:35:09.772+0000] {local_task_job_runner.py:266} INFO - Task exited with return code 0
[2025-03-24T12:35:09.798+0000] {local_task_job_runner.py:245} INFO - ::endgroup::
[2025-03-25T11:09:26.276+0000] {local_task_job_runner.py:123} INFO - ::group::Pre task execution logs
[2025-03-25T11:09:26.404+0000] {taskinstance.py:2614} INFO - Dependencies all met for dep_context=non-requeueable deps ti=<TaskInstance: data_ingestion_postgres_dag.ingest scheduled__2024-10-02T06:00:00+00:00 [queued]>
[2025-03-25T11:09:26.507+0000] {taskinstance.py:2614} INFO - Dependencies all met for dep_context=requeueable deps ti=<TaskInstance: data_ingestion_postgres_dag.ingest scheduled__2024-10-02T06:00:00+00:00 [queued]>
[2025-03-25T11:09:26.508+0000] {taskinstance.py:2867} INFO - Starting attempt 1 of 1
[2025-03-25T11:09:26.645+0000] {taskinstance.py:2890} INFO - Executing <Task(BashOperator): ingest> on 2024-10-02 06:00:00+00:00
[2025-03-25T11:09:26.709+0000] {warnings.py:112} WARNING - /home/***/.local/lib/python3.12/site-packages/***/task/task_runner/standard_task_runner.py:70: DeprecationWarning: This process (pid=154) is multi-threaded, use of fork() may lead to deadlocks in the child.
  pid = os.fork()

[2025-03-25T11:09:26.734+0000] {standard_task_runner.py:104} INFO - Running: ['***', 'tasks', 'run', 'data_ingestion_postgres_dag', 'ingest', 'scheduled__2024-10-02T06:00:00+00:00', '--job-id', '182', '--raw', '--subdir', 'DAGS_FOLDER/data_ingestion_postgres_dag.py', '--cfg-path', '/tmp/tmp9dz9yj76']
[2025-03-25T11:09:26.741+0000] {standard_task_runner.py:105} INFO - Job 182: Subtask ingest
[2025-03-25T11:09:26.725+0000] {standard_task_runner.py:72} INFO - Started process 179 to run task
[2025-03-25T11:09:26.917+0000] {task_command.py:467} INFO - Running <TaskInstance: data_ingestion_postgres_dag.ingest scheduled__2024-10-02T06:00:00+00:00 [running]> on host 4c8ab9810a8c
[2025-03-25T11:09:27.328+0000] {taskinstance.py:3134} INFO - Exporting env vars: AIRFLOW_CTX_DAG_OWNER='***' AIRFLOW_CTX_DAG_ID='data_ingestion_postgres_dag' AIRFLOW_CTX_TASK_ID='ingest' AIRFLOW_CTX_EXECUTION_DATE='2024-10-02T06:00:00+00:00' AIRFLOW_CTX_TRY_NUMBER='1' AIRFLOW_CTX_DAG_RUN_ID='scheduled__2024-10-02T06:00:00+00:00'
[2025-03-25T11:09:27.329+0000] {taskinstance.py:732} INFO - ::endgroup::
[2025-03-25T11:09:27.418+0000] {subprocess.py:78} INFO - Tmp dir root location: /tmp
[2025-03-25T11:09:27.427+0000] {subprocess.py:88} INFO - Running command: ['/usr/bin/bash', '-c', 'echo "ls"']
[2025-03-25T11:09:27.498+0000] {subprocess.py:99} INFO - Output:
[2025-03-25T11:09:27.512+0000] {subprocess.py:106} INFO - ls
[2025-03-25T11:09:27.520+0000] {subprocess.py:110} INFO - Command exited with return code 0
[2025-03-25T11:09:27.605+0000] {taskinstance.py:341} INFO - ::group::Post task execution logs
[2025-03-25T11:09:27.606+0000] {taskinstance.py:353} INFO - Marking task as SUCCESS. dag_id=data_ingestion_postgres_dag, task_id=ingest, run_id=scheduled__2024-10-02T06:00:00+00:00, execution_date=20241002T060000, start_date=20250325T110926, end_date=20250325T110927
[2025-03-25T11:09:27.762+0000] {local_task_job_runner.py:266} INFO - Task exited with return code 0
[2025-03-25T11:09:27.804+0000] {local_task_job_runner.py:245} INFO - ::endgroup::
