[2025-03-24T12:35:12.886+0000] {local_task_job_runner.py:123} INFO - ::group::Pre task execution logs
[2025-03-24T12:35:12.913+0000] {taskinstance.py:2614} INFO - Dependencies all met for dep_context=non-requeueable deps ti=<TaskInstance: data_ingestion_postgres_dag.download_source_data scheduled__2025-01-02T06:00:00+00:00 [queued]>
[2025-03-24T12:35:12.927+0000] {taskinstance.py:2614} INFO - Dependencies all met for dep_context=requeueable deps ti=<TaskInstance: data_ingestion_postgres_dag.download_source_data scheduled__2025-01-02T06:00:00+00:00 [queued]>
[2025-03-24T12:35:12.927+0000] {taskinstance.py:2867} INFO - Starting attempt 1 of 1
[2025-03-24T12:35:12.944+0000] {taskinstance.py:2890} INFO - Executing <Task(BashOperator): download_source_data> on 2025-01-02 06:00:00+00:00
[2025-03-24T12:35:12.953+0000] {warnings.py:112} WARNING - /home/***/.local/lib/python3.12/site-packages/***/task/task_runner/standard_task_runner.py:70: DeprecationWarning: This process (pid=3236) is multi-threaded, use of fork() may lead to deadlocks in the child.
  pid = os.fork()

[2025-03-24T12:35:12.956+0000] {standard_task_runner.py:72} INFO - Started process 3238 to run task
[2025-03-24T12:35:12.957+0000] {standard_task_runner.py:104} INFO - Running: ['***', 'tasks', 'run', 'data_ingestion_postgres_dag', 'download_source_data', 'scheduled__2025-01-02T06:00:00+00:00', '--job-id', '144', '--raw', '--subdir', 'DAGS_FOLDER/data_ingestion_postgres_dag.py', '--cfg-path', '/tmp/tmpl35f08r9']
[2025-03-24T12:35:12.959+0000] {standard_task_runner.py:105} INFO - Job 144: Subtask download_source_data
[2025-03-24T12:35:13.026+0000] {task_command.py:467} INFO - Running <TaskInstance: data_ingestion_postgres_dag.download_source_data scheduled__2025-01-02T06:00:00+00:00 [running]> on host 4791d3610749
[2025-03-24T12:35:13.149+0000] {taskinstance.py:3134} INFO - Exporting env vars: AIRFLOW_CTX_DAG_OWNER='***' AIRFLOW_CTX_DAG_ID='data_ingestion_postgres_dag' AIRFLOW_CTX_TASK_ID='download_source_data' AIRFLOW_CTX_EXECUTION_DATE='2025-01-02T06:00:00+00:00' AIRFLOW_CTX_TRY_NUMBER='1' AIRFLOW_CTX_DAG_RUN_ID='scheduled__2025-01-02T06:00:00+00:00'
[2025-03-24T12:35:13.150+0000] {taskinstance.py:732} INFO - ::endgroup::
[2025-03-24T12:35:13.170+0000] {subprocess.py:78} INFO - Tmp dir root location: /tmp
[2025-03-24T12:35:13.170+0000] {subprocess.py:88} INFO - Running command: ['/usr/bin/bash', '-c', 'echo 2025-01']
[2025-03-24T12:35:13.187+0000] {subprocess.py:99} INFO - Output:
[2025-03-24T12:35:13.190+0000] {subprocess.py:106} INFO - 2025-01
[2025-03-24T12:35:13.191+0000] {subprocess.py:110} INFO - Command exited with return code 0
[2025-03-24T12:35:13.228+0000] {taskinstance.py:341} INFO - ::group::Post task execution logs
[2025-03-24T12:35:13.229+0000] {taskinstance.py:353} INFO - Marking task as SUCCESS. dag_id=data_ingestion_postgres_dag, task_id=download_source_data, run_id=scheduled__2025-01-02T06:00:00+00:00, execution_date=20250102T060000, start_date=20250324T123512, end_date=20250324T123513
[2025-03-24T12:35:13.296+0000] {local_task_job_runner.py:266} INFO - Task exited with return code 0
[2025-03-24T12:35:13.333+0000] {taskinstance.py:3901} INFO - 1 downstream tasks scheduled from follow-on schedule check
[2025-03-24T12:35:13.335+0000] {local_task_job_runner.py:245} INFO - ::endgroup::
[2025-03-25T11:09:20.677+0000] {local_task_job_runner.py:123} INFO - ::group::Pre task execution logs
[2025-03-25T11:09:20.833+0000] {taskinstance.py:2614} INFO - Dependencies all met for dep_context=non-requeueable deps ti=<TaskInstance: data_ingestion_postgres_dag.download_source_data scheduled__2025-01-02T06:00:00+00:00 [queued]>
[2025-03-25T11:09:20.930+0000] {taskinstance.py:2614} INFO - Dependencies all met for dep_context=requeueable deps ti=<TaskInstance: data_ingestion_postgres_dag.download_source_data scheduled__2025-01-02T06:00:00+00:00 [queued]>
[2025-03-25T11:09:20.931+0000] {taskinstance.py:2867} INFO - Starting attempt 1 of 1
[2025-03-25T11:09:21.032+0000] {taskinstance.py:2890} INFO - Executing <Task(BashOperator): download_source_data> on 2025-01-02 06:00:00+00:00
[2025-03-25T11:09:21.057+0000] {warnings.py:112} WARNING - /home/***/.local/lib/python3.12/site-packages/***/task/task_runner/standard_task_runner.py:70: DeprecationWarning: This process (pid=105) is multi-threaded, use of fork() may lead to deadlocks in the child.
  pid = os.fork()

[2025-03-25T11:09:21.061+0000] {standard_task_runner.py:72} INFO - Started process 139 to run task
[2025-03-25T11:09:21.085+0000] {standard_task_runner.py:104} INFO - Running: ['***', 'tasks', 'run', 'data_ingestion_postgres_dag', 'download_source_data', 'scheduled__2025-01-02T06:00:00+00:00', '--job-id', '173', '--raw', '--subdir', 'DAGS_FOLDER/data_ingestion_postgres_dag.py', '--cfg-path', '/tmp/tmpwceep290']
[2025-03-25T11:09:21.096+0000] {standard_task_runner.py:105} INFO - Job 173: Subtask download_source_data
[2025-03-25T11:09:21.344+0000] {task_command.py:467} INFO - Running <TaskInstance: data_ingestion_postgres_dag.download_source_data scheduled__2025-01-02T06:00:00+00:00 [running]> on host 4c8ab9810a8c
[2025-03-25T11:09:22.132+0000] {taskinstance.py:3134} INFO - Exporting env vars: AIRFLOW_CTX_DAG_OWNER='***' AIRFLOW_CTX_DAG_ID='data_ingestion_postgres_dag' AIRFLOW_CTX_TASK_ID='download_source_data' AIRFLOW_CTX_EXECUTION_DATE='2025-01-02T06:00:00+00:00' AIRFLOW_CTX_TRY_NUMBER='1' AIRFLOW_CTX_DAG_RUN_ID='scheduled__2025-01-02T06:00:00+00:00'
[2025-03-25T11:09:22.134+0000] {taskinstance.py:732} INFO - ::endgroup::
[2025-03-25T11:09:22.450+0000] {subprocess.py:78} INFO - Tmp dir root location: /tmp
[2025-03-25T11:09:22.452+0000] {subprocess.py:88} INFO - Running command: ['/usr/bin/bash', '-c', 'echo 2025-01']
[2025-03-25T11:09:22.512+0000] {subprocess.py:99} INFO - Output:
[2025-03-25T11:09:22.534+0000] {subprocess.py:106} INFO - 2025-01
[2025-03-25T11:09:22.535+0000] {subprocess.py:110} INFO - Command exited with return code 0
[2025-03-25T11:09:22.892+0000] {taskinstance.py:341} INFO - ::group::Post task execution logs
[2025-03-25T11:09:22.896+0000] {taskinstance.py:353} INFO - Marking task as SUCCESS. dag_id=data_ingestion_postgres_dag, task_id=download_source_data, run_id=scheduled__2025-01-02T06:00:00+00:00, execution_date=20250102T060000, start_date=20250325T110920, end_date=20250325T110922
[2025-03-25T11:09:23.133+0000] {local_task_job_runner.py:266} INFO - Task exited with return code 0
[2025-03-25T11:09:23.326+0000] {taskinstance.py:3901} INFO - 1 downstream tasks scheduled from follow-on schedule check
[2025-03-25T11:09:23.343+0000] {local_task_job_runner.py:245} INFO - ::endgroup::
