[2025-03-24T12:35:08.216+0000] {local_task_job_runner.py:123} INFO - ::group::Pre task execution logs
[2025-03-24T12:35:08.319+0000] {taskinstance.py:2614} INFO - Dependencies all met for dep_context=non-requeueable deps ti=<TaskInstance: data_ingestion_postgres_dag.ingest scheduled__2024-08-02T06:00:00+00:00 [queued]>
[2025-03-24T12:35:08.383+0000] {taskinstance.py:2614} INFO - Dependencies all met for dep_context=requeueable deps ti=<TaskInstance: data_ingestion_postgres_dag.ingest scheduled__2024-08-02T06:00:00+00:00 [queued]>
[2025-03-24T12:35:08.383+0000] {taskinstance.py:2867} INFO - Starting attempt 1 of 1
[2025-03-24T12:35:08.599+0000] {taskinstance.py:2890} INFO - Executing <Task(BashOperator): ingest> on 2024-08-02 06:00:00+00:00
[2025-03-24T12:35:08.612+0000] {warnings.py:112} WARNING - /home/***/.local/lib/python3.12/site-packages/***/task/task_runner/standard_task_runner.py:70: DeprecationWarning: This process (pid=3181) is multi-threaded, use of fork() may lead to deadlocks in the child.
  pid = os.fork()

[2025-03-24T12:35:08.637+0000] {standard_task_runner.py:72} INFO - Started process 3218 to run task
[2025-03-24T12:35:08.644+0000] {standard_task_runner.py:104} INFO - Running: ['***', 'tasks', 'run', 'data_ingestion_postgres_dag', 'ingest', 'scheduled__2024-08-02T06:00:00+00:00', '--job-id', '139', '--raw', '--subdir', 'DAGS_FOLDER/data_ingestion_postgres_dag.py', '--cfg-path', '/tmp/tmp_6y53lwe']
[2025-03-24T12:35:08.654+0000] {standard_task_runner.py:105} INFO - Job 139: Subtask ingest
[2025-03-24T12:35:08.839+0000] {task_command.py:467} INFO - Running <TaskInstance: data_ingestion_postgres_dag.ingest scheduled__2024-08-02T06:00:00+00:00 [running]> on host 4791d3610749
[2025-03-24T12:35:09.201+0000] {taskinstance.py:3134} INFO - Exporting env vars: AIRFLOW_CTX_DAG_OWNER='***' AIRFLOW_CTX_DAG_ID='data_ingestion_postgres_dag' AIRFLOW_CTX_TASK_ID='ingest' AIRFLOW_CTX_EXECUTION_DATE='2024-08-02T06:00:00+00:00' AIRFLOW_CTX_TRY_NUMBER='1' AIRFLOW_CTX_DAG_RUN_ID='scheduled__2024-08-02T06:00:00+00:00'
[2025-03-24T12:35:09.202+0000] {taskinstance.py:732} INFO - ::endgroup::
[2025-03-24T12:35:09.250+0000] {subprocess.py:78} INFO - Tmp dir root location: /tmp
[2025-03-24T12:35:09.252+0000] {subprocess.py:88} INFO - Running command: ['/usr/bin/bash', '-c', 'echo "ls"']
[2025-03-24T12:35:09.288+0000] {subprocess.py:99} INFO - Output:
[2025-03-24T12:35:09.291+0000] {subprocess.py:106} INFO - ls
[2025-03-24T12:35:09.293+0000] {subprocess.py:110} INFO - Command exited with return code 0
[2025-03-24T12:35:09.359+0000] {taskinstance.py:341} INFO - ::group::Post task execution logs
[2025-03-24T12:35:09.360+0000] {taskinstance.py:353} INFO - Marking task as SUCCESS. dag_id=data_ingestion_postgres_dag, task_id=ingest, run_id=scheduled__2024-08-02T06:00:00+00:00, execution_date=20240802T060000, start_date=20250324T123508, end_date=20250324T123509
[2025-03-24T12:35:09.482+0000] {local_task_job_runner.py:266} INFO - Task exited with return code 0
[2025-03-24T12:35:09.529+0000] {taskinstance.py:3901} INFO - 0 downstream tasks scheduled from follow-on schedule check
[2025-03-24T12:35:09.532+0000] {local_task_job_runner.py:245} INFO - ::endgroup::
[2025-03-25T11:09:26.254+0000] {local_task_job_runner.py:123} INFO - ::group::Pre task execution logs
[2025-03-25T11:09:26.376+0000] {taskinstance.py:2614} INFO - Dependencies all met for dep_context=non-requeueable deps ti=<TaskInstance: data_ingestion_postgres_dag.ingest scheduled__2024-08-02T06:00:00+00:00 [queued]>
[2025-03-25T11:09:26.509+0000] {taskinstance.py:2614} INFO - Dependencies all met for dep_context=requeueable deps ti=<TaskInstance: data_ingestion_postgres_dag.ingest scheduled__2024-08-02T06:00:00+00:00 [queued]>
[2025-03-25T11:09:26.509+0000] {taskinstance.py:2867} INFO - Starting attempt 1 of 1
[2025-03-25T11:09:26.659+0000] {taskinstance.py:2890} INFO - Executing <Task(BashOperator): ingest> on 2024-08-02 06:00:00+00:00
[2025-03-25T11:09:26.726+0000] {standard_task_runner.py:104} INFO - Running: ['***', 'tasks', 'run', 'data_ingestion_postgres_dag', 'ingest', 'scheduled__2024-08-02T06:00:00+00:00', '--job-id', '183', '--raw', '--subdir', 'DAGS_FOLDER/data_ingestion_postgres_dag.py', '--cfg-path', '/tmp/tmpgbiimnmq']
[2025-03-25T11:09:26.738+0000] {standard_task_runner.py:105} INFO - Job 183: Subtask ingest
[2025-03-25T11:09:26.720+0000] {warnings.py:112} WARNING - /home/***/.local/lib/python3.12/site-packages/***/task/task_runner/standard_task_runner.py:70: DeprecationWarning: This process (pid=151) is multi-threaded, use of fork() may lead to deadlocks in the child.
  pid = os.fork()

[2025-03-25T11:09:26.744+0000] {standard_task_runner.py:72} INFO - Started process 178 to run task
[2025-03-25T11:09:26.961+0000] {task_command.py:467} INFO - Running <TaskInstance: data_ingestion_postgres_dag.ingest scheduled__2024-08-02T06:00:00+00:00 [running]> on host 4c8ab9810a8c
[2025-03-25T11:09:27.304+0000] {taskinstance.py:3134} INFO - Exporting env vars: AIRFLOW_CTX_DAG_OWNER='***' AIRFLOW_CTX_DAG_ID='data_ingestion_postgres_dag' AIRFLOW_CTX_TASK_ID='ingest' AIRFLOW_CTX_EXECUTION_DATE='2024-08-02T06:00:00+00:00' AIRFLOW_CTX_TRY_NUMBER='1' AIRFLOW_CTX_DAG_RUN_ID='scheduled__2024-08-02T06:00:00+00:00'
[2025-03-25T11:09:27.306+0000] {taskinstance.py:732} INFO - ::endgroup::
[2025-03-25T11:09:27.396+0000] {subprocess.py:78} INFO - Tmp dir root location: /tmp
[2025-03-25T11:09:27.397+0000] {subprocess.py:88} INFO - Running command: ['/usr/bin/bash', '-c', 'echo "ls"']
[2025-03-25T11:09:27.422+0000] {subprocess.py:99} INFO - Output:
[2025-03-25T11:09:27.427+0000] {subprocess.py:106} INFO - ls
[2025-03-25T11:09:27.428+0000] {subprocess.py:110} INFO - Command exited with return code 0
[2025-03-25T11:09:27.509+0000] {taskinstance.py:341} INFO - ::group::Post task execution logs
[2025-03-25T11:09:27.510+0000] {taskinstance.py:353} INFO - Marking task as SUCCESS. dag_id=data_ingestion_postgres_dag, task_id=ingest, run_id=scheduled__2024-08-02T06:00:00+00:00, execution_date=20240802T060000, start_date=20250325T110926, end_date=20250325T110927
[2025-03-25T11:09:27.719+0000] {local_task_job_runner.py:266} INFO - Task exited with return code 0
[2025-03-25T11:09:27.798+0000] {taskinstance.py:3901} INFO - 0 downstream tasks scheduled from follow-on schedule check
[2025-03-25T11:09:27.810+0000] {local_task_job_runner.py:245} INFO - ::endgroup::
