[2025-03-21T10:37:27.687+0000] {local_task_job_runner.py:123} INFO - ::group::Pre task execution logs
[2025-03-21T10:37:27.713+0000] {taskinstance.py:2614} INFO - Dependencies all met for dep_context=non-requeueable deps ti=<TaskInstance: data_ingestion_gcs_dag.download_dataset_task scheduled__2025-03-20T00:00:00+00:00 [queued]>
[2025-03-21T10:37:27.726+0000] {taskinstance.py:2614} INFO - Dependencies all met for dep_context=requeueable deps ti=<TaskInstance: data_ingestion_gcs_dag.download_dataset_task scheduled__2025-03-20T00:00:00+00:00 [queued]>
[2025-03-21T10:37:27.726+0000] {taskinstance.py:2867} INFO - Starting attempt 1 of 2
[2025-03-21T10:37:27.747+0000] {taskinstance.py:2890} INFO - Executing <Task(BashOperator): download_dataset_task> on 2025-03-20 00:00:00+00:00
[2025-03-21T10:37:27.761+0000] {warnings.py:112} WARNING - /home/***/.local/lib/python3.12/site-packages/***/task/task_runner/standard_task_runner.py:70: DeprecationWarning: This process (pid=597) is multi-threaded, use of fork() may lead to deadlocks in the child.
  pid = os.fork()

[2025-03-21T10:37:27.765+0000] {standard_task_runner.py:72} INFO - Started process 599 to run task
[2025-03-21T10:37:27.766+0000] {standard_task_runner.py:104} INFO - Running: ['***', 'tasks', 'run', 'data_ingestion_gcs_dag', 'download_dataset_task', 'scheduled__2025-03-20T00:00:00+00:00', '--job-id', '9', '--raw', '--subdir', 'DAGS_FOLDER/data_ingestion_gcs_dag.py', '--cfg-path', '/tmp/tmpb2vbsg1v']
[2025-03-21T10:37:27.772+0000] {standard_task_runner.py:105} INFO - Job 9: Subtask download_dataset_task
[2025-03-21T10:37:27.857+0000] {task_command.py:467} INFO - Running <TaskInstance: data_ingestion_gcs_dag.download_dataset_task scheduled__2025-03-20T00:00:00+00:00 [running]> on host 4791d3610749
[2025-03-21T10:37:28.004+0000] {taskinstance.py:3134} INFO - Exporting env vars: AIRFLOW_CTX_DAG_OWNER='***' AIRFLOW_CTX_DAG_ID='data_ingestion_gcs_dag' AIRFLOW_CTX_TASK_ID='download_dataset_task' AIRFLOW_CTX_EXECUTION_DATE='2025-03-20T00:00:00+00:00' AIRFLOW_CTX_TRY_NUMBER='1' AIRFLOW_CTX_DAG_RUN_ID='scheduled__2025-03-20T00:00:00+00:00'
[2025-03-21T10:37:28.007+0000] {taskinstance.py:732} INFO - ::endgroup::
[2025-03-21T10:37:28.072+0000] {subprocess.py:78} INFO - Tmp dir root location: /tmp
[2025-03-21T10:37:28.073+0000] {subprocess.py:88} INFO - Running command: ['/usr/bin/bash', '-c', 'curl -sSL https://s3.amazonaws.com/nyc-tlc/trip+data/yellow_tripdata_2021-01.csv > /opt/***/yellow_tripdata_2021-01.csv']
[2025-03-21T10:37:28.097+0000] {subprocess.py:99} INFO - Output:
[2025-03-21T10:37:28.940+0000] {subprocess.py:110} INFO - Command exited with return code 0
[2025-03-21T10:37:28.987+0000] {taskinstance.py:341} INFO - ::group::Post task execution logs
[2025-03-21T10:37:28.988+0000] {taskinstance.py:353} INFO - Marking task as SUCCESS. dag_id=data_ingestion_gcs_dag, task_id=download_dataset_task, run_id=scheduled__2025-03-20T00:00:00+00:00, execution_date=20250320T000000, start_date=20250321T103727, end_date=20250321T103728
[2025-03-21T10:37:29.068+0000] {local_task_job_runner.py:266} INFO - Task exited with return code 0
[2025-03-21T10:37:29.122+0000] {taskinstance.py:3901} INFO - 1 downstream tasks scheduled from follow-on schedule check
[2025-03-21T10:37:29.132+0000] {local_task_job_runner.py:245} INFO - ::endgroup::
