[2025-03-24T12:34:59.734+0000] {local_task_job_runner.py:123} INFO - ::group::Pre task execution logs
[2025-03-24T12:34:59.944+0000] {taskinstance.py:2614} INFO - Dependencies all met for dep_context=non-requeueable deps ti=<TaskInstance: data_ingestion_postgres_dag.download_source_data scheduled__2024-06-02T06:00:00+00:00 [queued]>
[2025-03-24T12:35:00.003+0000] {taskinstance.py:2614} INFO - Dependencies all met for dep_context=requeueable deps ti=<TaskInstance: data_ingestion_postgres_dag.download_source_data scheduled__2024-06-02T06:00:00+00:00 [queued]>
[2025-03-24T12:35:00.004+0000] {taskinstance.py:2867} INFO - Starting attempt 1 of 1
[2025-03-24T12:35:00.257+0000] {taskinstance.py:2890} INFO - Executing <Task(BashOperator): download_source_data> on 2024-06-02 06:00:00+00:00
[2025-03-24T12:35:00.285+0000] {warnings.py:112} WARNING - /home/***/.local/lib/python3.12/site-packages/***/task/task_runner/standard_task_runner.py:70: DeprecationWarning: This process (pid=3121) is multi-threaded, use of fork() may lead to deadlocks in the child.
  pid = os.fork()

[2025-03-24T12:35:00.336+0000] {standard_task_runner.py:72} INFO - Started process 3155 to run task
[2025-03-24T12:35:00.355+0000] {standard_task_runner.py:104} INFO - Running: ['***', 'tasks', 'run', 'data_ingestion_postgres_dag', 'download_source_data', 'scheduled__2024-06-02T06:00:00+00:00', '--job-id', '122', '--raw', '--subdir', 'DAGS_FOLDER/data_ingestion_postgres_dag.py', '--cfg-path', '/tmp/tmp096fkuv0']
[2025-03-24T12:35:00.357+0000] {standard_task_runner.py:105} INFO - Job 122: Subtask download_source_data
[2025-03-24T12:35:00.731+0000] {task_command.py:467} INFO - Running <TaskInstance: data_ingestion_postgres_dag.download_source_data scheduled__2024-06-02T06:00:00+00:00 [running]> on host 4791d3610749
[2025-03-24T12:35:01.290+0000] {taskinstance.py:3134} INFO - Exporting env vars: AIRFLOW_CTX_DAG_OWNER='***' AIRFLOW_CTX_DAG_ID='data_ingestion_postgres_dag' AIRFLOW_CTX_TASK_ID='download_source_data' AIRFLOW_CTX_EXECUTION_DATE='2024-06-02T06:00:00+00:00' AIRFLOW_CTX_TRY_NUMBER='1' AIRFLOW_CTX_DAG_RUN_ID='scheduled__2024-06-02T06:00:00+00:00'
[2025-03-24T12:35:01.291+0000] {taskinstance.py:732} INFO - ::endgroup::
[2025-03-24T12:35:01.382+0000] {subprocess.py:78} INFO - Tmp dir root location: /tmp
[2025-03-24T12:35:01.409+0000] {subprocess.py:88} INFO - Running command: ['/usr/bin/bash', '-c', 'echo 2024-06']
[2025-03-24T12:35:01.480+0000] {subprocess.py:99} INFO - Output:
[2025-03-24T12:35:01.490+0000] {subprocess.py:106} INFO - 2024-06
[2025-03-24T12:35:01.498+0000] {subprocess.py:110} INFO - Command exited with return code 0
[2025-03-24T12:35:01.575+0000] {taskinstance.py:341} INFO - ::group::Post task execution logs
[2025-03-24T12:35:01.576+0000] {taskinstance.py:353} INFO - Marking task as SUCCESS. dag_id=data_ingestion_postgres_dag, task_id=download_source_data, run_id=scheduled__2024-06-02T06:00:00+00:00, execution_date=20240602T060000, start_date=20250324T123459, end_date=20250324T123501
[2025-03-24T12:35:01.773+0000] {local_task_job_runner.py:266} INFO - Task exited with return code 0
[2025-03-24T12:35:01.996+0000] {taskinstance.py:3901} INFO - 1 downstream tasks scheduled from follow-on schedule check
[2025-03-24T12:35:02.009+0000] {local_task_job_runner.py:245} INFO - ::endgroup::
[2025-03-25T11:09:17.220+0000] {local_task_job_runner.py:123} INFO - ::group::Pre task execution logs
[2025-03-25T11:09:17.340+0000] {taskinstance.py:2614} INFO - Dependencies all met for dep_context=non-requeueable deps ti=<TaskInstance: data_ingestion_postgres_dag.download_source_data scheduled__2024-06-02T06:00:00+00:00 [queued]>
[2025-03-25T11:09:17.443+0000] {taskinstance.py:2614} INFO - Dependencies all met for dep_context=requeueable deps ti=<TaskInstance: data_ingestion_postgres_dag.download_source_data scheduled__2024-06-02T06:00:00+00:00 [queued]>
[2025-03-25T11:09:17.444+0000] {taskinstance.py:2867} INFO - Starting attempt 1 of 1
[2025-03-25T11:09:17.588+0000] {taskinstance.py:2890} INFO - Executing <Task(BashOperator): download_source_data> on 2024-06-02 06:00:00+00:00
[2025-03-25T11:09:17.623+0000] {warnings.py:112} WARNING - /home/***/.local/lib/python3.12/site-packages/***/task/task_runner/standard_task_runner.py:70: DeprecationWarning: This process (pid=90) is multi-threaded, use of fork() may lead to deadlocks in the child.
  pid = os.fork()

[2025-03-25T11:09:17.651+0000] {standard_task_runner.py:72} INFO - Started process 111 to run task
[2025-03-25T11:09:17.621+0000] {standard_task_runner.py:104} INFO - Running: ['***', 'tasks', 'run', 'data_ingestion_postgres_dag', 'download_source_data', 'scheduled__2024-06-02T06:00:00+00:00', '--job-id', '164', '--raw', '--subdir', 'DAGS_FOLDER/data_ingestion_postgres_dag.py', '--cfg-path', '/tmp/tmpvfk62hrc']
[2025-03-25T11:09:17.671+0000] {standard_task_runner.py:105} INFO - Job 164: Subtask download_source_data
[2025-03-25T11:09:18.616+0000] {task_command.py:467} INFO - Running <TaskInstance: data_ingestion_postgres_dag.download_source_data scheduled__2024-06-02T06:00:00+00:00 [running]> on host 4c8ab9810a8c
[2025-03-25T11:09:19.554+0000] {taskinstance.py:3134} INFO - Exporting env vars: AIRFLOW_CTX_DAG_OWNER='***' AIRFLOW_CTX_DAG_ID='data_ingestion_postgres_dag' AIRFLOW_CTX_TASK_ID='download_source_data' AIRFLOW_CTX_EXECUTION_DATE='2024-06-02T06:00:00+00:00' AIRFLOW_CTX_TRY_NUMBER='1' AIRFLOW_CTX_DAG_RUN_ID='scheduled__2024-06-02T06:00:00+00:00'
[2025-03-25T11:09:19.556+0000] {taskinstance.py:732} INFO - ::endgroup::
[2025-03-25T11:09:19.719+0000] {subprocess.py:78} INFO - Tmp dir root location: /tmp
[2025-03-25T11:09:19.720+0000] {subprocess.py:88} INFO - Running command: ['/usr/bin/bash', '-c', 'echo 2024-06']
[2025-03-25T11:09:19.846+0000] {subprocess.py:99} INFO - Output:
[2025-03-25T11:09:19.854+0000] {subprocess.py:106} INFO - 2024-06
[2025-03-25T11:09:19.863+0000] {subprocess.py:110} INFO - Command exited with return code 0
[2025-03-25T11:09:19.980+0000] {taskinstance.py:341} INFO - ::group::Post task execution logs
[2025-03-25T11:09:19.981+0000] {taskinstance.py:353} INFO - Marking task as SUCCESS. dag_id=data_ingestion_postgres_dag, task_id=download_source_data, run_id=scheduled__2024-06-02T06:00:00+00:00, execution_date=20240602T060000, start_date=20250325T110917, end_date=20250325T110919
[2025-03-25T11:09:20.197+0000] {local_task_job_runner.py:266} INFO - Task exited with return code 0
[2025-03-25T11:09:20.400+0000] {taskinstance.py:3901} INFO - 1 downstream tasks scheduled from follow-on schedule check
[2025-03-25T11:09:20.414+0000] {local_task_job_runner.py:245} INFO - ::endgroup::
