[2025-03-24T12:34:41.063+0000] {local_task_job_runner.py:123} INFO - ::group::Pre task execution logs
[2025-03-24T12:34:41.216+0000] {taskinstance.py:2614} INFO - Dependencies all met for dep_context=non-requeueable deps ti=<TaskInstance: data_ingestion_postgres_dag.download_source_data scheduled__2023-01-02T06:00:00+00:00 [queued]>
[2025-03-24T12:34:41.330+0000] {taskinstance.py:2614} INFO - Dependencies all met for dep_context=requeueable deps ti=<TaskInstance: data_ingestion_postgres_dag.download_source_data scheduled__2023-01-02T06:00:00+00:00 [queued]>
[2025-03-24T12:34:41.330+0000] {taskinstance.py:2867} INFO - Starting attempt 1 of 1
[2025-03-24T12:34:41.491+0000] {taskinstance.py:2890} INFO - Executing <Task(BashOperator): download_source_data> on 2023-01-02 06:00:00+00:00
[2025-03-24T12:34:41.513+0000] {warnings.py:112} WARNING - /home/***/.local/lib/python3.12/site-packages/***/task/task_runner/standard_task_runner.py:70: DeprecationWarning: This process (pid=2996) is multi-threaded, use of fork() may lead to deadlocks in the child.
  pid = os.fork()

[2025-03-24T12:34:41.544+0000] {standard_task_runner.py:72} INFO - Started process 3026 to run task
[2025-03-24T12:34:41.551+0000] {standard_task_runner.py:104} INFO - Running: ['***', 'tasks', 'run', 'data_ingestion_postgres_dag', 'download_source_data', 'scheduled__2023-01-02T06:00:00+00:00', '--job-id', '90', '--raw', '--subdir', 'DAGS_FOLDER/data_ingestion_postgres_dag.py', '--cfg-path', '/tmp/tmp8ccvfh2s']
[2025-03-24T12:34:41.553+0000] {standard_task_runner.py:105} INFO - Job 90: Subtask download_source_data
[2025-03-24T12:34:41.888+0000] {task_command.py:467} INFO - Running <TaskInstance: data_ingestion_postgres_dag.download_source_data scheduled__2023-01-02T06:00:00+00:00 [running]> on host 4791d3610749
[2025-03-24T12:34:42.307+0000] {taskinstance.py:3134} INFO - Exporting env vars: AIRFLOW_CTX_DAG_OWNER='***' AIRFLOW_CTX_DAG_ID='data_ingestion_postgres_dag' AIRFLOW_CTX_TASK_ID='download_source_data' AIRFLOW_CTX_EXECUTION_DATE='2023-01-02T06:00:00+00:00' AIRFLOW_CTX_TRY_NUMBER='1' AIRFLOW_CTX_DAG_RUN_ID='scheduled__2023-01-02T06:00:00+00:00'
[2025-03-24T12:34:42.308+0000] {taskinstance.py:732} INFO - ::endgroup::
[2025-03-24T12:34:42.412+0000] {subprocess.py:78} INFO - Tmp dir root location: /tmp
[2025-03-24T12:34:42.413+0000] {subprocess.py:88} INFO - Running command: ['/usr/bin/bash', '-c', 'echo 2023-01']
[2025-03-24T12:34:42.570+0000] {subprocess.py:99} INFO - Output:
[2025-03-24T12:34:42.614+0000] {subprocess.py:106} INFO - 2023-01
[2025-03-24T12:34:42.616+0000] {subprocess.py:110} INFO - Command exited with return code 0
[2025-03-24T12:34:42.782+0000] {taskinstance.py:341} INFO - ::group::Post task execution logs
[2025-03-24T12:34:42.799+0000] {taskinstance.py:353} INFO - Marking task as SUCCESS. dag_id=data_ingestion_postgres_dag, task_id=download_source_data, run_id=scheduled__2023-01-02T06:00:00+00:00, execution_date=20230102T060000, start_date=20250324T123441, end_date=20250324T123442
[2025-03-24T12:34:43.090+0000] {local_task_job_runner.py:266} INFO - Task exited with return code 0
[2025-03-24T12:34:43.237+0000] {taskinstance.py:3901} INFO - 1 downstream tasks scheduled from follow-on schedule check
[2025-03-24T12:34:43.244+0000] {local_task_job_runner.py:245} INFO - ::endgroup::
