[2025-03-24T12:35:13.009+0000] {local_task_job_runner.py:123} INFO - ::group::Pre task execution logs
[2025-03-24T12:35:13.031+0000] {taskinstance.py:2614} INFO - Dependencies all met for dep_context=non-requeueable deps ti=<TaskInstance: data_ingestion_postgres_dag.download_source_data scheduled__2025-02-02T06:00:00+00:00 [queued]>
[2025-03-24T12:35:13.042+0000] {taskinstance.py:2614} INFO - Dependencies all met for dep_context=requeueable deps ti=<TaskInstance: data_ingestion_postgres_dag.download_source_data scheduled__2025-02-02T06:00:00+00:00 [queued]>
[2025-03-24T12:35:13.042+0000] {taskinstance.py:2867} INFO - Starting attempt 1 of 1
[2025-03-24T12:35:13.059+0000] {taskinstance.py:2890} INFO - Executing <Task(BashOperator): download_source_data> on 2025-02-02 06:00:00+00:00
[2025-03-24T12:35:13.068+0000] {warnings.py:112} WARNING - /home/***/.local/lib/python3.12/site-packages/***/task/task_runner/standard_task_runner.py:70: DeprecationWarning: This process (pid=3237) is multi-threaded, use of fork() may lead to deadlocks in the child.
  pid = os.fork()

[2025-03-24T12:35:13.071+0000] {standard_task_runner.py:72} INFO - Started process 3240 to run task
[2025-03-24T12:35:13.072+0000] {standard_task_runner.py:104} INFO - Running: ['***', 'tasks', 'run', 'data_ingestion_postgres_dag', 'download_source_data', 'scheduled__2025-02-02T06:00:00+00:00', '--job-id', '145', '--raw', '--subdir', 'DAGS_FOLDER/data_ingestion_postgres_dag.py', '--cfg-path', '/tmp/tmp7ys0nser']
[2025-03-24T12:35:13.074+0000] {standard_task_runner.py:105} INFO - Job 145: Subtask download_source_data
[2025-03-24T12:35:13.139+0000] {task_command.py:467} INFO - Running <TaskInstance: data_ingestion_postgres_dag.download_source_data scheduled__2025-02-02T06:00:00+00:00 [running]> on host 4791d3610749
[2025-03-24T12:35:13.267+0000] {taskinstance.py:3134} INFO - Exporting env vars: AIRFLOW_CTX_DAG_OWNER='***' AIRFLOW_CTX_DAG_ID='data_ingestion_postgres_dag' AIRFLOW_CTX_TASK_ID='download_source_data' AIRFLOW_CTX_EXECUTION_DATE='2025-02-02T06:00:00+00:00' AIRFLOW_CTX_TRY_NUMBER='1' AIRFLOW_CTX_DAG_RUN_ID='scheduled__2025-02-02T06:00:00+00:00'
[2025-03-24T12:35:13.268+0000] {taskinstance.py:732} INFO - ::endgroup::
[2025-03-24T12:35:13.287+0000] {subprocess.py:78} INFO - Tmp dir root location: /tmp
[2025-03-24T12:35:13.288+0000] {subprocess.py:88} INFO - Running command: ['/usr/bin/bash', '-c', 'echo 2025-02']
[2025-03-24T12:35:13.302+0000] {subprocess.py:99} INFO - Output:
[2025-03-24T12:35:13.304+0000] {subprocess.py:106} INFO - 2025-02
[2025-03-24T12:35:13.305+0000] {subprocess.py:110} INFO - Command exited with return code 0
[2025-03-24T12:35:13.339+0000] {taskinstance.py:341} INFO - ::group::Post task execution logs
[2025-03-24T12:35:13.340+0000] {taskinstance.py:353} INFO - Marking task as SUCCESS. dag_id=data_ingestion_postgres_dag, task_id=download_source_data, run_id=scheduled__2025-02-02T06:00:00+00:00, execution_date=20250202T060000, start_date=20250324T123513, end_date=20250324T123513
[2025-03-24T12:35:13.409+0000] {local_task_job_runner.py:266} INFO - Task exited with return code 0
[2025-03-24T12:35:13.443+0000] {taskinstance.py:3901} INFO - 1 downstream tasks scheduled from follow-on schedule check
[2025-03-24T12:35:13.446+0000] {local_task_job_runner.py:245} INFO - ::endgroup::
[2025-03-25T11:09:20.441+0000] {local_task_job_runner.py:123} INFO - ::group::Pre task execution logs
[2025-03-25T11:09:20.636+0000] {taskinstance.py:2614} INFO - Dependencies all met for dep_context=non-requeueable deps ti=<TaskInstance: data_ingestion_postgres_dag.download_source_data scheduled__2025-02-02T06:00:00+00:00 [queued]>
[2025-03-25T11:09:20.759+0000] {taskinstance.py:2614} INFO - Dependencies all met for dep_context=requeueable deps ti=<TaskInstance: data_ingestion_postgres_dag.download_source_data scheduled__2025-02-02T06:00:00+00:00 [queued]>
[2025-03-25T11:09:20.760+0000] {taskinstance.py:2867} INFO - Starting attempt 1 of 1
[2025-03-25T11:09:20.953+0000] {taskinstance.py:2890} INFO - Executing <Task(BashOperator): download_source_data> on 2025-02-02 06:00:00+00:00
[2025-03-25T11:09:20.994+0000] {warnings.py:112} WARNING - /home/***/.local/lib/python3.12/site-packages/***/task/task_runner/standard_task_runner.py:70: DeprecationWarning: This process (pid=106) is multi-threaded, use of fork() may lead to deadlocks in the child.
  pid = os.fork()

[2025-03-25T11:09:21.026+0000] {standard_task_runner.py:72} INFO - Started process 138 to run task
[2025-03-25T11:09:21.040+0000] {standard_task_runner.py:104} INFO - Running: ['***', 'tasks', 'run', 'data_ingestion_postgres_dag', 'download_source_data', 'scheduled__2025-02-02T06:00:00+00:00', '--job-id', '172', '--raw', '--subdir', 'DAGS_FOLDER/data_ingestion_postgres_dag.py', '--cfg-path', '/tmp/tmp9wr0qa2b']
[2025-03-25T11:09:21.042+0000] {standard_task_runner.py:105} INFO - Job 172: Subtask download_source_data
[2025-03-25T11:09:21.316+0000] {task_command.py:467} INFO - Running <TaskInstance: data_ingestion_postgres_dag.download_source_data scheduled__2025-02-02T06:00:00+00:00 [running]> on host 4c8ab9810a8c
[2025-03-25T11:09:21.851+0000] {taskinstance.py:3134} INFO - Exporting env vars: AIRFLOW_CTX_DAG_OWNER='***' AIRFLOW_CTX_DAG_ID='data_ingestion_postgres_dag' AIRFLOW_CTX_TASK_ID='download_source_data' AIRFLOW_CTX_EXECUTION_DATE='2025-02-02T06:00:00+00:00' AIRFLOW_CTX_TRY_NUMBER='1' AIRFLOW_CTX_DAG_RUN_ID='scheduled__2025-02-02T06:00:00+00:00'
[2025-03-25T11:09:21.853+0000] {taskinstance.py:732} INFO - ::endgroup::
[2025-03-25T11:09:21.902+0000] {subprocess.py:78} INFO - Tmp dir root location: /tmp
[2025-03-25T11:09:21.904+0000] {subprocess.py:88} INFO - Running command: ['/usr/bin/bash', '-c', 'echo 2025-02']
[2025-03-25T11:09:21.968+0000] {subprocess.py:99} INFO - Output:
[2025-03-25T11:09:21.974+0000] {subprocess.py:106} INFO - 2025-02
[2025-03-25T11:09:21.979+0000] {subprocess.py:110} INFO - Command exited with return code 0
[2025-03-25T11:09:22.055+0000] {taskinstance.py:341} INFO - ::group::Post task execution logs
[2025-03-25T11:09:22.056+0000] {taskinstance.py:353} INFO - Marking task as SUCCESS. dag_id=data_ingestion_postgres_dag, task_id=download_source_data, run_id=scheduled__2025-02-02T06:00:00+00:00, execution_date=20250202T060000, start_date=20250325T110920, end_date=20250325T110922
[2025-03-25T11:09:22.278+0000] {local_task_job_runner.py:266} INFO - Task exited with return code 0
[2025-03-25T11:09:22.305+0000] {local_task_job_runner.py:245} INFO - ::endgroup::
