[2025-04-02T11:32:00.898+0000] {local_task_job_runner.py:123} INFO - ::group::Pre task execution logs
[2025-04-02T11:32:00.928+0000] {taskinstance.py:2614} INFO - Dependencies all met for dep_context=non-requeueable deps ti=<TaskInstance: data_ingestion_gcs_parquet_dag.local_to_gcs_task scheduled__2024-09-02T06:00:00+00:00 [queued]>
[2025-04-02T11:32:00.949+0000] {taskinstance.py:2614} INFO - Dependencies all met for dep_context=requeueable deps ti=<TaskInstance: data_ingestion_gcs_parquet_dag.local_to_gcs_task scheduled__2024-09-02T06:00:00+00:00 [queued]>
[2025-04-02T11:32:00.949+0000] {taskinstance.py:2867} INFO - Starting attempt 1 of 1
[2025-04-02T11:32:00.973+0000] {taskinstance.py:2890} INFO - Executing <Task(PythonOperator): local_to_gcs_task> on 2024-09-02 06:00:00+00:00
[2025-04-02T11:32:00.985+0000] {warnings.py:112} WARNING - /home/***/.local/lib/python3.12/site-packages/***/task/task_runner/standard_task_runner.py:70: DeprecationWarning: This process (pid=365) is multi-threaded, use of fork() may lead to deadlocks in the child.
  pid = os.fork()

[2025-04-02T11:32:00.990+0000] {standard_task_runner.py:72} INFO - Started process 373 to run task
[2025-04-02T11:32:00.990+0000] {standard_task_runner.py:104} INFO - Running: ['***', 'tasks', 'run', 'data_ingestion_gcs_parquet_dag', 'local_to_gcs_task', 'scheduled__2024-09-02T06:00:00+00:00', '--job-id', '281', '--raw', '--subdir', 'DAGS_FOLDER/data_ingestion_gcs_parquet_dag.py', '--cfg-path', '/tmp/tmpjuoe_swu']
[2025-04-02T11:32:00.995+0000] {standard_task_runner.py:105} INFO - Job 281: Subtask local_to_gcs_task
[2025-04-02T11:32:01.069+0000] {task_command.py:467} INFO - Running <TaskInstance: data_ingestion_gcs_parquet_dag.local_to_gcs_task scheduled__2024-09-02T06:00:00+00:00 [running]> on host 0f77830e7010
[2025-04-02T11:32:01.196+0000] {taskinstance.py:3134} INFO - Exporting env vars: AIRFLOW_CTX_DAG_OWNER='***' AIRFLOW_CTX_DAG_ID='data_ingestion_gcs_parquet_dag' AIRFLOW_CTX_TASK_ID='local_to_gcs_task' AIRFLOW_CTX_EXECUTION_DATE='2024-09-02T06:00:00+00:00' AIRFLOW_CTX_TRY_NUMBER='1' AIRFLOW_CTX_DAG_RUN_ID='scheduled__2024-09-02T06:00:00+00:00'
[2025-04-02T11:32:01.199+0000] {taskinstance.py:732} INFO - ::endgroup::
[2025-04-02T11:32:02.213+0000] {logging_mixin.py:190} INFO - The dataset uploaded successfully to GCS bucket!
[2025-04-02T11:32:02.213+0000] {python.py:240} INFO - Done. Returned value was: None
[2025-04-02T11:32:02.227+0000] {taskinstance.py:341} INFO - ::group::Post task execution logs
[2025-04-02T11:32:02.228+0000] {taskinstance.py:353} INFO - Marking task as SUCCESS. dag_id=data_ingestion_gcs_parquet_dag, task_id=local_to_gcs_task, run_id=scheduled__2024-09-02T06:00:00+00:00, execution_date=20240902T060000, start_date=20250402T113200, end_date=20250402T113202
[2025-04-02T11:32:02.291+0000] {local_task_job_runner.py:266} INFO - Task exited with return code 0
[2025-04-02T11:32:02.322+0000] {taskinstance.py:3901} INFO - 1 downstream tasks scheduled from follow-on schedule check
[2025-04-02T11:32:02.324+0000] {local_task_job_runner.py:245} INFO - ::endgroup::
