[2025-03-24T12:34:57.866+0000] {local_task_job_runner.py:123} INFO - ::group::Pre task execution logs
[2025-03-24T12:34:57.965+0000] {taskinstance.py:2614} INFO - Dependencies all met for dep_context=non-requeueable deps ti=<TaskInstance: data_ingestion_postgres_dag.download_source_data scheduled__2024-03-02T06:00:00+00:00 [queued]>
[2025-03-24T12:34:58.075+0000] {taskinstance.py:2614} INFO - Dependencies all met for dep_context=requeueable deps ti=<TaskInstance: data_ingestion_postgres_dag.download_source_data scheduled__2024-03-02T06:00:00+00:00 [queued]>
[2025-03-24T12:34:58.075+0000] {taskinstance.py:2867} INFO - Starting attempt 1 of 1
[2025-03-24T12:34:58.332+0000] {taskinstance.py:2890} INFO - Executing <Task(BashOperator): download_source_data> on 2024-03-02 06:00:00+00:00
[2025-03-24T12:34:58.447+0000] {warnings.py:112} WARNING - /home/***/.local/lib/python3.12/site-packages/***/task/task_runner/standard_task_runner.py:70: DeprecationWarning: This process (pid=3114) is multi-threaded, use of fork() may lead to deadlocks in the child.
  pid = os.fork()

[2025-03-24T12:34:58.498+0000] {standard_task_runner.py:72} INFO - Started process 3144 to run task
[2025-03-24T12:34:58.551+0000] {standard_task_runner.py:104} INFO - Running: ['***', 'tasks', 'run', 'data_ingestion_postgres_dag', 'download_source_data', 'scheduled__2024-03-02T06:00:00+00:00', '--job-id', '118', '--raw', '--subdir', 'DAGS_FOLDER/data_ingestion_postgres_dag.py', '--cfg-path', '/tmp/tmp1km440yw']
[2025-03-24T12:34:58.608+0000] {standard_task_runner.py:105} INFO - Job 118: Subtask download_source_data
[2025-03-24T12:34:59.018+0000] {task_command.py:467} INFO - Running <TaskInstance: data_ingestion_postgres_dag.download_source_data scheduled__2024-03-02T06:00:00+00:00 [running]> on host 4791d3610749
[2025-03-24T12:35:00.039+0000] {taskinstance.py:3134} INFO - Exporting env vars: AIRFLOW_CTX_DAG_OWNER='***' AIRFLOW_CTX_DAG_ID='data_ingestion_postgres_dag' AIRFLOW_CTX_TASK_ID='download_source_data' AIRFLOW_CTX_EXECUTION_DATE='2024-03-02T06:00:00+00:00' AIRFLOW_CTX_TRY_NUMBER='1' AIRFLOW_CTX_DAG_RUN_ID='scheduled__2024-03-02T06:00:00+00:00'
[2025-03-24T12:35:00.040+0000] {taskinstance.py:732} INFO - ::endgroup::
[2025-03-24T12:35:00.295+0000] {subprocess.py:78} INFO - Tmp dir root location: /tmp
[2025-03-24T12:35:00.297+0000] {subprocess.py:88} INFO - Running command: ['/usr/bin/bash', '-c', 'echo 2024-03']
[2025-03-24T12:35:00.411+0000] {subprocess.py:99} INFO - Output:
[2025-03-24T12:35:00.461+0000] {subprocess.py:106} INFO - 2024-03
[2025-03-24T12:35:00.462+0000] {subprocess.py:110} INFO - Command exited with return code 0
[2025-03-24T12:35:00.619+0000] {taskinstance.py:341} INFO - ::group::Post task execution logs
[2025-03-24T12:35:00.619+0000] {taskinstance.py:353} INFO - Marking task as SUCCESS. dag_id=data_ingestion_postgres_dag, task_id=download_source_data, run_id=scheduled__2024-03-02T06:00:00+00:00, execution_date=20240302T060000, start_date=20250324T123457, end_date=20250324T123500
[2025-03-24T12:35:00.931+0000] {local_task_job_runner.py:266} INFO - Task exited with return code 0
[2025-03-24T12:35:01.054+0000] {taskinstance.py:3901} INFO - 1 downstream tasks scheduled from follow-on schedule check
[2025-03-24T12:35:01.060+0000] {local_task_job_runner.py:245} INFO - ::endgroup::
[2025-03-25T11:09:15.568+0000] {local_task_job_runner.py:123} INFO - ::group::Pre task execution logs
[2025-03-25T11:09:15.651+0000] {taskinstance.py:2614} INFO - Dependencies all met for dep_context=non-requeueable deps ti=<TaskInstance: data_ingestion_postgres_dag.download_source_data scheduled__2024-03-02T06:00:00+00:00 [queued]>
[2025-03-25T11:09:15.732+0000] {taskinstance.py:2614} INFO - Dependencies all met for dep_context=requeueable deps ti=<TaskInstance: data_ingestion_postgres_dag.download_source_data scheduled__2024-03-02T06:00:00+00:00 [queued]>
[2025-03-25T11:09:15.743+0000] {taskinstance.py:2867} INFO - Starting attempt 1 of 1
[2025-03-25T11:09:15.999+0000] {taskinstance.py:2890} INFO - Executing <Task(BashOperator): download_source_data> on 2024-03-02 06:00:00+00:00
[2025-03-25T11:09:16.081+0000] {warnings.py:112} WARNING - /home/***/.local/lib/python3.12/site-packages/***/task/task_runner/standard_task_runner.py:70: DeprecationWarning: This process (pid=87) is multi-threaded, use of fork() may lead to deadlocks in the child.
  pid = os.fork()

[2025-03-25T11:09:16.112+0000] {standard_task_runner.py:104} INFO - Running: ['***', 'tasks', 'run', 'data_ingestion_postgres_dag', 'download_source_data', 'scheduled__2024-03-02T06:00:00+00:00', '--job-id', '162', '--raw', '--subdir', 'DAGS_FOLDER/data_ingestion_postgres_dag.py', '--cfg-path', '/tmp/tmp34y8qav0']
[2025-03-25T11:09:16.120+0000] {standard_task_runner.py:72} INFO - Started process 101 to run task
[2025-03-25T11:09:16.120+0000] {standard_task_runner.py:105} INFO - Job 162: Subtask download_source_data
[2025-03-25T11:09:16.526+0000] {task_command.py:467} INFO - Running <TaskInstance: data_ingestion_postgres_dag.download_source_data scheduled__2024-03-02T06:00:00+00:00 [running]> on host 4c8ab9810a8c
[2025-03-25T11:09:17.222+0000] {taskinstance.py:3134} INFO - Exporting env vars: AIRFLOW_CTX_DAG_OWNER='***' AIRFLOW_CTX_DAG_ID='data_ingestion_postgres_dag' AIRFLOW_CTX_TASK_ID='download_source_data' AIRFLOW_CTX_EXECUTION_DATE='2024-03-02T06:00:00+00:00' AIRFLOW_CTX_TRY_NUMBER='1' AIRFLOW_CTX_DAG_RUN_ID='scheduled__2024-03-02T06:00:00+00:00'
[2025-03-25T11:09:17.224+0000] {taskinstance.py:732} INFO - ::endgroup::
[2025-03-25T11:09:17.319+0000] {subprocess.py:78} INFO - Tmp dir root location: /tmp
[2025-03-25T11:09:17.320+0000] {subprocess.py:88} INFO - Running command: ['/usr/bin/bash', '-c', 'echo 2024-03']
[2025-03-25T11:09:17.389+0000] {subprocess.py:99} INFO - Output:
[2025-03-25T11:09:17.414+0000] {subprocess.py:106} INFO - 2024-03
[2025-03-25T11:09:17.416+0000] {subprocess.py:110} INFO - Command exited with return code 0
[2025-03-25T11:09:17.509+0000] {taskinstance.py:341} INFO - ::group::Post task execution logs
[2025-03-25T11:09:17.510+0000] {taskinstance.py:353} INFO - Marking task as SUCCESS. dag_id=data_ingestion_postgres_dag, task_id=download_source_data, run_id=scheduled__2024-03-02T06:00:00+00:00, execution_date=20240302T060000, start_date=20250325T110915, end_date=20250325T110917
[2025-03-25T11:09:17.703+0000] {local_task_job_runner.py:266} INFO - Task exited with return code 0
[2025-03-25T11:09:17.740+0000] {local_task_job_runner.py:245} INFO - ::endgroup::
