[2025-04-02T11:32:20.687+0000] {local_task_job_runner.py:123} INFO - ::group::Pre task execution logs
[2025-04-02T11:32:20.786+0000] {taskinstance.py:2614} INFO - Dependencies all met for dep_context=non-requeueable deps ti=<TaskInstance: data_ingestion_gcs_parquet_dag.local_to_gcs_task scheduled__2024-12-02T06:00:00+00:00 [queued]>
[2025-04-02T11:32:20.809+0000] {taskinstance.py:2614} INFO - Dependencies all met for dep_context=requeueable deps ti=<TaskInstance: data_ingestion_gcs_parquet_dag.local_to_gcs_task scheduled__2024-12-02T06:00:00+00:00 [queued]>
[2025-04-02T11:32:20.810+0000] {taskinstance.py:2867} INFO - Starting attempt 1 of 1
[2025-04-02T11:32:20.836+0000] {taskinstance.py:2890} INFO - Executing <Task(PythonOperator): local_to_gcs_task> on 2024-12-02 06:00:00+00:00
[2025-04-02T11:32:20.850+0000] {warnings.py:112} WARNING - /home/***/.local/lib/python3.12/site-packages/***/task/task_runner/standard_task_runner.py:70: DeprecationWarning: This process (pid=406) is multi-threaded, use of fork() may lead to deadlocks in the child.
  pid = os.fork()

[2025-04-02T11:32:20.853+0000] {standard_task_runner.py:72} INFO - Started process 421 to run task
[2025-04-02T11:32:20.863+0000] {standard_task_runner.py:104} INFO - Running: ['***', 'tasks', 'run', 'data_ingestion_gcs_parquet_dag', 'local_to_gcs_task', 'scheduled__2024-12-02T06:00:00+00:00', '--job-id', '289', '--raw', '--subdir', 'DAGS_FOLDER/data_ingestion_gcs_parquet_dag.py', '--cfg-path', '/tmp/tmp68lo6vev']
[2025-04-02T11:32:20.867+0000] {standard_task_runner.py:105} INFO - Job 289: Subtask local_to_gcs_task
[2025-04-02T11:32:20.952+0000] {task_command.py:467} INFO - Running <TaskInstance: data_ingestion_gcs_parquet_dag.local_to_gcs_task scheduled__2024-12-02T06:00:00+00:00 [running]> on host 0f77830e7010
[2025-04-02T11:32:21.092+0000] {taskinstance.py:3134} INFO - Exporting env vars: AIRFLOW_CTX_DAG_OWNER='***' AIRFLOW_CTX_DAG_ID='data_ingestion_gcs_parquet_dag' AIRFLOW_CTX_TASK_ID='local_to_gcs_task' AIRFLOW_CTX_EXECUTION_DATE='2024-12-02T06:00:00+00:00' AIRFLOW_CTX_TRY_NUMBER='1' AIRFLOW_CTX_DAG_RUN_ID='scheduled__2024-12-02T06:00:00+00:00'
[2025-04-02T11:32:21.096+0000] {taskinstance.py:732} INFO - ::endgroup::
[2025-04-02T11:32:22.160+0000] {logging_mixin.py:190} INFO - The dataset uploaded successfully to GCS bucket!
[2025-04-02T11:32:22.160+0000] {python.py:240} INFO - Done. Returned value was: None
[2025-04-02T11:32:22.178+0000] {taskinstance.py:341} INFO - ::group::Post task execution logs
[2025-04-02T11:32:22.179+0000] {taskinstance.py:353} INFO - Marking task as SUCCESS. dag_id=data_ingestion_gcs_parquet_dag, task_id=local_to_gcs_task, run_id=scheduled__2024-12-02T06:00:00+00:00, execution_date=20241202T060000, start_date=20250402T113220, end_date=20250402T113222
[2025-04-02T11:32:22.277+0000] {local_task_job_runner.py:266} INFO - Task exited with return code 0
[2025-04-02T11:32:22.315+0000] {taskinstance.py:3901} INFO - 1 downstream tasks scheduled from follow-on schedule check
[2025-04-02T11:32:22.317+0000] {local_task_job_runner.py:245} INFO - ::endgroup::
