[2025-03-21T11:26:25.572+0000] {local_task_job_runner.py:123} INFO - ::group::Pre task execution logs
[2025-03-21T11:26:25.599+0000] {taskinstance.py:2614} INFO - Dependencies all met for dep_context=non-requeueable deps ti=<TaskInstance: data_ingestion_gcs_dag.download_dataset_task manual__2025-03-21T11:26:23.009689+00:00 [queued]>
[2025-03-21T11:26:25.611+0000] {taskinstance.py:2614} INFO - Dependencies all met for dep_context=requeueable deps ti=<TaskInstance: data_ingestion_gcs_dag.download_dataset_task manual__2025-03-21T11:26:23.009689+00:00 [queued]>
[2025-03-21T11:26:25.612+0000] {taskinstance.py:2867} INFO - Starting attempt 1 of 2
[2025-03-21T11:26:25.631+0000] {taskinstance.py:2890} INFO - Executing <Task(BashOperator): download_dataset_task> on 2025-03-21 11:26:23.009689+00:00
[2025-03-21T11:26:25.645+0000] {warnings.py:112} WARNING - /home/***/.local/lib/python3.12/site-packages/***/task/task_runner/standard_task_runner.py:70: DeprecationWarning: This process (pid=1248) is multi-threaded, use of fork() may lead to deadlocks in the child.
  pid = os.fork()

[2025-03-21T11:26:25.648+0000] {standard_task_runner.py:72} INFO - Started process 1250 to run task
[2025-03-21T11:26:25.649+0000] {standard_task_runner.py:104} INFO - Running: ['***', 'tasks', 'run', 'data_ingestion_gcs_dag', 'download_dataset_task', 'manual__2025-03-21T11:26:23.009689+00:00', '--job-id', '19', '--raw', '--subdir', 'DAGS_FOLDER/data_ingestion_gcs_dag.py', '--cfg-path', '/tmp/tmpfzya5m77']
[2025-03-21T11:26:25.654+0000] {standard_task_runner.py:105} INFO - Job 19: Subtask download_dataset_task
[2025-03-21T11:26:25.726+0000] {task_command.py:467} INFO - Running <TaskInstance: data_ingestion_gcs_dag.download_dataset_task manual__2025-03-21T11:26:23.009689+00:00 [running]> on host 4791d3610749
[2025-03-21T11:26:25.858+0000] {taskinstance.py:3134} INFO - Exporting env vars: AIRFLOW_CTX_DAG_OWNER='***' AIRFLOW_CTX_DAG_ID='data_ingestion_gcs_dag' AIRFLOW_CTX_TASK_ID='download_dataset_task' AIRFLOW_CTX_EXECUTION_DATE='2025-03-21T11:26:23.009689+00:00' AIRFLOW_CTX_TRY_NUMBER='1' AIRFLOW_CTX_DAG_RUN_ID='manual__2025-03-21T11:26:23.009689+00:00'
[2025-03-21T11:26:25.860+0000] {taskinstance.py:732} INFO - ::endgroup::
[2025-03-21T11:26:25.884+0000] {subprocess.py:78} INFO - Tmp dir root location: /tmp
[2025-03-21T11:26:25.885+0000] {subprocess.py:88} INFO - Running command: ['/usr/bin/bash', '-c', 'curl -sSL https://github.com/DataTalksClub/nyc-tlc-data/releases/tag/yellow/yellow_tripdata_2021-01.csv.gz > /opt/***/yellow_tripdata_2021-01.csv.gz']
[2025-03-21T11:26:25.910+0000] {subprocess.py:99} INFO - Output:
[2025-03-21T11:26:26.685+0000] {subprocess.py:110} INFO - Command exited with return code 0
[2025-03-21T11:26:26.725+0000] {taskinstance.py:341} INFO - ::group::Post task execution logs
[2025-03-21T11:26:26.726+0000] {taskinstance.py:353} INFO - Marking task as SUCCESS. dag_id=data_ingestion_gcs_dag, task_id=download_dataset_task, run_id=manual__2025-03-21T11:26:23.009689+00:00, execution_date=20250321T112623, start_date=20250321T112625, end_date=20250321T112626
[2025-03-21T11:26:26.789+0000] {local_task_job_runner.py:266} INFO - Task exited with return code 0
[2025-03-21T11:26:26.837+0000] {taskinstance.py:3901} INFO - 1 downstream tasks scheduled from follow-on schedule check
[2025-03-21T11:26:26.839+0000] {local_task_job_runner.py:245} INFO - ::endgroup::
