[2025-04-02T11:32:03.321+0000] {local_task_job_runner.py:123} INFO - ::group::Pre task execution logs
[2025-04-02T11:32:03.360+0000] {taskinstance.py:2614} INFO - Dependencies all met for dep_context=non-requeueable deps ti=<TaskInstance: data_ingestion_gcs_parquet_dag.bigquery_external_table_task scheduled__2024-08-02T06:00:00+00:00 [queued]>
[2025-04-02T11:32:03.380+0000] {taskinstance.py:2614} INFO - Dependencies all met for dep_context=requeueable deps ti=<TaskInstance: data_ingestion_gcs_parquet_dag.bigquery_external_table_task scheduled__2024-08-02T06:00:00+00:00 [queued]>
[2025-04-02T11:32:03.380+0000] {taskinstance.py:2867} INFO - Starting attempt 1 of 1
[2025-04-02T11:32:03.398+0000] {taskinstance.py:2890} INFO - Executing <Task(BigQueryCreateExternalTableOperator): bigquery_external_table_task> on 2024-08-02 06:00:00+00:00
[2025-04-02T11:32:03.409+0000] {warnings.py:112} WARNING - /home/***/.local/lib/python3.12/site-packages/***/task/task_runner/standard_task_runner.py:70: DeprecationWarning: This process (pid=375) is multi-threaded, use of fork() may lead to deadlocks in the child.
  pid = os.fork()

[2025-04-02T11:32:03.412+0000] {standard_task_runner.py:72} INFO - Started process 379 to run task
[2025-04-02T11:32:03.413+0000] {standard_task_runner.py:104} INFO - Running: ['***', 'tasks', 'run', 'data_ingestion_gcs_parquet_dag', 'bigquery_external_table_task', 'scheduled__2024-08-02T06:00:00+00:00', '--job-id', '282', '--raw', '--subdir', 'DAGS_FOLDER/data_ingestion_gcs_parquet_dag.py', '--cfg-path', '/tmp/tmp5wz5klwk']
[2025-04-02T11:32:03.417+0000] {standard_task_runner.py:105} INFO - Job 282: Subtask bigquery_external_table_task
[2025-04-02T11:32:03.491+0000] {task_command.py:467} INFO - Running <TaskInstance: data_ingestion_gcs_parquet_dag.bigquery_external_table_task scheduled__2024-08-02T06:00:00+00:00 [running]> on host 0f77830e7010
[2025-04-02T11:32:03.638+0000] {taskinstance.py:3134} INFO - Exporting env vars: AIRFLOW_CTX_DAG_OWNER='***' AIRFLOW_CTX_DAG_ID='data_ingestion_gcs_parquet_dag' AIRFLOW_CTX_TASK_ID='bigquery_external_table_task' AIRFLOW_CTX_EXECUTION_DATE='2024-08-02T06:00:00+00:00' AIRFLOW_CTX_TRY_NUMBER='1' AIRFLOW_CTX_DAG_RUN_ID='scheduled__2024-08-02T06:00:00+00:00'
[2025-04-02T11:32:03.641+0000] {taskinstance.py:732} INFO - ::endgroup::
[2025-04-02T11:32:03.672+0000] {crypto.py:82} WARNING - empty cryptography key - values will not be stored encrypted.
[2025-04-02T11:32:03.673+0000] {connection.py:277} WARNING - Connection schemes (type: google_cloud_platform) shall not contain '_' according to RFC3986.
[2025-04-02T11:32:03.674+0000] {base.py:84} INFO - Retrieving connection 'google_cloud_default'
[2025-04-02T11:32:04.413+0000] {taskinstance.py:341} INFO - ::group::Post task execution logs
[2025-04-02T11:32:04.414+0000] {taskinstance.py:353} INFO - Marking task as SUCCESS. dag_id=data_ingestion_gcs_parquet_dag, task_id=bigquery_external_table_task, run_id=scheduled__2024-08-02T06:00:00+00:00, execution_date=20240802T060000, start_date=20250402T113203, end_date=20250402T113204
[2025-04-02T11:32:04.752+0000] {local_task_job_runner.py:266} INFO - Task exited with return code 0
[2025-04-02T11:32:04.778+0000] {taskinstance.py:3901} INFO - 0 downstream tasks scheduled from follow-on schedule check
[2025-04-02T11:32:04.824+0000] {local_task_job_runner.py:245} INFO - ::endgroup::
