[2025-03-24T12:34:57.787+0000] {local_task_job_runner.py:123} INFO - ::group::Pre task execution logs
[2025-03-24T12:34:57.909+0000] {taskinstance.py:2614} INFO - Dependencies all met for dep_context=non-requeueable deps ti=<TaskInstance: data_ingestion_postgres_dag.download_source_data scheduled__2024-02-02T06:00:00+00:00 [queued]>
[2025-03-24T12:34:57.972+0000] {taskinstance.py:2614} INFO - Dependencies all met for dep_context=requeueable deps ti=<TaskInstance: data_ingestion_postgres_dag.download_source_data scheduled__2024-02-02T06:00:00+00:00 [queued]>
[2025-03-24T12:34:57.973+0000] {taskinstance.py:2867} INFO - Starting attempt 1 of 1
[2025-03-24T12:34:58.288+0000] {taskinstance.py:2890} INFO - Executing <Task(BashOperator): download_source_data> on 2024-02-02 06:00:00+00:00
[2025-03-24T12:34:58.336+0000] {warnings.py:112} WARNING - /home/***/.local/lib/python3.12/site-packages/***/task/task_runner/standard_task_runner.py:70: DeprecationWarning: This process (pid=3113) is multi-threaded, use of fork() may lead to deadlocks in the child.
  pid = os.fork()

[2025-03-24T12:34:58.379+0000] {standard_task_runner.py:72} INFO - Started process 3141 to run task
[2025-03-24T12:34:58.438+0000] {standard_task_runner.py:104} INFO - Running: ['***', 'tasks', 'run', 'data_ingestion_postgres_dag', 'download_source_data', 'scheduled__2024-02-02T06:00:00+00:00', '--job-id', '117', '--raw', '--subdir', 'DAGS_FOLDER/data_ingestion_postgres_dag.py', '--cfg-path', '/tmp/tmp21qd86c4']
[2025-03-24T12:34:58.473+0000] {standard_task_runner.py:105} INFO - Job 117: Subtask download_source_data
[2025-03-24T12:34:58.803+0000] {task_command.py:467} INFO - Running <TaskInstance: data_ingestion_postgres_dag.download_source_data scheduled__2024-02-02T06:00:00+00:00 [running]> on host 4791d3610749
[2025-03-24T12:34:59.741+0000] {taskinstance.py:3134} INFO - Exporting env vars: AIRFLOW_CTX_DAG_OWNER='***' AIRFLOW_CTX_DAG_ID='data_ingestion_postgres_dag' AIRFLOW_CTX_TASK_ID='download_source_data' AIRFLOW_CTX_EXECUTION_DATE='2024-02-02T06:00:00+00:00' AIRFLOW_CTX_TRY_NUMBER='1' AIRFLOW_CTX_DAG_RUN_ID='scheduled__2024-02-02T06:00:00+00:00'
[2025-03-24T12:34:59.762+0000] {taskinstance.py:732} INFO - ::endgroup::
[2025-03-24T12:35:00.084+0000] {subprocess.py:78} INFO - Tmp dir root location: /tmp
[2025-03-24T12:35:00.097+0000] {subprocess.py:88} INFO - Running command: ['/usr/bin/bash', '-c', 'echo 2024-02']
[2025-03-24T12:35:00.307+0000] {subprocess.py:99} INFO - Output:
[2025-03-24T12:35:00.343+0000] {subprocess.py:106} INFO - 2024-02
[2025-03-24T12:35:00.344+0000] {subprocess.py:110} INFO - Command exited with return code 0
[2025-03-24T12:35:00.454+0000] {taskinstance.py:341} INFO - ::group::Post task execution logs
[2025-03-24T12:35:00.462+0000] {taskinstance.py:353} INFO - Marking task as SUCCESS. dag_id=data_ingestion_postgres_dag, task_id=download_source_data, run_id=scheduled__2024-02-02T06:00:00+00:00, execution_date=20240202T060000, start_date=20250324T123457, end_date=20250324T123500
[2025-03-24T12:35:00.606+0000] {local_task_job_runner.py:266} INFO - Task exited with return code 0
[2025-03-24T12:35:00.866+0000] {taskinstance.py:3901} INFO - 1 downstream tasks scheduled from follow-on schedule check
[2025-03-24T12:35:00.880+0000] {local_task_job_runner.py:245} INFO - ::endgroup::
[2025-03-25T11:09:15.432+0000] {local_task_job_runner.py:123} INFO - ::group::Pre task execution logs
[2025-03-25T11:09:15.563+0000] {taskinstance.py:2614} INFO - Dependencies all met for dep_context=non-requeueable deps ti=<TaskInstance: data_ingestion_postgres_dag.download_source_data scheduled__2024-02-02T06:00:00+00:00 [queued]>
[2025-03-25T11:09:15.604+0000] {taskinstance.py:2614} INFO - Dependencies all met for dep_context=requeueable deps ti=<TaskInstance: data_ingestion_postgres_dag.download_source_data scheduled__2024-02-02T06:00:00+00:00 [queued]>
[2025-03-25T11:09:15.610+0000] {taskinstance.py:2867} INFO - Starting attempt 1 of 1
[2025-03-25T11:09:15.716+0000] {taskinstance.py:2890} INFO - Executing <Task(BashOperator): download_source_data> on 2024-02-02 06:00:00+00:00
[2025-03-25T11:09:15.768+0000] {warnings.py:112} WARNING - /home/***/.local/lib/python3.12/site-packages/***/task/task_runner/standard_task_runner.py:70: DeprecationWarning: This process (pid=86) is multi-threaded, use of fork() may lead to deadlocks in the child.
  pid = os.fork()

[2025-03-25T11:09:15.793+0000] {standard_task_runner.py:72} INFO - Started process 98 to run task
[2025-03-25T11:09:15.797+0000] {standard_task_runner.py:104} INFO - Running: ['***', 'tasks', 'run', 'data_ingestion_postgres_dag', 'download_source_data', 'scheduled__2024-02-02T06:00:00+00:00', '--job-id', '161', '--raw', '--subdir', 'DAGS_FOLDER/data_ingestion_postgres_dag.py', '--cfg-path', '/tmp/tmpinupgjgt']
[2025-03-25T11:09:15.838+0000] {standard_task_runner.py:105} INFO - Job 161: Subtask download_source_data
[2025-03-25T11:09:16.211+0000] {task_command.py:467} INFO - Running <TaskInstance: data_ingestion_postgres_dag.download_source_data scheduled__2024-02-02T06:00:00+00:00 [running]> on host 4c8ab9810a8c
[2025-03-25T11:09:17.013+0000] {taskinstance.py:3134} INFO - Exporting env vars: AIRFLOW_CTX_DAG_OWNER='***' AIRFLOW_CTX_DAG_ID='data_ingestion_postgres_dag' AIRFLOW_CTX_TASK_ID='download_source_data' AIRFLOW_CTX_EXECUTION_DATE='2024-02-02T06:00:00+00:00' AIRFLOW_CTX_TRY_NUMBER='1' AIRFLOW_CTX_DAG_RUN_ID='scheduled__2024-02-02T06:00:00+00:00'
[2025-03-25T11:09:17.015+0000] {taskinstance.py:732} INFO - ::endgroup::
[2025-03-25T11:09:17.121+0000] {subprocess.py:78} INFO - Tmp dir root location: /tmp
[2025-03-25T11:09:17.123+0000] {subprocess.py:88} INFO - Running command: ['/usr/bin/bash', '-c', 'echo 2024-02']
[2025-03-25T11:09:17.238+0000] {subprocess.py:99} INFO - Output:
[2025-03-25T11:09:17.283+0000] {subprocess.py:106} INFO - 2024-02
[2025-03-25T11:09:17.291+0000] {subprocess.py:110} INFO - Command exited with return code 0
[2025-03-25T11:09:17.396+0000] {taskinstance.py:341} INFO - ::group::Post task execution logs
[2025-03-25T11:09:17.397+0000] {taskinstance.py:353} INFO - Marking task as SUCCESS. dag_id=data_ingestion_postgres_dag, task_id=download_source_data, run_id=scheduled__2024-02-02T06:00:00+00:00, execution_date=20240202T060000, start_date=20250325T110915, end_date=20250325T110917
[2025-03-25T11:09:17.580+0000] {local_task_job_runner.py:266} INFO - Task exited with return code 0
[2025-03-25T11:09:17.868+0000] {taskinstance.py:3901} INFO - 1 downstream tasks scheduled from follow-on schedule check
[2025-03-25T11:09:17.878+0000] {local_task_job_runner.py:245} INFO - ::endgroup::
