[2025-03-25T14:12:17.742+0000] {local_task_job_runner.py:123} INFO - ::group::Pre task execution logs
[2025-03-25T14:12:17.775+0000] {taskinstance.py:2614} INFO - Dependencies all met for dep_context=non-requeueable deps ti=<TaskInstance: data_ingestion_postgres_dag.download_source_data scheduled__2024-01-02T06:00:00+00:00 [queued]>
[2025-03-25T14:12:17.790+0000] {taskinstance.py:2614} INFO - Dependencies all met for dep_context=requeueable deps ti=<TaskInstance: data_ingestion_postgres_dag.download_source_data scheduled__2024-01-02T06:00:00+00:00 [queued]>
[2025-03-25T14:12:17.791+0000] {taskinstance.py:2867} INFO - Starting attempt 3 of 3
[2025-03-25T14:12:18.247+0000] {taskinstance.py:2890} INFO - Executing <Task(BashOperator): download_source_data> on 2024-01-02 06:00:00+00:00
[2025-03-25T14:12:18.262+0000] {warnings.py:112} WARNING - /home/***/.local/lib/python3.12/site-packages/***/task/task_runner/standard_task_runner.py:70: DeprecationWarning: This process (pid=239) is multi-threaded, use of fork() may lead to deadlocks in the child.
  pid = os.fork()

[2025-03-25T14:12:18.267+0000] {standard_task_runner.py:72} INFO - Started process 241 to run task
[2025-03-25T14:12:18.267+0000] {standard_task_runner.py:104} INFO - Running: ['***', 'tasks', 'run', 'data_ingestion_postgres_dag', 'download_source_data', 'scheduled__2024-01-02T06:00:00+00:00', '--job-id', '192', '--raw', '--subdir', 'DAGS_FOLDER/data_ingestion_postgres_dag.py', '--cfg-path', '/tmp/tmp8yrpmb4r']
[2025-03-25T14:12:18.276+0000] {standard_task_runner.py:105} INFO - Job 192: Subtask download_source_data
[2025-03-25T14:12:18.377+0000] {task_command.py:467} INFO - Running <TaskInstance: data_ingestion_postgres_dag.download_source_data scheduled__2024-01-02T06:00:00+00:00 [running]> on host be45302e07c1
[2025-03-25T14:12:18.518+0000] {taskinstance.py:3134} INFO - Exporting env vars: AIRFLOW_CTX_DAG_OWNER='***' AIRFLOW_CTX_DAG_ID='data_ingestion_postgres_dag' AIRFLOW_CTX_TASK_ID='download_source_data' AIRFLOW_CTX_EXECUTION_DATE='2024-01-02T06:00:00+00:00' AIRFLOW_CTX_TRY_NUMBER='3' AIRFLOW_CTX_DAG_RUN_ID='scheduled__2024-01-02T06:00:00+00:00'
[2025-03-25T14:12:18.521+0000] {taskinstance.py:732} INFO - ::endgroup::
[2025-03-25T14:12:18.573+0000] {subprocess.py:78} INFO - Tmp dir root location: /tmp
[2025-03-25T14:12:18.575+0000] {subprocess.py:88} INFO - Running command: ['/usr/bin/bash', '-c', 'curl -sSL https://d37ci6vzurychx.cloudfront.net/trip-data/yellow_tripdata_2024-01.parquet > /opt/***/yellow_taxi_2024-01.parquet']
[2025-03-25T14:12:18.598+0000] {subprocess.py:99} INFO - Output:
[2025-03-25T14:12:24.553+0000] {subprocess.py:110} INFO - Command exited with return code 0
[2025-03-25T14:12:24.589+0000] {taskinstance.py:341} INFO - ::group::Post task execution logs
[2025-03-25T14:12:24.590+0000] {taskinstance.py:353} INFO - Marking task as SUCCESS. dag_id=data_ingestion_postgres_dag, task_id=download_source_data, run_id=scheduled__2024-01-02T06:00:00+00:00, execution_date=20240102T060000, start_date=20250325T141217, end_date=20250325T141224
[2025-03-25T14:12:24.645+0000] {local_task_job_runner.py:266} INFO - Task exited with return code 0
[2025-03-25T14:12:24.681+0000] {taskinstance.py:3901} INFO - 1 downstream tasks scheduled from follow-on schedule check
[2025-03-25T14:12:24.683+0000] {local_task_job_runner.py:245} INFO - ::endgroup::
