[2025-03-25T15:39:37.794+0000] {local_task_job_runner.py:123} INFO - ::group::Pre task execution logs
[2025-03-25T15:39:37.822+0000] {taskinstance.py:2614} INFO - Dependencies all met for dep_context=non-requeueable deps ti=<TaskInstance: data_ingestion_postgres_dag.download_source_data scheduled__2024-01-02T06:00:00+00:00 [queued]>
[2025-03-25T15:39:37.835+0000] {taskinstance.py:2614} INFO - Dependencies all met for dep_context=requeueable deps ti=<TaskInstance: data_ingestion_postgres_dag.download_source_data scheduled__2024-01-02T06:00:00+00:00 [queued]>
[2025-03-25T15:39:37.836+0000] {taskinstance.py:2867} INFO - Starting attempt 4 of 4
[2025-03-25T15:39:38.195+0000] {taskinstance.py:2890} INFO - Executing <Task(BashOperator): download_source_data> on 2024-01-02 06:00:00+00:00
[2025-03-25T15:39:38.209+0000] {warnings.py:112} WARNING - /home/***/.local/lib/python3.12/site-packages/***/task/task_runner/standard_task_runner.py:70: DeprecationWarning: This process (pid=141) is multi-threaded, use of fork() may lead to deadlocks in the child.
  pid = os.fork()

[2025-03-25T15:39:38.214+0000] {standard_task_runner.py:72} INFO - Started process 143 to run task
[2025-03-25T15:39:38.218+0000] {standard_task_runner.py:104} INFO - Running: ['***', 'tasks', 'run', 'data_ingestion_postgres_dag', 'download_source_data', 'scheduled__2024-01-02T06:00:00+00:00', '--job-id', '199', '--raw', '--subdir', 'DAGS_FOLDER/data_ingestion_postgres_dag.py', '--cfg-path', '/tmp/tmp2ec0hk1z']
[2025-03-25T15:39:38.225+0000] {standard_task_runner.py:105} INFO - Job 199: Subtask download_source_data
[2025-03-25T15:39:38.324+0000] {task_command.py:467} INFO - Running <TaskInstance: data_ingestion_postgres_dag.download_source_data scheduled__2024-01-02T06:00:00+00:00 [running]> on host 7185680cfdb6
[2025-03-25T15:39:38.453+0000] {taskinstance.py:3134} INFO - Exporting env vars: AIRFLOW_CTX_DAG_OWNER='***' AIRFLOW_CTX_DAG_ID='data_ingestion_postgres_dag' AIRFLOW_CTX_TASK_ID='download_source_data' AIRFLOW_CTX_EXECUTION_DATE='2024-01-02T06:00:00+00:00' AIRFLOW_CTX_TRY_NUMBER='4' AIRFLOW_CTX_DAG_RUN_ID='scheduled__2024-01-02T06:00:00+00:00'
[2025-03-25T15:39:38.456+0000] {taskinstance.py:732} INFO - ::endgroup::
[2025-03-25T15:39:38.507+0000] {subprocess.py:78} INFO - Tmp dir root location: /tmp
[2025-03-25T15:39:38.508+0000] {subprocess.py:88} INFO - Running command: ['/usr/bin/bash', '-c', 'curl -sSL https://d37ci6vzurychx.cloudfront.net/trip-data/yellow_tripdata_2024-01.parquet > /opt/***/yellow_taxi_2024-01.parquet']
[2025-03-25T15:39:38.529+0000] {subprocess.py:99} INFO - Output:
[2025-03-25T15:39:45.682+0000] {subprocess.py:110} INFO - Command exited with return code 0
[2025-03-25T15:39:45.721+0000] {taskinstance.py:341} INFO - ::group::Post task execution logs
[2025-03-25T15:39:45.722+0000] {taskinstance.py:353} INFO - Marking task as SUCCESS. dag_id=data_ingestion_postgres_dag, task_id=download_source_data, run_id=scheduled__2024-01-02T06:00:00+00:00, execution_date=20240102T060000, start_date=20250325T153937, end_date=20250325T153945
[2025-03-25T15:39:45.806+0000] {local_task_job_runner.py:266} INFO - Task exited with return code 0
[2025-03-25T15:39:45.859+0000] {taskinstance.py:3901} INFO - 1 downstream tasks scheduled from follow-on schedule check
[2025-03-25T15:39:45.868+0000] {local_task_job_runner.py:245} INFO - ::endgroup::
