[2025-03-24T12:34:56.536+0000] {local_task_job_runner.py:123} INFO - ::group::Pre task execution logs
[2025-03-24T12:34:56.697+0000] {taskinstance.py:2614} INFO - Dependencies all met for dep_context=non-requeueable deps ti=<TaskInstance: data_ingestion_postgres_dag.download_source_data scheduled__2024-01-02T06:00:00+00:00 [queued]>
[2025-03-24T12:34:56.806+0000] {taskinstance.py:2614} INFO - Dependencies all met for dep_context=requeueable deps ti=<TaskInstance: data_ingestion_postgres_dag.download_source_data scheduled__2024-01-02T06:00:00+00:00 [queued]>
[2025-03-24T12:34:56.806+0000] {taskinstance.py:2867} INFO - Starting attempt 1 of 1
[2025-03-24T12:34:56.999+0000] {taskinstance.py:2890} INFO - Executing <Task(BashOperator): download_source_data> on 2024-01-02 06:00:00+00:00
[2025-03-24T12:34:57.059+0000] {warnings.py:112} WARNING - /home/***/.local/lib/python3.12/site-packages/***/task/task_runner/standard_task_runner.py:70: DeprecationWarning: This process (pid=3112) is multi-threaded, use of fork() may lead to deadlocks in the child.
  pid = os.fork()

[2025-03-24T12:34:57.062+0000] {standard_task_runner.py:72} INFO - Started process 3136 to run task
[2025-03-24T12:34:57.123+0000] {standard_task_runner.py:104} INFO - Running: ['***', 'tasks', 'run', 'data_ingestion_postgres_dag', 'download_source_data', 'scheduled__2024-01-02T06:00:00+00:00', '--job-id', '116', '--raw', '--subdir', 'DAGS_FOLDER/data_ingestion_postgres_dag.py', '--cfg-path', '/tmp/tmpj2e6dde5']
[2025-03-24T12:34:57.125+0000] {standard_task_runner.py:105} INFO - Job 116: Subtask download_source_data
[2025-03-24T12:34:57.605+0000] {task_command.py:467} INFO - Running <TaskInstance: data_ingestion_postgres_dag.download_source_data scheduled__2024-01-02T06:00:00+00:00 [running]> on host 4791d3610749
[2025-03-24T12:34:58.747+0000] {taskinstance.py:3134} INFO - Exporting env vars: AIRFLOW_CTX_DAG_OWNER='***' AIRFLOW_CTX_DAG_ID='data_ingestion_postgres_dag' AIRFLOW_CTX_TASK_ID='download_source_data' AIRFLOW_CTX_EXECUTION_DATE='2024-01-02T06:00:00+00:00' AIRFLOW_CTX_TRY_NUMBER='1' AIRFLOW_CTX_DAG_RUN_ID='scheduled__2024-01-02T06:00:00+00:00'
[2025-03-24T12:34:58.748+0000] {taskinstance.py:732} INFO - ::endgroup::
[2025-03-24T12:34:58.953+0000] {subprocess.py:78} INFO - Tmp dir root location: /tmp
[2025-03-24T12:34:58.980+0000] {subprocess.py:88} INFO - Running command: ['/usr/bin/bash', '-c', 'echo 2024-01']
[2025-03-24T12:34:59.122+0000] {subprocess.py:99} INFO - Output:
[2025-03-24T12:34:59.127+0000] {subprocess.py:106} INFO - 2024-01
[2025-03-24T12:34:59.170+0000] {subprocess.py:110} INFO - Command exited with return code 0
[2025-03-24T12:34:59.310+0000] {taskinstance.py:341} INFO - ::group::Post task execution logs
[2025-03-24T12:34:59.320+0000] {taskinstance.py:353} INFO - Marking task as SUCCESS. dag_id=data_ingestion_postgres_dag, task_id=download_source_data, run_id=scheduled__2024-01-02T06:00:00+00:00, execution_date=20240102T060000, start_date=20250324T123456, end_date=20250324T123459
[2025-03-24T12:34:59.544+0000] {local_task_job_runner.py:266} INFO - Task exited with return code 0
[2025-03-24T12:34:59.735+0000] {taskinstance.py:3901} INFO - 1 downstream tasks scheduled from follow-on schedule check
[2025-03-24T12:34:59.757+0000] {local_task_job_runner.py:245} INFO - ::endgroup::
[2025-03-25T11:09:14.998+0000] {local_task_job_runner.py:123} INFO - ::group::Pre task execution logs
[2025-03-25T11:09:15.103+0000] {taskinstance.py:2614} INFO - Dependencies all met for dep_context=non-requeueable deps ti=<TaskInstance: data_ingestion_postgres_dag.download_source_data scheduled__2024-01-02T06:00:00+00:00 [queued]>
[2025-03-25T11:09:15.153+0000] {taskinstance.py:2614} INFO - Dependencies all met for dep_context=requeueable deps ti=<TaskInstance: data_ingestion_postgres_dag.download_source_data scheduled__2024-01-02T06:00:00+00:00 [queued]>
[2025-03-25T11:09:15.156+0000] {taskinstance.py:2867} INFO - Starting attempt 1 of 1
[2025-03-25T11:09:15.299+0000] {taskinstance.py:2890} INFO - Executing <Task(BashOperator): download_source_data> on 2024-01-02 06:00:00+00:00
[2025-03-25T11:09:15.333+0000] {warnings.py:112} WARNING - /home/***/.local/lib/python3.12/site-packages/***/task/task_runner/standard_task_runner.py:70: DeprecationWarning: This process (pid=85) is multi-threaded, use of fork() may lead to deadlocks in the child.
  pid = os.fork()

[2025-03-25T11:09:15.337+0000] {standard_task_runner.py:72} INFO - Started process 94 to run task
[2025-03-25T11:09:15.353+0000] {standard_task_runner.py:104} INFO - Running: ['***', 'tasks', 'run', 'data_ingestion_postgres_dag', 'download_source_data', 'scheduled__2024-01-02T06:00:00+00:00', '--job-id', '160', '--raw', '--subdir', 'DAGS_FOLDER/data_ingestion_postgres_dag.py', '--cfg-path', '/tmp/tmpgqb7ayq4']
[2025-03-25T11:09:15.368+0000] {standard_task_runner.py:105} INFO - Job 160: Subtask download_source_data
[2025-03-25T11:09:15.842+0000] {task_command.py:467} INFO - Running <TaskInstance: data_ingestion_postgres_dag.download_source_data scheduled__2024-01-02T06:00:00+00:00 [running]> on host 4c8ab9810a8c
[2025-03-25T11:09:16.801+0000] {taskinstance.py:3134} INFO - Exporting env vars: AIRFLOW_CTX_DAG_OWNER='***' AIRFLOW_CTX_DAG_ID='data_ingestion_postgres_dag' AIRFLOW_CTX_TASK_ID='download_source_data' AIRFLOW_CTX_EXECUTION_DATE='2024-01-02T06:00:00+00:00' AIRFLOW_CTX_TRY_NUMBER='1' AIRFLOW_CTX_DAG_RUN_ID='scheduled__2024-01-02T06:00:00+00:00'
[2025-03-25T11:09:16.803+0000] {taskinstance.py:732} INFO - ::endgroup::
[2025-03-25T11:09:17.081+0000] {subprocess.py:78} INFO - Tmp dir root location: /tmp
[2025-03-25T11:09:17.083+0000] {subprocess.py:88} INFO - Running command: ['/usr/bin/bash', '-c', 'echo 2024-01']
[2025-03-25T11:09:17.188+0000] {subprocess.py:99} INFO - Output:
[2025-03-25T11:09:17.227+0000] {subprocess.py:106} INFO - 2024-01
[2025-03-25T11:09:17.243+0000] {subprocess.py:110} INFO - Command exited with return code 0
[2025-03-25T11:09:17.380+0000] {taskinstance.py:341} INFO - ::group::Post task execution logs
[2025-03-25T11:09:17.384+0000] {taskinstance.py:353} INFO - Marking task as SUCCESS. dag_id=data_ingestion_postgres_dag, task_id=download_source_data, run_id=scheduled__2024-01-02T06:00:00+00:00, execution_date=20240102T060000, start_date=20250325T110915, end_date=20250325T110917
[2025-03-25T11:09:17.501+0000] {local_task_job_runner.py:266} INFO - Task exited with return code 0
[2025-03-25T11:09:17.632+0000] {taskinstance.py:3901} INFO - 1 downstream tasks scheduled from follow-on schedule check
[2025-03-25T11:09:17.642+0000] {local_task_job_runner.py:245} INFO - ::endgroup::
