[2025-03-24T12:35:09.247+0000] {local_task_job_runner.py:123} INFO - ::group::Pre task execution logs
[2025-03-24T12:35:09.305+0000] {taskinstance.py:2614} INFO - Dependencies all met for dep_context=non-requeueable deps ti=<TaskInstance: data_ingestion_postgres_dag.ingest scheduled__2024-09-02T06:00:00+00:00 [queued]>
[2025-03-24T12:35:09.324+0000] {taskinstance.py:2614} INFO - Dependencies all met for dep_context=requeueable deps ti=<TaskInstance: data_ingestion_postgres_dag.ingest scheduled__2024-09-02T06:00:00+00:00 [queued]>
[2025-03-24T12:35:09.325+0000] {taskinstance.py:2867} INFO - Starting attempt 1 of 1
[2025-03-24T12:35:09.352+0000] {taskinstance.py:2890} INFO - Executing <Task(BashOperator): ingest> on 2024-09-02 06:00:00+00:00
[2025-03-24T12:35:09.364+0000] {warnings.py:112} WARNING - /home/***/.local/lib/python3.12/site-packages/***/task/task_runner/standard_task_runner.py:70: DeprecationWarning: This process (pid=3195) is multi-threaded, use of fork() may lead to deadlocks in the child.
  pid = os.fork()

[2025-03-24T12:35:09.367+0000] {standard_task_runner.py:72} INFO - Started process 3226 to run task
[2025-03-24T12:35:09.377+0000] {standard_task_runner.py:104} INFO - Running: ['***', 'tasks', 'run', 'data_ingestion_postgres_dag', 'ingest', 'scheduled__2024-09-02T06:00:00+00:00', '--job-id', '141', '--raw', '--subdir', 'DAGS_FOLDER/data_ingestion_postgres_dag.py', '--cfg-path', '/tmp/tmp315arb3j']
[2025-03-24T12:35:09.379+0000] {standard_task_runner.py:105} INFO - Job 141: Subtask ingest
[2025-03-24T12:35:09.500+0000] {task_command.py:467} INFO - Running <TaskInstance: data_ingestion_postgres_dag.ingest scheduled__2024-09-02T06:00:00+00:00 [running]> on host 4791d3610749
[2025-03-24T12:35:09.715+0000] {taskinstance.py:3134} INFO - Exporting env vars: AIRFLOW_CTX_DAG_OWNER='***' AIRFLOW_CTX_DAG_ID='data_ingestion_postgres_dag' AIRFLOW_CTX_TASK_ID='ingest' AIRFLOW_CTX_EXECUTION_DATE='2024-09-02T06:00:00+00:00' AIRFLOW_CTX_TRY_NUMBER='1' AIRFLOW_CTX_DAG_RUN_ID='scheduled__2024-09-02T06:00:00+00:00'
[2025-03-24T12:35:09.716+0000] {taskinstance.py:732} INFO - ::endgroup::
[2025-03-24T12:35:09.745+0000] {subprocess.py:78} INFO - Tmp dir root location: /tmp
[2025-03-24T12:35:09.746+0000] {subprocess.py:88} INFO - Running command: ['/usr/bin/bash', '-c', 'echo "ls"']
[2025-03-24T12:35:09.767+0000] {subprocess.py:99} INFO - Output:
[2025-03-24T12:35:09.773+0000] {subprocess.py:106} INFO - ls
[2025-03-24T12:35:09.774+0000] {subprocess.py:110} INFO - Command exited with return code 0
[2025-03-24T12:35:09.876+0000] {taskinstance.py:341} INFO - ::group::Post task execution logs
[2025-03-24T12:35:09.877+0000] {taskinstance.py:353} INFO - Marking task as SUCCESS. dag_id=data_ingestion_postgres_dag, task_id=ingest, run_id=scheduled__2024-09-02T06:00:00+00:00, execution_date=20240902T060000, start_date=20250324T123509, end_date=20250324T123509
[2025-03-24T12:35:09.974+0000] {local_task_job_runner.py:266} INFO - Task exited with return code 0
[2025-03-24T12:35:10.004+0000] {taskinstance.py:3901} INFO - 0 downstream tasks scheduled from follow-on schedule check
[2025-03-24T12:35:10.006+0000] {local_task_job_runner.py:245} INFO - ::endgroup::
[2025-03-25T11:09:26.129+0000] {local_task_job_runner.py:123} INFO - ::group::Pre task execution logs
[2025-03-25T11:09:26.261+0000] {taskinstance.py:2614} INFO - Dependencies all met for dep_context=non-requeueable deps ti=<TaskInstance: data_ingestion_postgres_dag.ingest scheduled__2024-09-02T06:00:00+00:00 [queued]>
[2025-03-25T11:09:26.317+0000] {taskinstance.py:2614} INFO - Dependencies all met for dep_context=requeueable deps ti=<TaskInstance: data_ingestion_postgres_dag.ingest scheduled__2024-09-02T06:00:00+00:00 [queued]>
[2025-03-25T11:09:26.318+0000] {taskinstance.py:2867} INFO - Starting attempt 1 of 1
[2025-03-25T11:09:26.395+0000] {taskinstance.py:2890} INFO - Executing <Task(BashOperator): ingest> on 2024-09-02 06:00:00+00:00
[2025-03-25T11:09:26.456+0000] {warnings.py:112} WARNING - /home/***/.local/lib/python3.12/site-packages/***/task/task_runner/standard_task_runner.py:70: DeprecationWarning: This process (pid=150) is multi-threaded, use of fork() may lead to deadlocks in the child.
  pid = os.fork()

[2025-03-25T11:09:26.499+0000] {standard_task_runner.py:72} INFO - Started process 175 to run task
[2025-03-25T11:09:26.496+0000] {standard_task_runner.py:104} INFO - Running: ['***', 'tasks', 'run', 'data_ingestion_postgres_dag', 'ingest', 'scheduled__2024-09-02T06:00:00+00:00', '--job-id', '181', '--raw', '--subdir', 'DAGS_FOLDER/data_ingestion_postgres_dag.py', '--cfg-path', '/tmp/tmpuc6rsnx5']
[2025-03-25T11:09:26.511+0000] {standard_task_runner.py:105} INFO - Job 181: Subtask ingest
[2025-03-25T11:09:26.831+0000] {task_command.py:467} INFO - Running <TaskInstance: data_ingestion_postgres_dag.ingest scheduled__2024-09-02T06:00:00+00:00 [running]> on host 4c8ab9810a8c
[2025-03-25T11:09:27.243+0000] {taskinstance.py:3134} INFO - Exporting env vars: AIRFLOW_CTX_DAG_OWNER='***' AIRFLOW_CTX_DAG_ID='data_ingestion_postgres_dag' AIRFLOW_CTX_TASK_ID='ingest' AIRFLOW_CTX_EXECUTION_DATE='2024-09-02T06:00:00+00:00' AIRFLOW_CTX_TRY_NUMBER='1' AIRFLOW_CTX_DAG_RUN_ID='scheduled__2024-09-02T06:00:00+00:00'
[2025-03-25T11:09:27.244+0000] {taskinstance.py:732} INFO - ::endgroup::
[2025-03-25T11:09:27.367+0000] {subprocess.py:78} INFO - Tmp dir root location: /tmp
[2025-03-25T11:09:27.377+0000] {subprocess.py:88} INFO - Running command: ['/usr/bin/bash', '-c', 'echo "ls"']
[2025-03-25T11:09:27.436+0000] {subprocess.py:99} INFO - Output:
[2025-03-25T11:09:27.454+0000] {subprocess.py:106} INFO - ls
[2025-03-25T11:09:27.456+0000] {subprocess.py:110} INFO - Command exited with return code 0
[2025-03-25T11:09:27.598+0000] {taskinstance.py:341} INFO - ::group::Post task execution logs
[2025-03-25T11:09:27.606+0000] {taskinstance.py:353} INFO - Marking task as SUCCESS. dag_id=data_ingestion_postgres_dag, task_id=ingest, run_id=scheduled__2024-09-02T06:00:00+00:00, execution_date=20240902T060000, start_date=20250325T110926, end_date=20250325T110927
[2025-03-25T11:09:27.768+0000] {local_task_job_runner.py:266} INFO - Task exited with return code 0
[2025-03-25T11:09:27.802+0000] {local_task_job_runner.py:245} INFO - ::endgroup::
