[2025-04-02T11:32:25.958+0000] {local_task_job_runner.py:123} INFO - ::group::Pre task execution logs
[2025-04-02T11:32:25.998+0000] {taskinstance.py:2614} INFO - Dependencies all met for dep_context=non-requeueable deps ti=<TaskInstance: data_ingestion_gcs_parquet_dag.bigquery_external_table_task scheduled__2024-12-02T06:00:00+00:00 [queued]>
[2025-04-02T11:32:26.018+0000] {taskinstance.py:2614} INFO - Dependencies all met for dep_context=requeueable deps ti=<TaskInstance: data_ingestion_gcs_parquet_dag.bigquery_external_table_task scheduled__2024-12-02T06:00:00+00:00 [queued]>
[2025-04-02T11:32:26.019+0000] {taskinstance.py:2867} INFO - Starting attempt 1 of 1
[2025-04-02T11:32:26.048+0000] {taskinstance.py:2890} INFO - Executing <Task(BigQueryCreateExternalTableOperator): bigquery_external_table_task> on 2024-12-02 06:00:00+00:00
[2025-04-02T11:32:26.061+0000] {warnings.py:112} WARNING - /home/***/.local/lib/python3.12/site-packages/***/task/task_runner/standard_task_runner.py:70: DeprecationWarning: This process (pid=425) is multi-threaded, use of fork() may lead to deadlocks in the child.
  pid = os.fork()

[2025-04-02T11:32:26.064+0000] {standard_task_runner.py:72} INFO - Started process 433 to run task
[2025-04-02T11:32:26.071+0000] {standard_task_runner.py:104} INFO - Running: ['***', 'tasks', 'run', 'data_ingestion_gcs_parquet_dag', 'bigquery_external_table_task', 'scheduled__2024-12-02T06:00:00+00:00', '--job-id', '292', '--raw', '--subdir', 'DAGS_FOLDER/data_ingestion_gcs_parquet_dag.py', '--cfg-path', '/tmp/tmpc1mr0ghj']
[2025-04-02T11:32:26.076+0000] {standard_task_runner.py:105} INFO - Job 292: Subtask bigquery_external_table_task
[2025-04-02T11:32:26.163+0000] {task_command.py:467} INFO - Running <TaskInstance: data_ingestion_gcs_parquet_dag.bigquery_external_table_task scheduled__2024-12-02T06:00:00+00:00 [running]> on host 0f77830e7010
[2025-04-02T11:32:26.332+0000] {taskinstance.py:3134} INFO - Exporting env vars: AIRFLOW_CTX_DAG_OWNER='***' AIRFLOW_CTX_DAG_ID='data_ingestion_gcs_parquet_dag' AIRFLOW_CTX_TASK_ID='bigquery_external_table_task' AIRFLOW_CTX_EXECUTION_DATE='2024-12-02T06:00:00+00:00' AIRFLOW_CTX_TRY_NUMBER='1' AIRFLOW_CTX_DAG_RUN_ID='scheduled__2024-12-02T06:00:00+00:00'
[2025-04-02T11:32:26.335+0000] {taskinstance.py:732} INFO - ::endgroup::
[2025-04-02T11:32:26.359+0000] {crypto.py:82} WARNING - empty cryptography key - values will not be stored encrypted.
[2025-04-02T11:32:26.359+0000] {connection.py:277} WARNING - Connection schemes (type: google_cloud_platform) shall not contain '_' according to RFC3986.
[2025-04-02T11:32:26.361+0000] {base.py:84} INFO - Retrieving connection 'google_cloud_default'
[2025-04-02T11:32:26.951+0000] {taskinstance.py:341} INFO - ::group::Post task execution logs
[2025-04-02T11:32:26.952+0000] {taskinstance.py:353} INFO - Marking task as SUCCESS. dag_id=data_ingestion_gcs_parquet_dag, task_id=bigquery_external_table_task, run_id=scheduled__2024-12-02T06:00:00+00:00, execution_date=20241202T060000, start_date=20250402T113225, end_date=20250402T113226
[2025-04-02T11:32:27.017+0000] {local_task_job_runner.py:266} INFO - Task exited with return code 0
[2025-04-02T11:32:27.046+0000] {taskinstance.py:3901} INFO - 0 downstream tasks scheduled from follow-on schedule check
[2025-04-02T11:32:27.049+0000] {local_task_job_runner.py:245} INFO - ::endgroup::
