[2025-04-02T08:54:55.078+0000] {local_task_job_runner.py:123} INFO - ::group::Pre task execution logs
[2025-04-02T08:54:55.101+0000] {taskinstance.py:2614} INFO - Dependencies all met for dep_context=non-requeueable deps ti=<TaskInstance: data_ingestion_gcs_dag.download_and_unzip_dataset_task scheduled__2025-03-02T06:00:00+00:00 [queued]>
[2025-04-02T08:54:55.114+0000] {taskinstance.py:2614} INFO - Dependencies all met for dep_context=requeueable deps ti=<TaskInstance: data_ingestion_gcs_dag.download_and_unzip_dataset_task scheduled__2025-03-02T06:00:00+00:00 [queued]>
[2025-04-02T08:54:55.114+0000] {taskinstance.py:2867} INFO - Starting attempt 1 of 2
[2025-04-02T08:54:55.131+0000] {taskinstance.py:2890} INFO - Executing <Task(BashOperator): download_and_unzip_dataset_task> on 2025-03-02 06:00:00+00:00
[2025-04-02T08:54:55.141+0000] {warnings.py:112} WARNING - /home/***/.local/lib/python3.12/site-packages/***/task/task_runner/standard_task_runner.py:70: DeprecationWarning: This process (pid=1154) is multi-threaded, use of fork() may lead to deadlocks in the child.
  pid = os.fork()

[2025-04-02T08:54:55.143+0000] {standard_task_runner.py:72} INFO - Started process 1156 to run task
[2025-04-02T08:54:55.144+0000] {standard_task_runner.py:104} INFO - Running: ['***', 'tasks', 'run', 'data_ingestion_gcs_dag', 'download_and_unzip_dataset_task', 'scheduled__2025-03-02T06:00:00+00:00', '--job-id', '230', '--raw', '--subdir', 'DAGS_FOLDER/data_ingestion_gcs_parquet_dag.py', '--cfg-path', '/tmp/tmp15c3dfi2']
[2025-04-02T08:54:55.148+0000] {standard_task_runner.py:105} INFO - Job 230: Subtask download_and_unzip_dataset_task
[2025-04-02T08:54:55.216+0000] {task_command.py:467} INFO - Running <TaskInstance: data_ingestion_gcs_dag.download_and_unzip_dataset_task scheduled__2025-03-02T06:00:00+00:00 [running]> on host 7185680cfdb6
[2025-04-02T08:54:55.321+0000] {taskinstance.py:3134} INFO - Exporting env vars: AIRFLOW_CTX_DAG_OWNER='***' AIRFLOW_CTX_DAG_ID='data_ingestion_gcs_dag' AIRFLOW_CTX_TASK_ID='download_and_unzip_dataset_task' AIRFLOW_CTX_EXECUTION_DATE='2025-03-02T06:00:00+00:00' AIRFLOW_CTX_TRY_NUMBER='1' AIRFLOW_CTX_DAG_RUN_ID='scheduled__2025-03-02T06:00:00+00:00'
[2025-04-02T08:54:55.323+0000] {taskinstance.py:732} INFO - ::endgroup::
[2025-04-02T08:54:55.344+0000] {subprocess.py:78} INFO - Tmp dir root location: /tmp
[2025-04-02T08:54:55.345+0000] {subprocess.py:88} INFO - Running command: ['/usr/bin/bash', '-c', '\n        curl -sSL https://d37ci6vzurychx.cloudfront.net/trip-data/yellow_tripdata_2025-03.parquet > /opt/***/yellow_tripdata_2025-03.parquet\n        ']
[2025-04-02T08:54:55.364+0000] {subprocess.py:99} INFO - Output:
[2025-04-02T08:54:56.425+0000] {subprocess.py:110} INFO - Command exited with return code 0
[2025-04-02T08:54:56.461+0000] {taskinstance.py:341} INFO - ::group::Post task execution logs
[2025-04-02T08:54:56.462+0000] {taskinstance.py:353} INFO - Marking task as SUCCESS. dag_id=data_ingestion_gcs_dag, task_id=download_and_unzip_dataset_task, run_id=scheduled__2025-03-02T06:00:00+00:00, execution_date=20250302T060000, start_date=20250402T085455, end_date=20250402T085456
[2025-04-02T08:54:56.524+0000] {local_task_job_runner.py:266} INFO - Task exited with return code 0
[2025-04-02T08:54:56.564+0000] {taskinstance.py:3901} INFO - 1 downstream tasks scheduled from follow-on schedule check
[2025-04-02T08:54:56.566+0000] {local_task_job_runner.py:245} INFO - ::endgroup::
